[10:28:24.750][info] [#0:/home/via/.local/share/nvim/lsp_servers/sumneko_lua/extension/server/main.lua:65]: Lua Lsp startup, root: 	/home/via/.local/share/nvim/lsp_servers/sumneko_lua/extension/server
[10:28:24.773][info] [#0:/home/via/.local/share/nvim/lsp_servers/sumneko_lua/extension/server/main.lua:66]: ROOT:	/home/via/.local/share/nvim/lsp_servers/sumneko_lua/extension/server
[10:28:24.773][info] [#0:/home/via/.local/share/nvim/lsp_servers/sumneko_lua/extension/server/main.lua:67]: LOGPATH:	/home/via/.local/share/nvim/lsp_servers/sumneko_lua/extension/server/log
[10:28:24.773][info] [#0:/home/via/.local/share/nvim/lsp_servers/sumneko_lua/extension/server/main.lua:68]: METAPATH:	/home/via/.local/share/nvim/lsp_servers/sumneko_lua/extension/server/meta
[10:28:24.786][info] [#0:/home/via/.local/share/nvim/lsp_servers/sumneko_lua/extension/server/main.lua:69]: VERSION:	3.5.2
[10:28:25.712][info] [#0:script/service/service.lua:141]: 
========= Medical Examination Report =========
    --------------- Memory ---------------
        Total: 1.548 MB
        # 00 : 1.548 MB
        # 01 : 0.000 MB
        # 02 : 0.000 MB
        # 03 : 0.000 MB
        # 04 : 0.000 MB
    --------------- Coroutine ---------------
        Total:     0
        Running:   0
        Suspended: 0
        Normal:    0
        Dead:      0
    --------------- Cache ---------------
        Total: 1
        Dead:  0
    ---------------  RPC  ---------------
        Holdon:   0
        Waiting:  0
==============================================
[10:28:25.895][info] [#0:script/language.lua:137]: VSC language: nil
[10:28:25.895][info] [#0:script/language.lua:138]: LS  language: en-us
[10:28:25.896][info] [#0:script/workspace/workspace.lua:38]: Workspace init root: 	file:///home/via/.config/nvim
[10:28:25.896][info] [#0:script/workspace/workspace.lua:42]: Log path: 	/home/via/.local/share/nvim/lsp_servers/sumneko_lua/extension/server/log/file_home_via_.config_nvim.log
[10:28:25.896][info] [#0:script/workspace/workspace.lua:51]: Workspace create: 	file:///home/via/.config/nvim
[10:28:25.939][info] [#0:script/provider/provider.lua:42]: Load config from client	file:///home/via/.config/nvim
[10:28:25.940][info] [#0:script/provider/provider.lua:43]: {
  Lua = {
    diagnostics = {
      globals = { "vim" }
    },
    telemetry = {
      enable = false
    },
    workspace = {
      library = {
        ["/home/via/.config/nvim/lua"] = true,
        ["/usr/local/share/nvim/runtime/lua"] = true
      }
    }
  }
}
[10:28:25.940][info] [#0:script/provider/provider.lua:42]: Load config from client	file:///home/via/.config/nvim
[10:28:25.940][info] [#0:script/provider/provider.lua:43]: {
  Lua = {
    diagnostics = {
      globals = { "vim" }
    },
    telemetry = {
      enable = false
    },
    workspace = {
      library = {
        ["/home/via/.config/nvim/lua"] = true,
        ["/usr/local/share/nvim/runtime/lua"] = true
      }
    }
  }
}
[10:28:25.941][info] [#0:script/provider/provider.lua:42]: Load config from client	file:///home/via/.config/nvim
[10:28:25.941][info] [#0:script/provider/provider.lua:43]: {
  Lua = {
    diagnostics = {
      globals = { "vim" }
    },
    telemetry = {
      enable = false
    },
    workspace = {
      library = {
        ["/home/via/.config/nvim/lua"] = true,
        ["/usr/local/share/nvim/runtime/lua"] = true
      }
    }
  }
}
[10:28:25.941][info] [#0:script/provider/provider.lua:57]: Load config from client	fallback
[10:28:25.941][info] [#0:script/provider/provider.lua:58]: {
  Lua = {
    diagnostics = {
      globals = { "vim" }
    },
    telemetry = {
      enable = false
    },
    workspace = {
      library = {
        ["/home/via/.config/nvim/lua"] = true,
        ["/usr/local/share/nvim/runtime/lua"] = true
      }
    }
  }
}
[10:28:25.942][info] [#0:script/library.lua:207]: Init builtin library at:	file:///home/via/.config/nvim
[10:28:26.090][info] [#0:script/plugin.lua:86]: plugin path:	/home/via/.config/nvim
[10:28:26.090][warn] [#0:script/plugin.lua:101]: plugin not found:	/home/via/.config/nvim
[10:28:26.090][info] [#0:script/library.lua:207]: Init builtin library at:	nil
[10:28:26.104][info] [#0:script/provider/provider.lua:57]: Load config from client	fallback
[10:28:26.104][info] [#0:script/provider/provider.lua:58]: {
  Lua = {
    diagnostics = {
      globals = { "vim" }
    },
    telemetry = {
      enable = false
    },
    workspace = {
      library = {
        ["/home/via/.config/nvim/lua"] = true,
        ["/usr/local/share/nvim/runtime/lua"] = true
      }
    }
  }
}
[10:28:26.104][info] [#0:script/provider/provider.lua:57]: Load config from client	fallback
[10:28:26.105][info] [#0:script/provider/provider.lua:58]: {
  Lua = {
    diagnostics = {
      globals = { "vim" }
    },
    telemetry = {
      enable = false
    },
    workspace = {
      library = {
        ["/home/via/.config/nvim/lua"] = true,
        ["/usr/local/share/nvim/runtime/lua"] = true
      }
    }
  }
}
[10:28:26.105][info] [#0:script/workspace/workspace.lua:305]: Preload start:	file:///home/via/.config/nvim
[10:28:26.107][info] [#0:script/workspace/workspace.lua:311]: Scan files at:	file:///home/via/.config/nvim
[10:28:26.108][info] [#0:script/workspace/workspace.lua:305]: Preload start:	<fallback>
[10:28:26.110][info] [#0:script/workspace/workspace.lua:328]: Scan library at:	file:///home/via/.local/share/nvim/lsp_servers/sumneko_lua/extension/server/meta/Lua%205.4%20en-us%20utf8
[10:28:26.159][info] [#0:script/workspace/workspace.lua:328]: Scan library at:	file:///home/via/.config/nvim/lua
[10:28:26.190][info] [#0:script/workspace/workspace.lua:328]: Scan library at:	file:///usr/local/share/nvim/runtime/lua
[10:28:26.200][info] [#0:script/workspace/workspace.lua:328]: Scan library at:	file:///home/via/.local/share/nvim/lsp_servers/sumneko_lua/extension/server/meta/Lua%205.4%20en-us%20utf8
[10:28:26.233][info] [#0:script/workspace/workspace.lua:328]: Scan library at:	file:///home/via/.config/nvim/lua
[10:28:26.239][info] [#0:script/workspace/workspace.lua:328]: Scan library at:	file:///usr/local/share/nvim/runtime/lua
[10:28:26.245][info] [#0:script/workspace/workspace.lua:348]: Found 74 files at:	<fallback>
[10:28:26.245][info] [#0:script/workspace/loading.lua:152]: Load files from disk:	<fallback>
[10:28:26.246][info] [#0:script/workspace/workspace.lua:348]: Found 101 files at:	file:///home/via/.config/nvim
[10:28:26.246][info] [#0:script/workspace/loading.lua:152]: Load files from disk:	file:///home/via/.config/nvim
[10:28:27.853][info] [#0:script/workspace/loading.lua:164]: Loaded files takes [0.110] sec: <fallback>
[10:28:27.853][info] [#0:script/workspace/loading.lua:173]: Compile files takes [0.000] sec: <fallback>
[10:28:27.854][info] [#0:script/workspace/loading.lua:174]: Loaded finish:	<fallback>
[10:28:27.854][info] [#0:script/workspace/workspace.lua:350]: Preload finish at:	<fallback>
[10:28:27.880][info] [#0:script/workspace/loading.lua:164]: Loaded files takes [0.136] sec: file:///home/via/.config/nvim
[10:28:27.880][info] [#0:script/workspace/loading.lua:173]: Compile files takes [0.000] sec: file:///home/via/.config/nvim
[10:28:27.880][info] [#0:script/workspace/loading.lua:174]: Loaded finish:	file:///home/via/.config/nvim
[10:28:27.880][info] [#0:script/workspace/workspace.lua:350]: Preload finish at:	file:///home/via/.config/nvim
[10:28:28.655][warn] [#0:script/proto/proto.lua:122]: Response of [workspace/diagnostic/refresh] error [-32601]: MethodNotFound
[10:28:28.755][warn] [#0:script/proto/proto.lua:122]: Response of [workspace/diagnostic/refresh] error [-32601]: MethodNotFound
[10:28:29.854][info] [#0:script/provider/diagnostic.lua:486]: Diagnostics scope [<fallback>], files count:[75]
[10:28:29.854][info] [#0:script/provider/diagnostic.lua:486]: Diagnostics scope [file:///home/via/.config/nvim], files count:[75]
[10:28:31.477][info] [#0:script/provider/diagnostic.lua:503]: Diagnostics scope [<fallback>] finished, takes [0.549] sec.
[10:28:31.477][info] [#0:script/provider/diagnostic.lua:503]: Diagnostics scope [file:///home/via/.config/nvim] finished, takes [0.548] sec.
[10:28:39.183][info] [#0:script/provider/diagnostic.lua:486]: Diagnostics scope [file:///home/via/.config/nvim], files count:[75]
[10:28:39.791][info] [#0:script/provider/diagnostic.lua:486]: Diagnostics scope [file:///home/via/.config/nvim], files count:[75]
[10:28:39.926][info] [#0:script/provider/diagnostic.lua:503]: Diagnostics scope [file:///home/via/.config/nvim] finished, takes [0.133] sec.
[10:28:40.339][info] [#0:script/provider/diagnostic.lua:486]: Diagnostics scope [file:///home/via/.config/nvim], files count:[75]
[10:28:40.478][info] [#0:script/provider/diagnostic.lua:503]: Diagnostics scope [file:///home/via/.config/nvim] finished, takes [0.138] sec.
[10:28:40.790][info] [#0:script/provider/diagnostic.lua:486]: Diagnostics scope [file:///home/via/.config/nvim], files count:[75]
[10:28:41.083][info] [#0:script/provider/diagnostic.lua:486]: Diagnostics scope [file:///home/via/.config/nvim], files count:[75]
[10:28:41.361][info] [#0:script/provider/diagnostic.lua:486]: Diagnostics scope [file:///home/via/.config/nvim], files count:[75]
[10:28:41.361][info] [#0:script/provider/diagnostic.lua:486]: Diagnostics scope [file:///home/via/.config/nvim], files count:[75]
[10:28:42.197][info] [#0:script/provider/diagnostic.lua:486]: Diagnostics scope [file:///home/via/.config/nvim], files count:[75]
[10:28:42.318][info] [#0:script/provider/diagnostic.lua:486]: Diagnostics scope [file:///home/via/.config/nvim], files count:[75]
[10:28:42.470][info] [#0:script/provider/diagnostic.lua:503]: Diagnostics scope [file:///home/via/.config/nvim] finished, takes [0.150] sec.
[10:28:42.583][info] [#0:script/provider/diagnostic.lua:486]: Diagnostics scope [file:///home/via/.config/nvim], files count:[75]
[10:28:42.738][info] [#0:script/provider/diagnostic.lua:503]: Diagnostics scope [file:///home/via/.config/nvim] finished, takes [0.154] sec.
[10:28:43.970][info] [#0:script/provider/diagnostic.lua:486]: Diagnostics scope [file:///home/via/.config/nvim], files count:[75]
[10:28:44.123][info] [#0:script/provider/diagnostic.lua:503]: Diagnostics scope [file:///home/via/.config/nvim] finished, takes [0.152] sec.
[10:28:45.167][info] [#0:script/provider/diagnostic.lua:486]: Diagnostics scope [file:///home/via/.config/nvim], files count:[75]
[10:28:45.300][info] [#0:script/provider/diagnostic.lua:486]: Diagnostics scope [file:///home/via/.config/nvim], files count:[75]
[10:28:45.665][info] [#0:script/provider/diagnostic.lua:486]: Diagnostics scope [file:///home/via/.config/nvim], files count:[75]
[10:28:47.858][info] [#0:script/workspace/workspace.lua:265]: Scan files at:	file:///home/via/.config/nvim/lua/user/alpha.lua
[10:28:47.859][info] [#0:script/workspace/loading.lua:152]: Load files from disk:	file:///home/via/.config/nvim
[10:28:47.859][info] [#0:script/workspace/loading.lua:164]: Loaded files takes [0.000] sec: file:///home/via/.config/nvim
[10:28:47.859][info] [#0:script/workspace/loading.lua:173]: Compile files takes [0.000] sec: file:///home/via/.config/nvim
[10:28:47.859][info] [#0:script/workspace/loading.lua:174]: Loaded finish:	file:///home/via/.config/nvim
[10:28:48.860][info] [#0:script/provider/provider.lua:168]: Server shutdown.
[10:28:48.862][info] [#0:script/provider/diagnostic.lua:486]: Diagnostics scope [file:///home/via/.config/nvim], files count:[75]
[10:28:48.862][info] [#0:script/provider/provider.lua:161]: Server exited.
