[21:16:48.887][info] [#0:/home/via/.local/share/nvim/mason/packages/lua-language-server/extension/server/main.lua:66]: Lua Lsp startup, root: 	/home/via/.local/share/nvim/mason/packages/lua-language-server/extension/server
[21:16:48.887][info] [#0:/home/via/.local/share/nvim/mason/packages/lua-language-server/extension/server/main.lua:67]: ROOT:	/home/via/.local/share/nvim/mason/packages/lua-language-server/extension/server
[21:16:48.887][info] [#0:/home/via/.local/share/nvim/mason/packages/lua-language-server/extension/server/main.lua:68]: LOGPATH:	/home/via/.local/share/nvim/mason/packages/lua-language-server/extension/server/log
[21:16:48.887][info] [#0:/home/via/.local/share/nvim/mason/packages/lua-language-server/extension/server/main.lua:69]: METAPATH:	/home/via/.local/share/nvim/mason/packages/lua-language-server/extension/server/meta
[21:16:48.887][info] [#0:/home/via/.local/share/nvim/mason/packages/lua-language-server/extension/server/main.lua:70]: VERSION:	3.6.18
[21:16:48.925][info] [#0:script/service/service.lua:144]: 
========= Medical Examination Report =========
    --------------- Memory ---------------
        Total: 2.113 MB
        # 00 : 2.113 MB
        # 01 : 0.000 MB
        # 02 : 0.000 MB
        # 03 : 0.000 MB
        # 04 : 0.000 MB
    --------------- Coroutine ---------------
        Total:     0
        Running:   0
        Suspended: 0
        Normal:    0
        Dead:      0
    --------------- Cache ---------------
        Total: 1
        Dead:  0
    ---------------  RPC  ---------------
        Holdon:   0
        Waiting:  0
==============================================
[21:16:48.936][info] [#0:script/client.lua:657]: Client init	{
  capabilities = {
    callHierarchy = {
      dynamicRegistration = false
    },
    textDocument = {
      codeAction = {
        codeActionLiteralSupport = {
          codeActionKind = {
            valueSet = { "", "Empty", "QuickFix", "Refactor", "RefactorExtract", "RefactorInline", "RefactorRewrite", "Source", "SourceOrganizeImports", "quickfix", "refactor", "refactor.extract", "refactor.inline", "refactor.rewrite", "source", "source.organizeImports" }
          }
        },
        dataSupport = true,
        dynamicRegistration = false,
        isPreferredSupport = true,
        resolveSupport = {
          properties = { "edit" }
        }
      },
      completion = {
        completionItem = {
          commitCharactersSupport = true,
          deprecatedSupport = true,
          documentationFormat = { "markdown", "plaintext" },
          insertReplaceSupport = true,
          labelDetailsSupport = true,
          preselectSupport = true,
          resolveSupport = {
            properties = { "documentation", "detail", "additionalTextEdits" }
          },
          snippetSupport = true,
          tagSupport = {
            valueSet = { 1 }
          }
        },
        completionItemKind = {
          valueSet = { 1, 2, 3, 4, 5, 6, 7, 8, 9, 10, 11, 12, 13, 14, 15, 16, 17, 18, 19, 20, 21, 22, 23, 24, 25 }
        },
        contextSupport = false,
        dynamicRegistration = false
      },
      declaration = {
        linkSupport = true
      },
      definition = {
        linkSupport = true
      },
      documentHighlight = {
        dynamicRegistration = false
      },
      documentSymbol = {
        dynamicRegistration = false,
        hierarchicalDocumentSymbolSupport = true,
        symbolKind = {
          valueSet = { 1, 2, 3, 4, 5, 6, 7, 8, 9, 10, 11, 12, 13, 14, 15, 16, 17, 18, 19, 20, 21, 22, 23, 24, 25, 26 }
        }
      },
      hover = {
        contentFormat = { "markdown", "plaintext" },
        dynamicRegistration = false
      },
      implementation = {
        linkSupport = true
      },
      publishDiagnostics = {
        relatedInformation = true,
        tagSupport = {
          valueSet = { 1, 2 }
        }
      },
      references = {
        dynamicRegistration = false
      },
      rename = {
        dynamicRegistration = false,
        prepareSupport = true
      },
      signatureHelp = {
        dynamicRegistration = false,
        signatureInformation = {
          activeParameterSupport = true,
          documentationFormat = { "markdown", "plaintext" },
          parameterInformation = {
            labelOffsetSupport = true
          }
        }
      },
      synchronization = {
        didSave = true,
        dynamicRegistration = false,
        willSave = false,
        willSaveWaitUntil = false
      },
      typeDefinition = {
        linkSupport = true
      }
    },
    window = {
      showDocument = {
        support = false
      },
      showMessage = {
        messageActionItem = {
          additionalPropertiesSupport = false
        }
      },
      workDoneProgress = true
    },
    workspace = {
      applyEdit = true,
      configuration = true,
      symbol = {
        dynamicRegistration = false,
        hierarchicalWorkspaceSymbolSupport = true,
        symbolKind = {
          valueSet = { 1, 2, 3, 4, 5, 6, 7, 8, 9, 10, 11, 12, 13, 14, 15, 16, 17, 18, 19, 20, 21, 22, 23, 24, 25, 26 }
        }
      },
      workspaceEdit = {
        resourceOperations = { "rename", "create", "delete" }
      },
      workspaceFolders = true
    }
  },
  clientInfo = {
    name = "Neovim",
    version = "0.8.1"
  },
  initializationOptions = {},
  processId = 35931,
  rootPath = "/home/via/.local/share/nvim/site/pack/packer/start/neodark.nvim",
  rootUri = "file:///home/via/.local/share/nvim/site/pack/packer/start/neodark.nvim",
  trace = "off",
  workspaceFolders = { {
      name = "/home/via/.local/share/nvim/site/pack/packer/start/neodark.nvim",
      uri = "file:///home/via/.local/share/nvim/site/pack/packer/start/neodark.nvim"
    } }
}
[21:16:48.936][info] [#0:script/language.lua:137]: VSC language: nil
[21:16:48.936][info] [#0:script/language.lua:138]: LS  language: en-us
[21:16:48.936][info] [#0:script/workspace/workspace.lua:38]: Workspace init root: 	file:///home/via/.local/share/nvim/site/pack/packer/start/neodark.nvim
[21:16:48.936][info] [#0:script/workspace/workspace.lua:42]: Log path: 	/home/via/.local/share/nvim/mason/packages/lua-language-server/extension/server/log/file_home_via_.local_share_nvim_site_pack_packer_start_neodark.nvim.log
[21:16:48.937][info] [#0:script/workspace/workspace.lua:48]: Workspace create: 	file:///home/via/.local/share/nvim/site/pack/packer/start/neodark.nvim
[21:16:49.040][info] [#0:script/provider/provider.lua:46]: Load config from client	file:///home/via/.local/share/nvim/site/pack/packer/start/neodark.nvim
[21:16:49.040][info] [#0:script/provider/provider.lua:47]: {
  Lua = {
    diagnostics = {
      globals = { "vim" }
    },
    telemetry = {
      enable = false
    },
    workspace = {
      library = {
        ["/home/via/.config/nvim/lua"] = true,
        ["/home/via/.local/share/bob/v0.8.1/nvim-linux64/share/nvim/runtime/lua"] = true
      }
    }
  }
}
[21:16:49.041][info] [#0:script/provider/provider.lua:46]: Load config from client	file:///home/via/.local/share/nvim/site/pack/packer/start/neodark.nvim
[21:16:49.041][info] [#0:script/provider/provider.lua:47]: {
  Lua = {
    diagnostics = {
      globals = { "vim" }
    },
    telemetry = {
      enable = false
    },
    workspace = {
      library = {
        ["/home/via/.config/nvim/lua"] = true,
        ["/home/via/.local/share/bob/v0.8.1/nvim-linux64/share/nvim/runtime/lua"] = true
      }
    }
  }
}
[21:16:49.041][info] [#0:script/provider/provider.lua:46]: Load config from client	file:///home/via/.local/share/nvim/site/pack/packer/start/neodark.nvim
[21:16:49.041][info] [#0:script/provider/provider.lua:47]: {
  Lua = {
    diagnostics = {
      globals = { "vim" }
    },
    telemetry = {
      enable = false
    },
    workspace = {
      library = {
        ["/home/via/.config/nvim/lua"] = true,
        ["/home/via/.local/share/bob/v0.8.1/nvim-linux64/share/nvim/runtime/lua"] = true
      }
    }
  }
}
[21:16:49.042][info] [#0:script/provider/provider.lua:61]: Load config from client	fallback
[21:16:49.042][info] [#0:script/provider/provider.lua:62]: {
  Lua = {
    diagnostics = {
      globals = { "vim" }
    },
    telemetry = {
      enable = false
    },
    workspace = {
      library = {
        ["/home/via/.config/nvim/lua"] = true,
        ["/home/via/.local/share/bob/v0.8.1/nvim-linux64/share/nvim/runtime/lua"] = true
      }
    }
  }
}
[21:16:49.042][info] [#0:script/library.lua:212]: Init builtin library at:	file:///home/via/.local/share/nvim/site/pack/packer/start/neodark.nvim
[21:16:49.092][info] [#0:script/plugin.lua:86]: plugin path:	/home/via/.local/share/nvim/site/pack/packer/start/neodark.nvim
[21:16:49.092][warn] [#0:script/plugin.lua:101]: plugin not found:	/home/via/.local/share/nvim/site/pack/packer/start/neodark.nvim
[21:16:49.092][info] [#0:script/library.lua:212]: Init builtin library at:	nil
[21:16:49.108][info] [#0:script/provider/provider.lua:61]: Load config from client	fallback
[21:16:49.108][info] [#0:script/provider/provider.lua:62]: {
  Lua = {
    diagnostics = {
      globals = { "vim" }
    },
    telemetry = {
      enable = false
    },
    workspace = {
      library = {
        ["/home/via/.config/nvim/lua"] = true,
        ["/home/via/.local/share/bob/v0.8.1/nvim-linux64/share/nvim/runtime/lua"] = true
      }
    }
  }
}
[21:16:49.108][info] [#0:script/provider/provider.lua:61]: Load config from client	fallback
[21:16:49.108][info] [#0:script/provider/provider.lua:62]: {
  Lua = {
    diagnostics = {
      globals = { "vim" }
    },
    telemetry = {
      enable = false
    },
    workspace = {
      library = {
        ["/home/via/.config/nvim/lua"] = true,
        ["/home/via/.local/share/bob/v0.8.1/nvim-linux64/share/nvim/runtime/lua"] = true
      }
    }
  }
}
[21:16:49.209][info] [#0:script/workspace/workspace.lua:322]: Preload start:	file:///home/via/.local/share/nvim/site/pack/packer/start/neodark.nvim
[21:16:49.214][info] [#0:script/workspace/workspace.lua:328]: Scan files at:	file:///home/via/.local/share/nvim/site/pack/packer/start/neodark.nvim
[21:16:49.217][info] [#0:script/workspace/workspace.lua:322]: Preload start:	<fallback>
[21:16:49.221][info] [#0:script/workspace/workspace.lua:351]: Scan library at:	file:///home/via/.local/share/nvim/mason/packages/lua-language-server/extension/server/meta/Lua%205.4%20en-us%20utf8/coroutine.lua
[21:16:49.221][info] [#0:script/workspace/workspace.lua:351]: Scan library at:	file:///home/via/.local/share/nvim/mason/packages/lua-language-server/extension/server/meta/Lua%205.4%20en-us%20utf8/table.lua
[21:16:49.221][info] [#0:script/workspace/workspace.lua:351]: Scan library at:	file:///home/via/.local/share/nvim/mason/packages/lua-language-server/extension/server/meta/Lua%205.4%20en-us%20utf8/string.lua
[21:16:49.222][info] [#0:script/workspace/workspace.lua:351]: Scan library at:	file:///home/via/.local/share/bob/v0.8.1/nvim-linux64/share/nvim/runtime/lua
[21:16:49.228][info] [#0:script/workspace/workspace.lua:351]: Scan library at:	file:///home/via/.local/share/nvim/mason/packages/lua-language-server/extension/server/meta/Lua%205.4%20en-us%20utf8/coroutine.lua
[21:16:49.229][info] [#0:script/workspace/workspace.lua:351]: Scan library at:	file:///home/via/.local/share/nvim/mason/packages/lua-language-server/extension/server/meta/Lua%205.4%20en-us%20utf8/table.lua
[21:16:49.229][info] [#0:script/workspace/workspace.lua:351]: Scan library at:	file:///home/via/.local/share/nvim/mason/packages/lua-language-server/extension/server/meta/Lua%205.4%20en-us%20utf8/string.lua
[21:16:49.229][info] [#0:script/workspace/workspace.lua:351]: Scan library at:	file:///home/via/.local/share/bob/v0.8.1/nvim-linux64/share/nvim/runtime/lua
[21:16:49.231][info] [#0:script/workspace/workspace.lua:351]: Scan library at:	file:///home/via/.local/share/nvim/mason/packages/lua-language-server/extension/server/meta/Lua%205.4%20en-us%20utf8/builtin.lua
[21:16:49.232][info] [#0:script/workspace/workspace.lua:351]: Scan library at:	file:///home/via/.local/share/nvim/mason/packages/lua-language-server/extension/server/meta/Lua%205.4%20en-us%20utf8/math.lua
[21:16:49.232][info] [#0:script/workspace/workspace.lua:351]: Scan library at:	file:///home/via/.local/share/nvim/mason/packages/lua-language-server/extension/server/meta/Lua%205.4%20en-us%20utf8/basic.lua
[21:16:49.233][info] [#0:script/workspace/workspace.lua:351]: Scan library at:	file:///home/via/.config/nvim/lua
[21:16:49.237][info] [#0:script/workspace/workspace.lua:351]: Scan library at:	file:///home/via/.local/share/nvim/mason/packages/lua-language-server/extension/server/meta/Lua%205.4%20en-us%20utf8/utf8.lua
[21:16:49.238][info] [#0:script/workspace/workspace.lua:351]: Scan library at:	file:///home/via/.local/share/nvim/mason/packages/lua-language-server/extension/server/meta/Lua%205.4%20en-us%20utf8/package.lua
[21:16:49.238][info] [#0:script/workspace/workspace.lua:351]: Scan library at:	file:///home/via/.local/share/nvim/mason/packages/lua-language-server/extension/server/meta/Lua%205.4%20en-us%20utf8/io.lua
[21:16:49.238][info] [#0:script/workspace/workspace.lua:351]: Scan library at:	file:///home/via/.local/share/nvim/mason/packages/lua-language-server/extension/server/meta/Lua%205.4%20en-us%20utf8/builtin.lua
[21:16:49.238][info] [#0:script/workspace/workspace.lua:351]: Scan library at:	file:///home/via/.local/share/nvim/mason/packages/lua-language-server/extension/server/meta/Lua%205.4%20en-us%20utf8/debug.lua
[21:16:49.238][info] [#0:script/workspace/workspace.lua:351]: Scan library at:	file:///home/via/.local/share/nvim/mason/packages/lua-language-server/extension/server/meta/Lua%205.4%20en-us%20utf8/math.lua
[21:16:49.238][info] [#0:script/workspace/workspace.lua:351]: Scan library at:	file:///home/via/.local/share/nvim/mason/packages/lua-language-server/extension/server/meta/Lua%205.4%20en-us%20utf8/os.lua
[21:16:49.239][info] [#0:script/workspace/workspace.lua:351]: Scan library at:	file:///home/via/.local/share/nvim/mason/packages/lua-language-server/extension/server/meta/Lua%205.4%20en-us%20utf8/basic.lua
[21:16:49.239][info] [#0:script/workspace/workspace.lua:351]: Scan library at:	file:///home/via/.config/nvim/lua
[21:16:49.240][info] [#0:script/workspace/workspace.lua:351]: Scan library at:	file:///home/via/.local/share/nvim/mason/packages/lua-language-server/extension/server/meta/Lua%205.4%20en-us%20utf8/utf8.lua
[21:16:49.241][info] [#0:script/workspace/workspace.lua:351]: Scan library at:	file:///home/via/.local/share/nvim/mason/packages/lua-language-server/extension/server/meta/Lua%205.4%20en-us%20utf8/package.lua
[21:16:49.241][info] [#0:script/workspace/workspace.lua:351]: Scan library at:	file:///home/via/.local/share/nvim/mason/packages/lua-language-server/extension/server/meta/Lua%205.4%20en-us%20utf8/io.lua
[21:16:49.241][info] [#0:script/workspace/workspace.lua:351]: Scan library at:	file:///home/via/.local/share/nvim/mason/packages/lua-language-server/extension/server/meta/Lua%205.4%20en-us%20utf8/debug.lua
[21:16:49.241][info] [#0:script/workspace/workspace.lua:351]: Scan library at:	file:///home/via/.local/share/nvim/mason/packages/lua-language-server/extension/server/meta/Lua%205.4%20en-us%20utf8/os.lua
[21:16:49.342][info] [#0:script/workspace/workspace.lua:377]: Found 77 files at:	<fallback>
[21:16:49.342][info] [#0:script/workspace/loading.lua:161]: Load files from disk:	<fallback>
[21:16:49.342][info] [#0:script/workspace/workspace.lua:377]: Found 101 files at:	file:///home/via/.local/share/nvim/site/pack/packer/start/neodark.nvim
[21:16:49.342][info] [#0:script/workspace/loading.lua:161]: Load files from disk:	file:///home/via/.local/share/nvim/site/pack/packer/start/neodark.nvim
[21:16:49.345][info] [#0:script/workspace/loading.lua:101]: Preload file at: file:///home/via/.local/share/nvim/mason/packages/lua-language-server/extension/server/meta/Lua%205.4%20en-us%20utf8/os.lua , size = 4.347 KB
[21:16:49.369][info] [#0:script/workspace/loading.lua:113]: ++++As library of:	file:///home/via/.local/share/nvim/mason/packages/lua-language-server/extension/server/meta/Lua%205.4%20en-us%20utf8/os.lua
[21:16:49.369][info] [#0:script/workspace/loading.lua:101]: Preload file at: file:///home/via/.local/share/nvim/mason/packages/lua-language-server/extension/server/meta/Lua%205.4%20en-us%20utf8/debug.lua , size = 7.637 KB
[21:16:49.382][info] [#0:script/workspace/loading.lua:113]: ++++As library of:	file:///home/via/.local/share/nvim/mason/packages/lua-language-server/extension/server/meta/Lua%205.4%20en-us%20utf8/debug.lua
[21:16:49.382][info] [#0:script/workspace/loading.lua:98]: Skip loaded file: file:///home/via/.local/share/nvim/mason/packages/lua-language-server/extension/server/meta/Lua%205.4%20en-us%20utf8/debug.lua
[21:16:49.382][info] [#0:script/workspace/loading.lua:101]: Preload file at: file:///home/via/.local/share/nvim/mason/packages/lua-language-server/extension/server/meta/Lua%205.4%20en-us%20utf8/io.lua , size = 6.364 KB
[21:16:49.390][info] [#0:script/workspace/loading.lua:113]: ++++As library of:	file:///home/via/.local/share/nvim/mason/packages/lua-language-server/extension/server/meta/Lua%205.4%20en-us%20utf8/io.lua
[21:16:49.390][info] [#0:script/workspace/loading.lua:98]: Skip loaded file: file:///home/via/.local/share/nvim/mason/packages/lua-language-server/extension/server/meta/Lua%205.4%20en-us%20utf8/os.lua
[21:16:49.390][info] [#0:script/workspace/loading.lua:98]: Skip loaded file: file:///home/via/.local/share/nvim/mason/packages/lua-language-server/extension/server/meta/Lua%205.4%20en-us%20utf8/io.lua
[21:16:49.390][info] [#0:script/workspace/loading.lua:101]: Preload file at: file:///home/via/.local/share/nvim/mason/packages/lua-language-server/extension/server/meta/Lua%205.4%20en-us%20utf8/package.lua , size = 2.944 KB
[21:16:49.397][info] [#0:script/workspace/loading.lua:113]: ++++As library of:	file:///home/via/.local/share/nvim/mason/packages/lua-language-server/extension/server/meta/Lua%205.4%20en-us%20utf8/package.lua
[21:16:49.397][info] [#0:script/workspace/loading.lua:98]: Skip loaded file: file:///home/via/.local/share/nvim/mason/packages/lua-language-server/extension/server/meta/Lua%205.4%20en-us%20utf8/package.lua
[21:16:49.397][info] [#0:script/workspace/loading.lua:101]: Preload file at: file:///home/via/.local/share/nvim/mason/packages/lua-language-server/extension/server/meta/Lua%205.4%20en-us%20utf8/utf8.lua , size = 2.386 KB
[21:16:49.399][info] [#0:script/workspace/loading.lua:113]: ++++As library of:	file:///home/via/.local/share/nvim/mason/packages/lua-language-server/extension/server/meta/Lua%205.4%20en-us%20utf8/utf8.lua
[21:16:49.399][info] [#0:script/workspace/loading.lua:98]: Skip loaded file: file:///home/via/.local/share/nvim/mason/packages/lua-language-server/extension/server/meta/Lua%205.4%20en-us%20utf8/utf8.lua
[21:16:49.399][info] [#0:script/workspace/loading.lua:101]: Preload file at: file:///home/via/.config/nvim/lua/user/keymaps.lua , size = 1.898 KB
[21:16:49.402][info] [#0:script/workspace/loading.lua:113]: ++++As library of:	file:///home/via/.config/nvim/lua
[21:16:49.402][info] [#0:script/workspace/loading.lua:98]: Skip loaded file: file:///home/via/.config/nvim/lua/user/keymaps.lua
[21:16:49.402][info] [#0:script/workspace/loading.lua:101]: Preload file at: file:///home/via/.config/nvim/lua/user/cmp.lua , size = 3.360 KB
[21:16:49.406][info] [#0:script/workspace/loading.lua:113]: ++++As library of:	file:///home/via/.config/nvim/lua
[21:16:49.406][info] [#0:script/workspace/loading.lua:98]: Skip loaded file: file:///home/via/.config/nvim/lua/user/cmp.lua
[21:16:49.406][info] [#0:script/workspace/loading.lua:101]: Preload file at: file:///home/via/.config/nvim/lua/user/project.lua , size = 1.792 KB
[21:16:49.408][info] [#0:script/workspace/loading.lua:113]: ++++As library of:	file:///home/via/.config/nvim/lua
[21:16:49.408][info] [#0:script/workspace/loading.lua:98]: Skip loaded file: file:///home/via/.config/nvim/lua/user/project.lua
[21:16:49.408][info] [#0:script/workspace/loading.lua:101]: Preload file at: file:///home/via/.config/nvim/lua/user/alpha.lua , size = 2.309 KB
[21:16:49.410][info] [#0:script/workspace/loading.lua:113]: ++++As library of:	file:///home/via/.config/nvim/lua
[21:16:49.410][info] [#0:script/workspace/loading.lua:101]: Preload file at: file:///home/via/.config/nvim/lua/user/whichkey.lua , size = 7.328 KB
[21:16:49.415][info] [#0:script/workspace/loading.lua:113]: ++++As library of:	file:///home/via/.config/nvim/lua
[21:16:49.415][info] [#0:script/workspace/loading.lua:98]: Skip loaded file: file:///home/via/.config/nvim/lua/user/whichkey.lua
[21:16:49.415][info] [#0:script/workspace/loading.lua:98]: Skip loaded file: file:///home/via/.config/nvim/lua/user/alpha.lua
[21:16:49.415][info] [#0:script/workspace/loading.lua:101]: Preload file at: file:///home/via/.config/nvim/lua/user/bufferline.lua , size = 6.269 KB
[21:16:49.423][info] [#0:script/workspace/loading.lua:113]: ++++As library of:	file:///home/via/.config/nvim/lua
[21:16:49.423][info] [#0:script/workspace/loading.lua:101]: Preload file at: file:///home/via/.config/nvim/lua/user/colorscheme.lua , size = 0.057 KB
[21:16:49.424][info] [#0:script/workspace/loading.lua:113]: ++++As library of:	file:///home/via/.config/nvim/lua
[21:16:49.424][info] [#0:script/workspace/loading.lua:98]: Skip loaded file: file:///home/via/.config/nvim/lua/user/colorscheme.lua
[21:16:49.424][info] [#0:script/workspace/loading.lua:98]: Skip loaded file: file:///home/via/.config/nvim/lua/user/bufferline.lua
[21:16:49.424][info] [#0:script/workspace/loading.lua:101]: Preload file at: file:///home/via/.config/nvim/lua/user/autopairs.lua , size = 0.885 KB
[21:16:49.425][info] [#0:script/workspace/loading.lua:113]: ++++As library of:	file:///home/via/.config/nvim/lua
[21:16:49.425][info] [#0:script/workspace/loading.lua:101]: Preload file at: file:///home/via/.config/nvim/lua/user/treesitter.lua , size = 0.618 KB
[21:16:49.426][info] [#0:script/workspace/loading.lua:113]: ++++As library of:	file:///home/via/.config/nvim/lua
[21:16:49.426][info] [#0:script/workspace/loading.lua:98]: Skip loaded file: file:///home/via/.config/nvim/lua/user/autopairs.lua
[21:16:49.426][info] [#0:script/workspace/loading.lua:98]: Skip loaded file: file:///home/via/.config/nvim/lua/user/treesitter.lua
[21:16:49.426][info] [#0:script/workspace/loading.lua:101]: Preload file at: file:///home/via/.config/nvim/lua/user/gitsigns.lua , size = 1.619 KB
[21:16:49.427][info] [#0:script/workspace/loading.lua:113]: ++++As library of:	file:///home/via/.config/nvim/lua
[21:16:49.427][info] [#0:script/workspace/loading.lua:101]: Preload file at: file:///home/via/.config/nvim/lua/user/nvim-notify.lua , size = 0.316 KB
[21:16:49.428][info] [#0:script/workspace/loading.lua:113]: ++++As library of:	file:///home/via/.config/nvim/lua
[21:16:49.428][info] [#0:script/workspace/loading.lua:98]: Skip loaded file: file:///home/via/.config/nvim/lua/user/gitsigns.lua
[21:16:49.428][info] [#0:script/workspace/loading.lua:98]: Skip loaded file: file:///home/via/.config/nvim/lua/user/nvim-notify.lua
[21:16:49.428][info] [#0:script/workspace/loading.lua:101]: Preload file at: file:///home/via/.config/nvim/lua/user/autocommands.lua , size = 0.944 KB
[21:16:49.429][info] [#0:script/workspace/loading.lua:113]: ++++As library of:	file:///home/via/.config/nvim/lua
[21:16:49.429][info] [#0:script/workspace/loading.lua:98]: Skip loaded file: file:///home/via/.config/nvim/lua/user/autocommands.lua
[21:16:49.429][info] [#0:script/workspace/loading.lua:101]: Preload file at: file:///home/via/.config/nvim/lua/user/nvim-tree.lua , size = 1.377 KB
[21:16:49.431][info] [#0:script/workspace/loading.lua:113]: ++++As library of:	file:///home/via/.config/nvim/lua
[21:16:49.431][info] [#0:script/workspace/loading.lua:98]: Skip loaded file: file:///home/via/.config/nvim/lua/user/nvim-tree.lua
[21:16:49.431][info] [#0:script/workspace/loading.lua:101]: Preload file at: file:///home/via/.config/nvim/lua/user/lualine.lua , size = 2.434 KB
[21:16:49.433][info] [#0:script/workspace/loading.lua:113]: ++++As library of:	file:///home/via/.config/nvim/lua
[21:16:49.433][info] [#0:script/workspace/loading.lua:101]: Preload file at: file:///home/via/.config/nvim/lua/user/impatient.lua , size = 0.117 KB
[21:16:49.434][info] [#0:script/workspace/loading.lua:113]: ++++As library of:	file:///home/via/.config/nvim/lua
[21:16:49.434][info] [#0:script/workspace/loading.lua:98]: Skip loaded file: file:///home/via/.config/nvim/lua/user/lualine.lua
[21:16:49.434][info] [#0:script/workspace/loading.lua:89]: Skip loaded file: file:///home/via/.config/nvim/lua/user/impatient.lua
[21:16:49.434][info] [#0:script/workspace/loading.lua:113]: ++++As library of:	file:///home/via/.config/nvim/lua
[21:16:49.434][info] [#0:script/workspace/loading.lua:101]: Preload file at: file:///home/via/.config/nvim/lua/user/comment.lua , size = 0.847 KB
[21:16:49.435][info] [#0:script/workspace/loading.lua:113]: ++++As library of:	file:///home/via/.config/nvim/lua
[21:16:49.435][info] [#0:script/workspace/loading.lua:98]: Skip loaded file: file:///home/via/.config/nvim/lua/user/comment.lua
[21:16:49.435][info] [#0:script/workspace/loading.lua:101]: Preload file at: file:///home/via/.config/nvim/lua/user/prettier.lua , size = 0.889 KB
[21:16:49.436][info] [#0:script/workspace/loading.lua:113]: ++++As library of:	file:///home/via/.config/nvim/lua
[21:16:49.436][info] [#0:script/workspace/loading.lua:98]: Skip loaded file: file:///home/via/.config/nvim/lua/user/prettier.lua
[21:16:49.437][info] [#0:script/workspace/loading.lua:101]: Preload file at: file:///home/via/.config/nvim/lua/user/telescope.lua , size = 3.030 KB
[21:16:49.439][info] [#0:script/workspace/loading.lua:113]: ++++As library of:	file:///home/via/.config/nvim/lua
[21:16:49.439][info] [#0:script/workspace/loading.lua:98]: Skip loaded file: file:///home/via/.config/nvim/lua/user/telescope.lua
[21:16:49.439][info] [#0:script/workspace/loading.lua:101]: Preload file at: file:///home/via/.config/nvim/lua/user/options.lua , size = 4.033 KB
[21:16:49.442][info] [#0:script/workspace/loading.lua:113]: ++++As library of:	file:///home/via/.config/nvim/lua
[21:16:49.442][info] [#0:script/workspace/loading.lua:101]: Preload file at: file:///home/via/.config/nvim/lua/user/toggleterm.lua , size = 1.643 KB
[21:16:49.446][info] [#0:script/workspace/loading.lua:113]: ++++As library of:	file:///home/via/.config/nvim/lua
[21:16:49.446][info] [#0:script/workspace/loading.lua:98]: Skip loaded file: file:///home/via/.config/nvim/lua/user/options.lua
[21:16:49.446][info] [#0:script/workspace/loading.lua:89]: Skip loaded file: file:///home/via/.config/nvim/lua/user/toggleterm.lua
[21:16:49.447][info] [#0:script/workspace/loading.lua:113]: ++++As library of:	file:///home/via/.config/nvim/lua
[21:16:49.447][info] [#0:script/workspace/loading.lua:101]: Preload file at: file:///home/via/.config/nvim/lua/user/indentline.lua , size = 1.957 KB
[21:16:49.451][info] [#0:script/workspace/loading.lua:113]: ++++As library of:	file:///home/via/.config/nvim/lua
[21:16:49.451][info] [#0:script/workspace/loading.lua:98]: Skip loaded file: file:///home/via/.config/nvim/lua/user/indentline.lua
[21:16:49.451][info] [#0:script/workspace/loading.lua:101]: Preload file at: file:///home/via/.config/nvim/lua/user/lsp/settings/sumneko_lua.lua , size = 0.233 KB
[21:16:49.452][info] [#0:script/workspace/loading.lua:113]: ++++As library of:	file:///home/via/.config/nvim/lua
[21:16:49.452][info] [#0:script/workspace/loading.lua:101]: Preload file at: file:///home/via/.config/nvim/lua/user/lsp/settings/jsonls.lua , size = 5.260 KB
[21:16:49.456][info] [#0:script/workspace/loading.lua:113]: ++++As library of:	file:///home/via/.config/nvim/lua
[21:16:49.456][info] [#0:script/workspace/loading.lua:98]: Skip loaded file: file:///home/via/.config/nvim/lua/user/lsp/settings/sumneko_lua.lua
[21:16:49.456][info] [#0:script/workspace/loading.lua:98]: Skip loaded file: file:///home/via/.config/nvim/lua/user/lsp/settings/jsonls.lua
[21:16:49.457][info] [#0:script/workspace/loading.lua:101]: Preload file at: file:///home/via/.config/nvim/lua/user/lsp/settings/pyright.lua , size = 0.112 KB
[21:16:49.457][info] [#0:script/workspace/loading.lua:113]: ++++As library of:	file:///home/via/.config/nvim/lua
[21:16:49.458][info] [#0:script/workspace/loading.lua:98]: Skip loaded file: file:///home/via/.config/nvim/lua/user/lsp/settings/pyright.lua
[21:16:49.458][info] [#0:script/workspace/loading.lua:101]: Preload file at: file:///home/via/.config/nvim/lua/user/lsp/init.lua , size = 0.170 KB
[21:16:49.459][info] [#0:script/workspace/loading.lua:113]: ++++As library of:	file:///home/via/.config/nvim/lua
[21:16:49.459][info] [#0:script/workspace/loading.lua:98]: Skip loaded file: file:///home/via/.config/nvim/lua/user/lsp/init.lua
[21:16:49.459][info] [#0:script/workspace/loading.lua:101]: Preload file at: file:///home/via/.config/nvim/lua/user/lsp/null-ls.lua , size = 1.445 KB
[21:16:49.461][info] [#0:script/workspace/loading.lua:113]: ++++As library of:	file:///home/via/.config/nvim/lua
[21:16:49.461][info] [#0:script/workspace/loading.lua:98]: Skip loaded file: file:///home/via/.config/nvim/lua/user/lsp/null-ls.lua
[21:16:49.461][info] [#0:script/workspace/loading.lua:101]: Preload file at: file:///home/via/.config/nvim/lua/user/lsp/mason.lua , size = 0.987 KB
[21:16:49.464][info] [#0:script/workspace/loading.lua:113]: ++++As library of:	file:///home/via/.config/nvim/lua
[21:16:49.464][info] [#0:script/workspace/loading.lua:98]: Skip loaded file: file:///home/via/.config/nvim/lua/user/lsp/mason.lua
[21:16:49.464][info] [#0:script/workspace/loading.lua:101]: Preload file at: file:///home/via/.config/nvim/lua/user/lsp/handlers.lua , size = 2.932 KB
[21:16:49.484][info] [#0:script/workspace/loading.lua:113]: ++++As library of:	file:///home/via/.config/nvim/lua
[21:16:49.484][info] [#0:script/workspace/loading.lua:89]: Skip loaded file: file:///home/via/.config/nvim/lua/user/lsp/handlers.lua
[21:16:49.484][info] [#0:script/workspace/loading.lua:113]: ++++As library of:	file:///home/via/.config/nvim/lua
[21:16:49.484][info] [#0:script/workspace/loading.lua:101]: Preload file at: file:///home/via/.config/nvim/lua/user/plugins.lua , size = 6.446 KB
[21:16:49.489][info] [#0:script/workspace/loading.lua:113]: ++++As library of:	file:///home/via/.config/nvim/lua
[21:16:49.489][info] [#0:script/workspace/loading.lua:98]: Skip loaded file: file:///home/via/.config/nvim/lua/user/plugins.lua
[21:16:49.489][info] [#0:script/workspace/loading.lua:101]: Preload file at: file:///home/via/.local/share/nvim/mason/packages/lua-language-server/extension/server/meta/Lua%205.4%20en-us%20utf8/basic.lua , size = 14.160 KB
[21:16:49.500][info] [#0:script/workspace/loading.lua:113]: ++++As library of:	file:///home/via/.local/share/nvim/mason/packages/lua-language-server/extension/server/meta/Lua%205.4%20en-us%20utf8/basic.lua
[21:16:49.501][info] [#0:script/workspace/loading.lua:101]: Preload file at: file:///home/via/.local/share/nvim/mason/packages/lua-language-server/extension/server/meta/Lua%205.4%20en-us%20utf8/math.lua , size = 8.731 KB
[21:16:49.509][info] [#0:script/workspace/loading.lua:113]: ++++As library of:	file:///home/via/.local/share/nvim/mason/packages/lua-language-server/extension/server/meta/Lua%205.4%20en-us%20utf8/math.lua
[21:16:49.510][info] [#0:script/workspace/loading.lua:98]: Skip loaded file: file:///home/via/.local/share/nvim/mason/packages/lua-language-server/extension/server/meta/Lua%205.4%20en-us%20utf8/basic.lua
[21:16:49.510][info] [#0:script/workspace/loading.lua:89]: Skip loaded file: file:///home/via/.local/share/nvim/mason/packages/lua-language-server/extension/server/meta/Lua%205.4%20en-us%20utf8/math.lua
[21:16:49.510][info] [#0:script/workspace/loading.lua:113]: ++++As library of:	file:///home/via/.local/share/nvim/mason/packages/lua-language-server/extension/server/meta/Lua%205.4%20en-us%20utf8/math.lua
[21:16:49.510][info] [#0:script/workspace/loading.lua:101]: Preload file at: file:///home/via/.local/share/nvim/mason/packages/lua-language-server/extension/server/meta/Lua%205.4%20en-us%20utf8/builtin.lua , size = 0.302 KB
[21:16:49.511][info] [#0:script/workspace/loading.lua:113]: ++++As library of:	file:///home/via/.local/share/nvim/mason/packages/lua-language-server/extension/server/meta/Lua%205.4%20en-us%20utf8/builtin.lua
[21:16:49.511][info] [#0:script/workspace/loading.lua:98]: Skip loaded file: file:///home/via/.local/share/nvim/mason/packages/lua-language-server/extension/server/meta/Lua%205.4%20en-us%20utf8/builtin.lua
[21:16:49.511][info] [#0:script/workspace/loading.lua:101]: Preload file at: file:///home/via/.local/share/bob/v0.8.1/nvim-linux64/share/nvim/runtime/lua/man.lua , size = 21.535 KB
[21:16:49.553][info] [#0:script/workspace/loading.lua:113]: ++++As library of:	file:///home/via/.local/share/bob/v0.8.1/nvim-linux64/share/nvim/runtime/lua
[21:16:49.554][info] [#0:script/workspace/loading.lua:101]: Preload file at: file:///home/via/.local/share/bob/v0.8.1/nvim-linux64/share/nvim/runtime/lua/health.lua , size = 0.151 KB
[21:16:49.555][info] [#0:script/workspace/loading.lua:113]: ++++As library of:	file:///home/via/.local/share/bob/v0.8.1/nvim-linux64/share/nvim/runtime/lua
[21:16:49.555][info] [#0:script/workspace/loading.lua:98]: Skip loaded file: file:///home/via/.local/share/bob/v0.8.1/nvim-linux64/share/nvim/runtime/lua/man.lua
[21:16:49.555][info] [#0:script/workspace/loading.lua:98]: Skip loaded file: file:///home/via/.local/share/bob/v0.8.1/nvim-linux64/share/nvim/runtime/lua/health.lua
[21:16:49.555][info] [#0:script/workspace/loading.lua:101]: Preload file at: file:///home/via/.local/share/bob/v0.8.1/nvim-linux64/share/nvim/runtime/lua/vim/_init_packages.lua , size = 2.644 KB
[21:16:49.559][info] [#0:script/workspace/loading.lua:113]: ++++As library of:	file:///home/via/.local/share/bob/v0.8.1/nvim-linux64/share/nvim/runtime/lua
[21:16:49.560][info] [#0:script/workspace/loading.lua:98]: Skip loaded file: file:///home/via/.local/share/bob/v0.8.1/nvim-linux64/share/nvim/runtime/lua/vim/_init_packages.lua
[21:16:49.560][info] [#0:script/workspace/loading.lua:101]: Preload file at: file:///home/via/.local/share/bob/v0.8.1/nvim-linux64/share/nvim/runtime/lua/vim/filetype.lua , size = 71.949 KB
[21:16:49.650][info] [#0:script/workspace/loading.lua:113]: ++++As library of:	file:///home/via/.local/share/bob/v0.8.1/nvim-linux64/share/nvim/runtime/lua
[21:16:49.651][info] [#0:script/workspace/loading.lua:98]: Skip loaded file: file:///home/via/.local/share/bob/v0.8.1/nvim-linux64/share/nvim/runtime/lua/vim/filetype.lua
[21:16:49.651][info] [#0:script/workspace/loading.lua:101]: Preload file at: file:///home/via/.local/share/bob/v0.8.1/nvim-linux64/share/nvim/runtime/lua/vim/F.lua , size = 0.772 KB
[21:16:49.654][info] [#0:script/workspace/loading.lua:113]: ++++As library of:	file:///home/via/.local/share/bob/v0.8.1/nvim-linux64/share/nvim/runtime/lua
[21:16:49.654][info] [#0:script/workspace/loading.lua:98]: Skip loaded file: file:///home/via/.local/share/bob/v0.8.1/nvim-linux64/share/nvim/runtime/lua/vim/F.lua
[21:16:49.654][info] [#0:script/workspace/loading.lua:101]: Preload file at: file:///home/via/.local/share/bob/v0.8.1/nvim-linux64/share/nvim/runtime/lua/vim/diagnostic.lua , size = 53.583 KB
[21:16:49.737][info] [#0:script/workspace/loading.lua:113]: ++++As library of:	file:///home/via/.local/share/bob/v0.8.1/nvim-linux64/share/nvim/runtime/lua
[21:16:49.738][info] [#0:script/workspace/loading.lua:98]: Skip loaded file: file:///home/via/.local/share/bob/v0.8.1/nvim-linux64/share/nvim/runtime/lua/vim/diagnostic.lua
[21:16:49.738][info] [#0:script/workspace/loading.lua:101]: Preload file at: file:///home/via/.local/share/bob/v0.8.1/nvim-linux64/share/nvim/runtime/lua/vim/_meta.lua , size = 12.160 KB
[21:16:49.756][info] [#0:script/workspace/loading.lua:113]: ++++As library of:	file:///home/via/.local/share/bob/v0.8.1/nvim-linux64/share/nvim/runtime/lua
[21:16:49.756][info] [#0:script/workspace/loading.lua:98]: Skip loaded file: file:///home/via/.local/share/bob/v0.8.1/nvim-linux64/share/nvim/runtime/lua/vim/_meta.lua
[21:16:49.757][info] [#0:script/workspace/loading.lua:101]: Preload file at: file:///home/via/.local/share/bob/v0.8.1/nvim-linux64/share/nvim/runtime/lua/vim/lsp.lua , size = 79.476 KB
[21:16:49.859][info] [#0:script/workspace/loading.lua:113]: ++++As library of:	file:///home/via/.local/share/bob/v0.8.1/nvim-linux64/share/nvim/runtime/lua
[21:16:49.860][info] [#0:script/workspace/loading.lua:98]: Skip loaded file: file:///home/via/.local/share/bob/v0.8.1/nvim-linux64/share/nvim/runtime/lua/vim/lsp.lua
[21:16:49.860][info] [#0:script/workspace/loading.lua:101]: Preload file at: file:///home/via/.local/share/bob/v0.8.1/nvim-linux64/share/nvim/runtime/lua/vim/_editor.lua , size = 26.772 KB
[21:16:49.887][info] [#0:script/workspace/loading.lua:113]: ++++As library of:	file:///home/via/.local/share/bob/v0.8.1/nvim-linux64/share/nvim/runtime/lua
[21:16:49.887][info] [#0:script/workspace/loading.lua:98]: Skip loaded file: file:///home/via/.local/share/bob/v0.8.1/nvim-linux64/share/nvim/runtime/lua/vim/_editor.lua
[21:16:49.887][info] [#0:script/workspace/loading.lua:101]: Preload file at: file:///home/via/.local/share/bob/v0.8.1/nvim-linux64/share/nvim/runtime/lua/vim/ui.lua , size = 3.197 KB
[21:16:49.890][info] [#0:script/workspace/loading.lua:113]: ++++As library of:	file:///home/via/.local/share/bob/v0.8.1/nvim-linux64/share/nvim/runtime/lua
[21:16:49.890][info] [#0:script/workspace/loading.lua:98]: Skip loaded file: file:///home/via/.local/share/bob/v0.8.1/nvim-linux64/share/nvim/runtime/lua/vim/ui.lua
[21:16:49.890][info] [#0:script/workspace/loading.lua:101]: Preload file at: file:///home/via/.local/share/bob/v0.8.1/nvim-linux64/share/nvim/runtime/lua/vim/shared.lua , size = 20.130 KB
[21:16:49.911][info] [#0:script/workspace/loading.lua:113]: ++++As library of:	file:///home/via/.local/share/bob/v0.8.1/nvim-linux64/share/nvim/runtime/lua
[21:16:49.911][info] [#0:script/workspace/loading.lua:98]: Skip loaded file: file:///home/via/.local/share/bob/v0.8.1/nvim-linux64/share/nvim/runtime/lua/vim/shared.lua
[21:16:49.911][info] [#0:script/workspace/loading.lua:101]: Preload file at: file:///home/via/.local/share/bob/v0.8.1/nvim-linux64/share/nvim/runtime/lua/vim/inspect.lua , size = 8.864 KB
[21:16:49.923][info] [#0:script/workspace/loading.lua:113]: ++++As library of:	file:///home/via/.local/share/bob/v0.8.1/nvim-linux64/share/nvim/runtime/lua
[21:16:49.923][info] [#0:script/workspace/loading.lua:98]: Skip loaded file: file:///home/via/.local/share/bob/v0.8.1/nvim-linux64/share/nvim/runtime/lua/vim/inspect.lua
[21:16:49.923][info] [#0:script/workspace/loading.lua:101]: Preload file at: file:///home/via/.local/share/bob/v0.8.1/nvim-linux64/share/nvim/runtime/lua/vim/filetype/detect.lua , size = 47.024 KB
[21:16:49.978][info] [#0:script/workspace/loading.lua:113]: ++++As library of:	file:///home/via/.local/share/bob/v0.8.1/nvim-linux64/share/nvim/runtime/lua
[21:16:49.978][info] [#0:script/workspace/loading.lua:101]: Preload file at: file:///home/via/.local/share/bob/v0.8.1/nvim-linux64/share/nvim/runtime/lua/vim/treesitter.lua , size = 9.563 KB
[21:16:49.989][info] [#0:script/workspace/loading.lua:113]: ++++As library of:	file:///home/via/.local/share/bob/v0.8.1/nvim-linux64/share/nvim/runtime/lua
[21:16:49.989][info] [#0:script/workspace/loading.lua:98]: Skip loaded file: file:///home/via/.local/share/bob/v0.8.1/nvim-linux64/share/nvim/runtime/lua/vim/filetype/detect.lua
[21:16:49.989][info] [#0:script/workspace/loading.lua:98]: Skip loaded file: file:///home/via/.local/share/bob/v0.8.1/nvim-linux64/share/nvim/runtime/lua/vim/treesitter.lua
[21:16:49.989][info] [#0:script/workspace/loading.lua:101]: Preload file at: file:///home/via/.local/share/bob/v0.8.1/nvim-linux64/share/nvim/runtime/lua/vim/keymap.lua , size = 4.280 KB
[21:16:49.993][info] [#0:script/workspace/loading.lua:113]: ++++As library of:	file:///home/via/.local/share/bob/v0.8.1/nvim-linux64/share/nvim/runtime/lua
[21:16:49.993][info] [#0:script/workspace/loading.lua:98]: Skip loaded file: file:///home/via/.local/share/bob/v0.8.1/nvim-linux64/share/nvim/runtime/lua/vim/keymap.lua
[21:16:49.994][info] [#0:script/workspace/loading.lua:101]: Preload file at: file:///home/via/.local/share/bob/v0.8.1/nvim-linux64/share/nvim/runtime/lua/vim/health.lua , size = 1.292 KB
[21:16:49.996][info] [#0:script/workspace/loading.lua:113]: ++++As library of:	file:///home/via/.local/share/bob/v0.8.1/nvim-linux64/share/nvim/runtime/lua
[21:16:49.996][info] [#0:script/workspace/loading.lua:98]: Skip loaded file: file:///home/via/.local/share/bob/v0.8.1/nvim-linux64/share/nvim/runtime/lua/vim/health.lua
[21:16:49.996][info] [#0:script/workspace/loading.lua:101]: Preload file at: file:///home/via/.local/share/bob/v0.8.1/nvim-linux64/share/nvim/runtime/lua/vim/fs.lua , size = 7.002 KB
[21:16:50.002][info] [#0:script/workspace/loading.lua:113]: ++++As library of:	file:///home/via/.local/share/bob/v0.8.1/nvim-linux64/share/nvim/runtime/lua
[21:16:50.002][info] [#0:script/workspace/loading.lua:98]: Skip loaded file: file:///home/via/.local/share/bob/v0.8.1/nvim-linux64/share/nvim/runtime/lua/vim/fs.lua
[21:16:50.003][info] [#0:script/workspace/loading.lua:101]: Preload file at: file:///home/via/.local/share/bob/v0.8.1/nvim-linux64/share/nvim/runtime/lua/vim/uri.lua , size = 3.374 KB
[21:16:50.007][info] [#0:script/workspace/loading.lua:113]: ++++As library of:	file:///home/via/.local/share/bob/v0.8.1/nvim-linux64/share/nvim/runtime/lua
[21:16:50.007][info] [#0:script/workspace/loading.lua:98]: Skip loaded file: file:///home/via/.local/share/bob/v0.8.1/nvim-linux64/share/nvim/runtime/lua/vim/uri.lua
[21:16:50.007][info] [#0:script/workspace/loading.lua:101]: Preload file at: file:///home/via/.local/share/bob/v0.8.1/nvim-linux64/share/nvim/runtime/lua/vim/highlight.lua , size = 4.301 KB
[21:16:50.012][info] [#0:script/workspace/loading.lua:113]: ++++As library of:	file:///home/via/.local/share/bob/v0.8.1/nvim-linux64/share/nvim/runtime/lua
[21:16:50.012][info] [#0:script/workspace/loading.lua:89]: Skip loaded file: file:///home/via/.local/share/bob/v0.8.1/nvim-linux64/share/nvim/runtime/lua/vim/highlight.lua
[21:16:50.012][info] [#0:script/workspace/loading.lua:113]: ++++As library of:	file:///home/via/.local/share/bob/v0.8.1/nvim-linux64/share/nvim/runtime/lua
[21:16:50.013][info] [#0:script/workspace/loading.lua:101]: Preload file at: file:///home/via/.local/share/bob/v0.8.1/nvim-linux64/share/nvim/runtime/lua/vim/treesitter/query.lua , size = 19.206 KB
[21:16:50.039][info] [#0:script/workspace/loading.lua:113]: ++++As library of:	file:///home/via/.local/share/bob/v0.8.1/nvim-linux64/share/nvim/runtime/lua
[21:16:50.039][info] [#0:script/workspace/loading.lua:98]: Skip loaded file: file:///home/via/.local/share/bob/v0.8.1/nvim-linux64/share/nvim/runtime/lua/vim/treesitter/query.lua
[21:16:50.039][info] [#0:script/workspace/loading.lua:101]: Preload file at: file:///home/via/.local/share/bob/v0.8.1/nvim-linux64/share/nvim/runtime/lua/vim/treesitter/languagetree.lua , size = 18.324 KB
[21:16:50.098][info] [#0:script/workspace/loading.lua:113]: ++++As library of:	file:///home/via/.local/share/bob/v0.8.1/nvim-linux64/share/nvim/runtime/lua
[21:16:50.098][info] [#0:script/workspace/loading.lua:101]: Preload file at: file:///home/via/.local/share/bob/v0.8.1/nvim-linux64/share/nvim/runtime/lua/vim/treesitter/health.lua , size = 1.133 KB
[21:16:50.100][info] [#0:script/workspace/loading.lua:113]: ++++As library of:	file:///home/via/.local/share/bob/v0.8.1/nvim-linux64/share/nvim/runtime/lua
[21:16:50.100][info] [#0:script/workspace/loading.lua:98]: Skip loaded file: file:///home/via/.local/share/bob/v0.8.1/nvim-linux64/share/nvim/runtime/lua/vim/treesitter/languagetree.lua
[21:16:50.100][info] [#0:script/workspace/loading.lua:89]: Skip loaded file: file:///home/via/.local/share/bob/v0.8.1/nvim-linux64/share/nvim/runtime/lua/vim/treesitter/health.lua
[21:16:50.100][info] [#0:script/workspace/loading.lua:113]: ++++As library of:	file:///home/via/.local/share/bob/v0.8.1/nvim-linux64/share/nvim/runtime/lua
[21:16:50.101][info] [#0:script/workspace/loading.lua:101]: Preload file at: file:///home/via/.local/share/bob/v0.8.1/nvim-linux64/share/nvim/runtime/lua/vim/treesitter/language.lua , size = 1.429 KB
[21:16:50.103][info] [#0:script/workspace/loading.lua:113]: ++++As library of:	file:///home/via/.local/share/bob/v0.8.1/nvim-linux64/share/nvim/runtime/lua
[21:16:50.104][info] [#0:script/workspace/loading.lua:98]: Skip loaded file: file:///home/via/.local/share/bob/v0.8.1/nvim-linux64/share/nvim/runtime/lua/vim/treesitter/language.lua
[21:16:50.104][info] [#0:script/workspace/loading.lua:101]: Preload file at: file:///home/via/.local/share/bob/v0.8.1/nvim-linux64/share/nvim/runtime/lua/vim/treesitter/highlighter.lua , size = 7.159 KB
[21:16:50.112][info] [#0:script/workspace/loading.lua:113]: ++++As library of:	file:///home/via/.local/share/bob/v0.8.1/nvim-linux64/share/nvim/runtime/lua
[21:16:50.112][info] [#0:script/workspace/loading.lua:98]: Skip loaded file: file:///home/via/.local/share/bob/v0.8.1/nvim-linux64/share/nvim/runtime/lua/vim/treesitter/highlighter.lua
[21:16:50.112][info] [#0:script/workspace/loading.lua:101]: Preload file at: file:///home/via/.local/share/bob/v0.8.1/nvim-linux64/share/nvim/runtime/lua/vim/lsp/diagnostic.lua , size = 7.974 KB
[21:16:50.121][info] [#0:script/workspace/loading.lua:113]: ++++As library of:	file:///home/via/.local/share/bob/v0.8.1/nvim-linux64/share/nvim/runtime/lua
[21:16:50.121][info] [#0:script/workspace/loading.lua:98]: Skip loaded file: file:///home/via/.local/share/bob/v0.8.1/nvim-linux64/share/nvim/runtime/lua/vim/lsp/diagnostic.lua
[21:16:50.121][info] [#0:script/workspace/loading.lua:101]: Preload file at: file:///home/via/.local/share/bob/v0.8.1/nvim-linux64/share/nvim/runtime/lua/vim/lsp/buf.lua , size = 34.338 KB
[21:16:50.163][info] [#0:script/workspace/loading.lua:113]: ++++As library of:	file:///home/via/.local/share/bob/v0.8.1/nvim-linux64/share/nvim/runtime/lua
[21:16:50.164][info] [#0:script/workspace/loading.lua:98]: Skip loaded file: file:///home/via/.local/share/bob/v0.8.1/nvim-linux64/share/nvim/runtime/lua/vim/lsp/buf.lua
[21:16:50.164][info] [#0:script/workspace/loading.lua:101]: Preload file at: file:///home/via/.local/share/bob/v0.8.1/nvim-linux64/share/nvim/runtime/lua/vim/lsp/codelens.lua , size = 7.462 KB
[21:16:50.173][info] [#0:script/workspace/loading.lua:113]: ++++As library of:	file:///home/via/.local/share/bob/v0.8.1/nvim-linux64/share/nvim/runtime/lua
[21:16:50.174][info] [#0:script/workspace/loading.lua:98]: Skip loaded file: file:///home/via/.local/share/bob/v0.8.1/nvim-linux64/share/nvim/runtime/lua/vim/lsp/codelens.lua
[21:16:50.174][info] [#0:script/workspace/loading.lua:101]: Preload file at: file:///home/via/.local/share/bob/v0.8.1/nvim-linux64/share/nvim/runtime/lua/vim/lsp/_snippet.lua , size = 10.743 KB
[21:16:50.188][info] [#0:script/workspace/loading.lua:113]: ++++As library of:	file:///home/via/.local/share/bob/v0.8.1/nvim-linux64/share/nvim/runtime/lua
[21:16:50.188][info] [#0:script/workspace/loading.lua:98]: Skip loaded file: file:///home/via/.local/share/bob/v0.8.1/nvim-linux64/share/nvim/runtime/lua/vim/lsp/_snippet.lua
[21:16:50.188][info] [#0:script/workspace/loading.lua:101]: Preload file at: file:///home/via/.local/share/bob/v0.8.1/nvim-linux64/share/nvim/runtime/lua/vim/lsp/rpc.lua , size = 23.483 KB
[21:16:50.211][info] [#0:script/workspace/loading.lua:113]: ++++As library of:	file:///home/via/.local/share/bob/v0.8.1/nvim-linux64/share/nvim/runtime/lua
[21:16:50.211][info] [#0:script/workspace/loading.lua:98]: Skip loaded file: file:///home/via/.local/share/bob/v0.8.1/nvim-linux64/share/nvim/runtime/lua/vim/lsp/rpc.lua
[21:16:50.211][info] [#0:script/workspace/loading.lua:101]: Preload file at: file:///home/via/.local/share/bob/v0.8.1/nvim-linux64/share/nvim/runtime/lua/vim/lsp/util.lua , size = 68.136 KB
[21:16:50.284][info] [#0:script/workspace/loading.lua:113]: ++++As library of:	file:///home/via/.local/share/bob/v0.8.1/nvim-linux64/share/nvim/runtime/lua
[21:16:50.285][info] [#0:script/workspace/loading.lua:98]: Skip loaded file: file:///home/via/.local/share/bob/v0.8.1/nvim-linux64/share/nvim/runtime/lua/vim/lsp/util.lua
[21:16:50.285][info] [#0:script/workspace/loading.lua:101]: Preload file at: file:///home/via/.local/share/bob/v0.8.1/nvim-linux64/share/nvim/runtime/lua/vim/lsp/sync.lua , size = 15.674 KB
[21:16:50.297][info] [#0:script/workspace/loading.lua:113]: ++++As library of:	file:///home/via/.local/share/bob/v0.8.1/nvim-linux64/share/nvim/runtime/lua
[21:16:50.297][info] [#0:script/workspace/loading.lua:89]: Skip loaded file: file:///home/via/.local/share/bob/v0.8.1/nvim-linux64/share/nvim/runtime/lua/vim/lsp/sync.lua
[21:16:50.297][info] [#0:script/workspace/loading.lua:113]: ++++As library of:	file:///home/via/.local/share/bob/v0.8.1/nvim-linux64/share/nvim/runtime/lua
[21:16:50.297][info] [#0:script/workspace/loading.lua:101]: Preload file at: file:///home/via/.local/share/bob/v0.8.1/nvim-linux64/share/nvim/runtime/lua/vim/lsp/health.lua , size = 0.914 KB
[21:16:50.299][info] [#0:script/workspace/loading.lua:113]: ++++As library of:	file:///home/via/.local/share/bob/v0.8.1/nvim-linux64/share/nvim/runtime/lua
[21:16:50.299][info] [#0:script/workspace/loading.lua:98]: Skip loaded file: file:///home/via/.local/share/bob/v0.8.1/nvim-linux64/share/nvim/runtime/lua/vim/lsp/health.lua
[21:16:50.299][info] [#0:script/workspace/loading.lua:101]: Preload file at: file:///home/via/.local/share/bob/v0.8.1/nvim-linux64/share/nvim/runtime/lua/vim/lsp/tagfunc.lua , size = 2.343 KB
[21:16:50.302][info] [#0:script/workspace/loading.lua:113]: ++++As library of:	file:///home/via/.local/share/bob/v0.8.1/nvim-linux64/share/nvim/runtime/lua
[21:16:50.302][info] [#0:script/workspace/loading.lua:98]: Skip loaded file: file:///home/via/.local/share/bob/v0.8.1/nvim-linux64/share/nvim/runtime/lua/vim/lsp/tagfunc.lua
[21:16:50.302][info] [#0:script/workspace/loading.lua:101]: Preload file at: file:///home/via/.local/share/bob/v0.8.1/nvim-linux64/share/nvim/runtime/lua/vim/lsp/protocol.lua , size = 33.774 KB
[21:16:50.318][info] [#0:script/workspace/loading.lua:113]: ++++As library of:	file:///home/via/.local/share/bob/v0.8.1/nvim-linux64/share/nvim/runtime/lua
[21:16:50.318][info] [#0:script/workspace/loading.lua:98]: Skip loaded file: file:///home/via/.local/share/bob/v0.8.1/nvim-linux64/share/nvim/runtime/lua/vim/lsp/protocol.lua
[21:16:50.318][info] [#0:script/workspace/loading.lua:101]: Preload file at: file:///home/via/.local/share/bob/v0.8.1/nvim-linux64/share/nvim/runtime/lua/vim/lsp/handlers.lua , size = 20.523 KB
[21:16:50.345][info] [#0:script/workspace/loading.lua:113]: ++++As library of:	file:///home/via/.local/share/bob/v0.8.1/nvim-linux64/share/nvim/runtime/lua
[21:16:50.345][info] [#0:script/workspace/loading.lua:101]: Preload file at: file:///home/via/.local/share/bob/v0.8.1/nvim-linux64/share/nvim/runtime/lua/vim/lsp/log.lua , size = 4.958 KB
[21:16:50.353][info] [#0:script/workspace/loading.lua:113]: ++++As library of:	file:///home/via/.local/share/bob/v0.8.1/nvim-linux64/share/nvim/runtime/lua
[21:16:50.353][info] [#0:script/workspace/loading.lua:98]: Skip loaded file: file:///home/via/.local/share/bob/v0.8.1/nvim-linux64/share/nvim/runtime/lua/vim/lsp/handlers.lua
[21:16:50.353][info] [#0:script/workspace/loading.lua:89]: Skip loaded file: file:///home/via/.local/share/bob/v0.8.1/nvim-linux64/share/nvim/runtime/lua/vim/lsp/log.lua
[21:16:50.353][info] [#0:script/workspace/loading.lua:113]: ++++As library of:	file:///home/via/.local/share/bob/v0.8.1/nvim-linux64/share/nvim/runtime/lua
[21:16:50.361][info] [#0:script/workspace/loading.lua:101]: Preload file at: file:///home/via/.local/share/bob/v0.8.1/nvim-linux64/share/nvim/runtime/lua/man/health.lua , size = 0.489 KB
[21:16:50.363][info] [#0:script/workspace/loading.lua:113]: ++++As library of:	file:///home/via/.local/share/bob/v0.8.1/nvim-linux64/share/nvim/runtime/lua
[21:16:50.376][info] [#0:script/workspace/loading.lua:98]: Skip loaded file: file:///home/via/.local/share/bob/v0.8.1/nvim-linux64/share/nvim/runtime/lua/man/health.lua
[21:16:50.376][info] [#0:script/workspace/loading.lua:101]: Preload file at: file:///home/via/.local/share/nvim/mason/packages/lua-language-server/extension/server/meta/Lua%205.4%20en-us%20utf8/string.lua , size = 6.302 KB
[21:16:50.383][info] [#0:script/workspace/loading.lua:113]: ++++As library of:	file:///home/via/.local/share/nvim/mason/packages/lua-language-server/extension/server/meta/Lua%205.4%20en-us%20utf8/string.lua
[21:16:50.383][info] [#0:script/workspace/loading.lua:98]: Skip loaded file: file:///home/via/.local/share/nvim/mason/packages/lua-language-server/extension/server/meta/Lua%205.4%20en-us%20utf8/string.lua
[21:16:50.383][info] [#0:script/workspace/loading.lua:101]: Preload file at: file:///home/via/.local/share/nvim/mason/packages/lua-language-server/extension/server/meta/Lua%205.4%20en-us%20utf8/table.lua , size = 4.230 KB
[21:16:50.388][info] [#0:script/workspace/loading.lua:113]: ++++As library of:	file:///home/via/.local/share/nvim/mason/packages/lua-language-server/extension/server/meta/Lua%205.4%20en-us%20utf8/table.lua
[21:16:50.388][info] [#0:script/workspace/loading.lua:98]: Skip loaded file: file:///home/via/.local/share/nvim/mason/packages/lua-language-server/extension/server/meta/Lua%205.4%20en-us%20utf8/table.lua
[21:16:50.388][info] [#0:script/workspace/loading.lua:101]: Preload file at: file:///home/via/.local/share/nvim/mason/packages/lua-language-server/extension/server/meta/Lua%205.4%20en-us%20utf8/coroutine.lua , size = 2.590 KB
[21:16:50.424][info] [#0:script/workspace/loading.lua:113]: ++++As library of:	file:///home/via/.local/share/nvim/mason/packages/lua-language-server/extension/server/meta/Lua%205.4%20en-us%20utf8/coroutine.lua
[21:16:50.424][info] [#0:script/workspace/loading.lua:98]: Skip loaded file: file:///home/via/.local/share/nvim/mason/packages/lua-language-server/extension/server/meta/Lua%205.4%20en-us%20utf8/coroutine.lua
[21:16:50.424][info] [#0:script/workspace/loading.lua:173]: Loaded files takes [1.081] sec: <fallback>
[21:16:50.424][info] [#0:script/workspace/loading.lua:182]: Compile files takes [0.000] sec: <fallback>
[21:16:50.424][info] [#0:script/workspace/loading.lua:183]: Loaded finish:	<fallback>
[21:16:50.424][info] [#0:script/workspace/workspace.lua:379]: Preload finish at:	<fallback>
[21:16:50.466][info] [#0:script/workspace/loading.lua:101]: Preload file at: file:///home/via/.local/share/nvim/site/pack/packer/start/neodark.nvim/lua/neodark/theme/cmp.lua , size = 0.433 KB
[21:16:50.468][info] [#0:script/workspace/loading.lua:101]: Preload file at: file:///home/via/.local/share/nvim/site/pack/packer/start/neodark.nvim/lua/neodark/theme/lsp.lua , size = 2.221 KB
[21:16:50.471][info] [#0:script/workspace/loading.lua:101]: Preload file at: file:///home/via/.local/share/nvim/site/pack/packer/start/neodark.nvim/lua/neodark/theme/notify.lua , size = 1.002 KB
[21:16:50.472][info] [#0:script/workspace/loading.lua:101]: Preload file at: file:///home/via/.local/share/nvim/site/pack/packer/start/neodark.nvim/lua/neodark/theme/base.lua , size = 4.530 KB
[21:16:50.480][info] [#0:script/workspace/loading.lua:101]: Preload file at: file:///home/via/.local/share/nvim/site/pack/packer/start/neodark.nvim/lua/neodark/theme/whichkey.lua , size = 0.329 KB
[21:16:50.481][info] [#0:script/workspace/loading.lua:101]: Preload file at: file:///home/via/.local/share/nvim/site/pack/packer/start/neodark.nvim/lua/neodark/theme/symbols_outline.lua , size = 0.388 KB
[21:16:50.483][info] [#0:script/workspace/loading.lua:101]: Preload file at: file:///home/via/.local/share/nvim/site/pack/packer/start/neodark.nvim/lua/neodark/theme/bufferline.lua , size = 1.479 KB
[21:16:50.489][info] [#0:script/workspace/loading.lua:101]: Preload file at: file:///home/via/.local/share/nvim/site/pack/packer/start/neodark.nvim/lua/neodark/theme/aerial.lua , size = 1.407 KB
[21:16:50.492][info] [#0:script/workspace/loading.lua:101]: Preload file at: file:///home/via/.local/share/nvim/site/pack/packer/start/neodark.nvim/lua/neodark/theme/treesitter.lua , size = 2.087 KB
[21:16:50.498][info] [#0:script/workspace/loading.lua:101]: Preload file at: file:///home/via/.local/share/nvim/site/pack/packer/start/neodark.nvim/lua/neodark/theme/gitsigns.lua , size = 0.408 KB
[21:16:50.499][info] [#0:script/workspace/loading.lua:89]: Skip loaded file: file:///home/via/.local/share/nvim/site/pack/packer/start/neodark.nvim/lua/neodark/util.lua
[21:16:50.499][info] [#0:script/workspace/loading.lua:101]: Preload file at: file:///home/via/.local/share/nvim/site/pack/packer/start/neodark.nvim/lua/neodark/theme/dashboard.lua , size = 0.303 KB
[21:16:50.500][info] [#0:script/workspace/loading.lua:101]: Preload file at: file:///home/via/.local/share/nvim/site/pack/packer/start/neodark.nvim/lua/neodark/theme/vimwiki.lua , size = 0.950 KB
[21:16:50.503][info] [#0:script/workspace/loading.lua:101]: Preload file at: file:///home/via/.local/share/nvim/site/pack/packer/start/neodark.nvim/lua/neodark/theme/rainbow.lua , size = 0.403 KB
[21:16:50.504][info] [#0:script/workspace/loading.lua:101]: Preload file at: file:///home/via/.local/share/nvim/site/pack/packer/start/neodark.nvim/lua/neodark/theme/nvimtree.lua , size = 1.016 KB
[21:16:50.505][info] [#0:script/workspace/loading.lua:101]: Preload file at: file:///home/via/.local/share/nvim/site/pack/packer/start/neodark.nvim/lua/neodark/theme/nvim_web_devicons.lua , size = 1.894 KB
[21:16:50.508][info] [#0:script/workspace/loading.lua:101]: Preload file at: file:///home/via/.local/share/nvim/site/pack/packer/start/neodark.nvim/lua/neodark/theme/telescope.lua , size = 3.072 KB
[21:16:50.512][info] [#0:script/workspace/loading.lua:101]: Preload file at: file:///home/via/.local/share/nvim/site/pack/packer/start/neodark.nvim/lua/neodark/palette/neodark.lua , size = 0.812 KB
[21:16:50.514][info] [#0:script/workspace/loading.lua:101]: Preload file at: file:///home/via/.local/share/nvim/site/pack/packer/start/neodark.nvim/lua/neodark/theme/indent_blankline.lua , size = 0.542 KB
[21:16:50.515][info] [#0:script/workspace/loading.lua:101]: Preload file at: file:///home/via/.local/share/nvim/site/pack/packer/start/neodark.nvim/lua/neodark/palette/neodarker.lua , size = 0.984 KB
[21:16:50.518][info] [#0:script/workspace/loading.lua:101]: Preload file at: file:///home/via/.local/share/nvim/site/pack/packer/start/neodark.nvim/lua/neodark/init.lua , size = 0.170 KB
[21:16:50.519][info] [#0:script/workspace/loading.lua:101]: Preload file at: file:///home/via/.local/share/nvim/site/pack/packer/start/neodark.nvim/lua/neodark/theme.lua , size = 1.703 KB
[21:16:50.522][info] [#0:script/workspace/loading.lua:101]: Preload file at: file:///home/via/.local/share/nvim/site/pack/packer/start/neodark.nvim/lua/lualine/themes/neodark.lua , size = 1.157 KB
[21:16:50.524][info] [#0:script/workspace/loading.lua:101]: Preload file at: file:///home/via/.local/share/nvim/site/pack/packer/start/neodark.nvim/lua/lualine/themes/neodarker.lua , size = 1.157 KB
[21:16:50.525][info] [#0:script/workspace/loading.lua:173]: Loaded files takes [1.182] sec: file:///home/via/.local/share/nvim/site/pack/packer/start/neodark.nvim
[21:16:50.526][info] [#0:script/workspace/loading.lua:182]: Compile files takes [0.000] sec: file:///home/via/.local/share/nvim/site/pack/packer/start/neodark.nvim
[21:16:50.526][info] [#0:script/workspace/loading.lua:183]: Loaded finish:	file:///home/via/.local/share/nvim/site/pack/packer/start/neodark.nvim
[21:16:50.526][info] [#0:script/workspace/workspace.lua:379]: Preload finish at:	file:///home/via/.local/share/nvim/site/pack/packer/start/neodark.nvim
[21:16:50.565][info] [#0:script/provider/diagnostic.lua:557]: Diagnostics scope [file:///home/via/.local/share/nvim/site/pack/packer/start/neodark.nvim], files count:[101]
[21:16:50.568][warn] [#0:script/proto/proto.lua:178]: Method [textDocument/didOpen] takes [1.297]sec. {
  jsonrpc = "2.0",
  method = "textDocument/didOpen",
  params = {
    textDocument = {
      languageId = "lua",
      text = '"***"',
      uri = "file:///home/via/.local/share/nvim/site/pack/packer/start/neodark.nvim/lua/neodark/util.lua",
      version = 0
    }
  }
}
[21:16:50.568][warn] [#0:script/proto/proto.lua:178]: Method [textDocument/documentHighlight] takes [1.296]sec. {
  id = 2,
  jsonrpc = "2.0",
  method = "textDocument/documentHighlight",
  params = {
    position = {
      character = 0,
      line = 0
    },
    textDocument = {
      uri = "file:///home/via/.local/share/nvim/site/pack/packer/start/neodark.nvim/lua/neodark/util.lua"
    }
  }
}
[21:16:50.568][warn] [#0:script/proto/proto.lua:178]: Method [textDocument/documentHighlight] takes [1.002]sec. {
  id = 3,
  jsonrpc = "2.0",
  method = "textDocument/documentHighlight",
  params = {
    position = {
      character = 0,
      line = 1
    },
    textDocument = {
      uri = "file:///home/via/.local/share/nvim/site/pack/packer/start/neodark.nvim/lua/neodark/util.lua"
    }
  }
}
[21:16:51.493][warn] [#0:script/core/diagnostics/init.lua:136]: Diagnostics [redundant-value] @ [file:///home/via/.local/share/nvim/site/pack/packer/start/neodark.nvim/lua/neodark/palette/neodarker.lua] takes [0.861] sec!
[21:16:51.709][info] [#0:script/provider/diagnostic.lua:574]: Diagnostics scope [file:///home/via/.local/share/nvim/site/pack/packer/start/neodark.nvim] finished, takes [1.127] sec.
[21:16:53.944][info] [#0:script/provider/diagnostic.lua:557]: Diagnostics scope [file:///home/via/.local/share/nvim/site/pack/packer/start/neodark.nvim], files count:[101]
[21:16:54.139][info] [#0:script/provider/diagnostic.lua:574]: Diagnostics scope [file:///home/via/.local/share/nvim/site/pack/packer/start/neodark.nvim] finished, takes [0.196] sec.
[21:19:17.283][info] [#0:script/service/service.lua:144]: 
========= Medical Examination Report =========
    --------------- Memory ---------------
        Total: 42.581 MB
        # 00 : 42.077 MB
        # 01 : 0.050 MB
        # 02 : 0.190 MB
        # 03 : 0.183 MB
        # 04 : 0.080 MB
    --------------- Coroutine ---------------
        Total:     5
        Running:   0
        Suspended: 0
        Normal:    0
        Dead:      5
    --------------- Cache ---------------
        Total: 1
        Dead:  0
    ---------------  RPC  ---------------
        Holdon:   0
        Waiting:  0
==============================================
[21:19:56.848][info] [#0:script/provider/diagnostic.lua:171]: clearDiagnostics	file:///home/via/.local/share/nvim/site/pack/packer/start/neodark.nvim/lua/neodark/theme/bufferline.lua
[21:20:02.239][info] [#0:script/provider/diagnostic.lua:171]: clearDiagnostics	file:///home/via/.local/share/nvim/site/pack/packer/start/neodark.nvim/lua/neodark/theme/bufferline.lua
[21:20:06.992][info] [#0:script/provider/diagnostic.lua:557]: Diagnostics scope [file:///home/via/.local/share/nvim/site/pack/packer/start/neodark.nvim], files count:[101]
[21:20:07.303][info] [#0:script/provider/diagnostic.lua:574]: Diagnostics scope [file:///home/via/.local/share/nvim/site/pack/packer/start/neodark.nvim] finished, takes [0.307] sec.
[21:26:18.135][info] [#0:script/provider/diagnostic.lua:557]: Diagnostics scope [file:///home/via/.local/share/nvim/site/pack/packer/start/neodark.nvim], files count:[101]
[21:26:18.375][info] [#0:script/provider/diagnostic.lua:574]: Diagnostics scope [file:///home/via/.local/share/nvim/site/pack/packer/start/neodark.nvim] finished, takes [0.238] sec.
[21:26:49.038][info] [#0:script/service/service.lua:144]: 
========= Medical Examination Report =========
    --------------- Memory ---------------
        Total: 42.233 MB
        # 00 : 41.748 MB
        # 01 : 0.161 MB
        # 02 : 0.050 MB
        # 03 : 0.224 MB
        # 04 : 0.050 MB
    --------------- Coroutine ---------------
        Total:     5
        Running:   0
        Suspended: 0
        Normal:    0
        Dead:      5
    --------------- Cache ---------------
        Total: 1
        Dead:  0
    ---------------  RPC  ---------------
        Holdon:   0
        Waiting:  0
==============================================
[21:28:48.082][info] [#0:script/provider/diagnostic.lua:171]: clearDiagnostics	file:///home/via/.local/share/nvim/site/pack/packer/start/neodark.nvim/lua/neodark/theme.lua
[21:28:53.159][info] [#0:script/provider/diagnostic.lua:557]: Diagnostics scope [file:///home/via/.local/share/nvim/site/pack/packer/start/neodark.nvim], files count:[101]
[21:28:53.176][info] [#0:script/provider/diagnostic.lua:557]: Diagnostics scope [file:///home/via/.local/share/nvim/site/pack/packer/start/neodark.nvim], files count:[101]
[21:28:53.343][info] [#0:script/provider/diagnostic.lua:574]: Diagnostics scope [file:///home/via/.local/share/nvim/site/pack/packer/start/neodark.nvim] finished, takes [0.166] sec.
[21:28:56.963][info] [#0:script/provider/provider.lua:169]: Server shutdown.
[21:28:57.064][info] [#0:script/provider/provider.lua:162]: Server exited.
[21:29:05.762][info] [#0:script/provider/provider.lua:169]: Server shutdown.
[21:29:05.762][warn] [#0:script/pub/report.lua:25]: Load proto error:	Disconnected!
