[22:33:26.318][info] [#0:/home/via/.local/share/nvim/mason/packages/lua-language-server/extension/server/main.lua:66]: Lua Lsp startup, root: 	/home/via/.local/share/nvim/mason/packages/lua-language-server/extension/server
[22:33:26.318][info] [#0:/home/via/.local/share/nvim/mason/packages/lua-language-server/extension/server/main.lua:67]: ROOT:	/home/via/.local/share/nvim/mason/packages/lua-language-server/extension/server
[22:33:26.318][info] [#0:/home/via/.local/share/nvim/mason/packages/lua-language-server/extension/server/main.lua:68]: LOGPATH:	/home/via/.local/share/nvim/mason/packages/lua-language-server/extension/server/log
[22:33:26.318][info] [#0:/home/via/.local/share/nvim/mason/packages/lua-language-server/extension/server/main.lua:69]: METAPATH:	/home/via/.local/share/nvim/mason/packages/lua-language-server/extension/server/meta
[22:33:26.318][info] [#0:/home/via/.local/share/nvim/mason/packages/lua-language-server/extension/server/main.lua:70]: VERSION:	3.6.18
[22:33:26.359][info] [#0:script/service/service.lua:144]: 
========= Medical Examination Report =========
    --------------- Memory ---------------
        Total: 2.113 MB
        # 00 : 2.113 MB
        # 01 : 0.000 MB
        # 02 : 0.000 MB
        # 03 : 0.000 MB
        # 04 : 0.000 MB
    --------------- Coroutine ---------------
        Total:     0
        Running:   0
        Suspended: 0
        Normal:    0
        Dead:      0
    --------------- Cache ---------------
        Total: 1
        Dead:  0
    ---------------  RPC  ---------------
        Holdon:   0
        Waiting:  0
==============================================
[22:33:26.372][info] [#0:script/client.lua:657]: Client init	{
  capabilities = {
    callHierarchy = {
      dynamicRegistration = false
    },
    textDocument = {
      codeAction = {
        codeActionLiteralSupport = {
          codeActionKind = {
            valueSet = { "", "Empty", "QuickFix", "Refactor", "RefactorExtract", "RefactorInline", "RefactorRewrite", "Source", "SourceOrganizeImports", "quickfix", "refactor", "refactor.extract", "refactor.inline", "refactor.rewrite", "source", "source.organizeImports" }
          }
        },
        dataSupport = true,
        dynamicRegistration = false,
        isPreferredSupport = true,
        resolveSupport = {
          properties = { "edit" }
        }
      },
      completion = {
        completionItem = {
          commitCharactersSupport = true,
          deprecatedSupport = true,
          documentationFormat = { "markdown", "plaintext" },
          insertReplaceSupport = true,
          labelDetailsSupport = true,
          preselectSupport = true,
          resolveSupport = {
            properties = { "documentation", "detail", "additionalTextEdits" }
          },
          snippetSupport = true,
          tagSupport = {
            valueSet = { 1 }
          }
        },
        completionItemKind = {
          valueSet = { 1, 2, 3, 4, 5, 6, 7, 8, 9, 10, 11, 12, 13, 14, 15, 16, 17, 18, 19, 20, 21, 22, 23, 24, 25 }
        },
        contextSupport = false,
        dynamicRegistration = false
      },
      declaration = {
        linkSupport = true
      },
      definition = {
        linkSupport = true
      },
      documentHighlight = {
        dynamicRegistration = false
      },
      documentSymbol = {
        dynamicRegistration = false,
        hierarchicalDocumentSymbolSupport = true,
        symbolKind = {
          valueSet = { 1, 2, 3, 4, 5, 6, 7, 8, 9, 10, 11, 12, 13, 14, 15, 16, 17, 18, 19, 20, 21, 22, 23, 24, 25, 26 }
        }
      },
      hover = {
        contentFormat = { "markdown", "plaintext" },
        dynamicRegistration = false
      },
      implementation = {
        linkSupport = true
      },
      publishDiagnostics = {
        relatedInformation = true,
        tagSupport = {
          valueSet = { 1, 2 }
        }
      },
      references = {
        dynamicRegistration = false
      },
      rename = {
        dynamicRegistration = false,
        prepareSupport = true
      },
      signatureHelp = {
        dynamicRegistration = false,
        signatureInformation = {
          activeParameterSupport = true,
          documentationFormat = { "markdown", "plaintext" },
          parameterInformation = {
            labelOffsetSupport = true
          }
        }
      },
      synchronization = {
        didSave = true,
        dynamicRegistration = false,
        willSave = false,
        willSaveWaitUntil = false
      },
      typeDefinition = {
        linkSupport = true
      }
    },
    window = {
      showDocument = {
        support = false
      },
      showMessage = {
        messageActionItem = {
          additionalPropertiesSupport = false
        }
      },
      workDoneProgress = true
    },
    workspace = {
      applyEdit = true,
      configuration = true,
      symbol = {
        dynamicRegistration = false,
        hierarchicalWorkspaceSymbolSupport = true,
        symbolKind = {
          valueSet = { 1, 2, 3, 4, 5, 6, 7, 8, 9, 10, 11, 12, 13, 14, 15, 16, 17, 18, 19, 20, 21, 22, 23, 24, 25, 26 }
        }
      },
      workspaceEdit = {
        resourceOperations = { "rename", "create", "delete" }
      },
      workspaceFolders = true
    }
  },
  clientInfo = {
    name = "Neovim",
    version = "0.8.1"
  },
  initializationOptions = {},
  processId = 4151,
  rootPath = "/home/via/.config/nvim",
  rootUri = "file:///home/via/.config/nvim",
  trace = "off",
  workspaceFolders = { {
      name = "/home/via/.config/nvim",
      uri = "file:///home/via/.config/nvim"
    } }
}
[22:33:26.372][info] [#0:script/language.lua:137]: VSC language: nil
[22:33:26.372][info] [#0:script/language.lua:138]: LS  language: en-us
[22:33:26.372][info] [#0:script/workspace/workspace.lua:38]: Workspace init root: 	file:///home/via/.config/nvim
[22:33:26.372][info] [#0:script/workspace/workspace.lua:42]: Log path: 	/home/via/.local/share/nvim/mason/packages/lua-language-server/extension/server/log/file_home_via_.config_nvim.log
[22:33:26.373][info] [#0:script/workspace/workspace.lua:48]: Workspace create: 	file:///home/via/.config/nvim
[22:33:26.478][info] [#0:script/provider/provider.lua:46]: Load config from client	file:///home/via/.config/nvim
[22:33:26.478][info] [#0:script/provider/provider.lua:47]: {
  Lua = {
    diagnostics = {
      globals = { "vim" }
    },
    telemetry = {
      enable = false
    },
    workspace = {
      library = {
        ["/home/via/.config/nvim/lua"] = true,
        ["/home/via/.local/share/bob/v0.8.1/nvim-linux64/share/nvim/runtime/lua"] = true
      }
    }
  }
}
[22:33:26.480][info] [#0:script/provider/provider.lua:46]: Load config from client	file:///home/via/.config/nvim
[22:33:26.480][info] [#0:script/provider/provider.lua:47]: {
  Lua = {
    diagnostics = {
      globals = { "vim" }
    },
    telemetry = {
      enable = false
    },
    workspace = {
      library = {
        ["/home/via/.config/nvim/lua"] = true,
        ["/home/via/.local/share/bob/v0.8.1/nvim-linux64/share/nvim/runtime/lua"] = true
      }
    }
  }
}
[22:33:26.481][info] [#0:script/provider/provider.lua:46]: Load config from client	file:///home/via/.config/nvim
[22:33:26.481][info] [#0:script/provider/provider.lua:47]: {
  Lua = {
    diagnostics = {
      globals = { "vim" }
    },
    telemetry = {
      enable = false
    },
    workspace = {
      library = {
        ["/home/via/.config/nvim/lua"] = true,
        ["/home/via/.local/share/bob/v0.8.1/nvim-linux64/share/nvim/runtime/lua"] = true
      }
    }
  }
}
[22:33:26.481][info] [#0:script/provider/provider.lua:61]: Load config from client	fallback
[22:33:26.481][info] [#0:script/provider/provider.lua:62]: {
  Lua = {
    diagnostics = {
      globals = { "vim" }
    },
    telemetry = {
      enable = false
    },
    workspace = {
      library = {
        ["/home/via/.config/nvim/lua"] = true,
        ["/home/via/.local/share/bob/v0.8.1/nvim-linux64/share/nvim/runtime/lua"] = true
      }
    }
  }
}
[22:33:26.481][info] [#0:script/library.lua:212]: Init builtin library at:	file:///home/via/.config/nvim
[22:33:26.542][info] [#0:script/plugin.lua:86]: plugin path:	/home/via/.config/nvim
[22:33:26.542][warn] [#0:script/plugin.lua:101]: plugin not found:	/home/via/.config/nvim
[22:33:26.542][info] [#0:script/library.lua:212]: Init builtin library at:	nil
[22:33:26.561][info] [#0:script/provider/provider.lua:61]: Load config from client	fallback
[22:33:26.564][info] [#0:script/provider/provider.lua:62]: {
  Lua = {
    diagnostics = {
      globals = { "vim" }
    },
    telemetry = {
      enable = false
    },
    workspace = {
      library = {
        ["/home/via/.config/nvim/lua"] = true,
        ["/home/via/.local/share/bob/v0.8.1/nvim-linux64/share/nvim/runtime/lua"] = true
      }
    }
  }
}
[22:33:26.565][info] [#0:script/provider/provider.lua:61]: Load config from client	fallback
[22:33:26.565][info] [#0:script/provider/provider.lua:62]: {
  Lua = {
    diagnostics = {
      globals = { "vim" }
    },
    telemetry = {
      enable = false
    },
    workspace = {
      library = {
        ["/home/via/.config/nvim/lua"] = true,
        ["/home/via/.local/share/bob/v0.8.1/nvim-linux64/share/nvim/runtime/lua"] = true
      }
    }
  }
}
[22:33:26.666][info] [#0:script/workspace/workspace.lua:322]: Preload start:	file:///home/via/.config/nvim
[22:33:26.671][info] [#0:script/workspace/workspace.lua:328]: Scan files at:	file:///home/via/.config/nvim
[22:33:26.672][info] [#0:script/workspace/workspace.lua:322]: Preload start:	<fallback>
[22:33:26.676][info] [#0:script/workspace/workspace.lua:351]: Scan library at:	file:///home/via/.local/share/nvim/mason/packages/lua-language-server/extension/server/meta/Lua%205.4%20en-us%20utf8/coroutine.lua
[22:33:26.676][info] [#0:script/workspace/workspace.lua:351]: Scan library at:	file:///home/via/.local/share/nvim/mason/packages/lua-language-server/extension/server/meta/Lua%205.4%20en-us%20utf8/table.lua
[22:33:26.677][info] [#0:script/workspace/workspace.lua:351]: Scan library at:	file:///home/via/.local/share/nvim/mason/packages/lua-language-server/extension/server/meta/Lua%205.4%20en-us%20utf8/string.lua
[22:33:26.677][info] [#0:script/workspace/workspace.lua:351]: Scan library at:	file:///home/via/.local/share/bob/v0.8.1/nvim-linux64/share/nvim/runtime/lua
[22:33:26.684][info] [#0:script/workspace/workspace.lua:351]: Scan library at:	file:///home/via/.local/share/nvim/mason/packages/lua-language-server/extension/server/meta/Lua%205.4%20en-us%20utf8/coroutine.lua
[22:33:26.684][info] [#0:script/workspace/workspace.lua:351]: Scan library at:	file:///home/via/.local/share/nvim/mason/packages/lua-language-server/extension/server/meta/Lua%205.4%20en-us%20utf8/table.lua
[22:33:26.685][info] [#0:script/workspace/workspace.lua:351]: Scan library at:	file:///home/via/.local/share/nvim/mason/packages/lua-language-server/extension/server/meta/Lua%205.4%20en-us%20utf8/string.lua
[22:33:26.685][info] [#0:script/workspace/workspace.lua:351]: Scan library at:	file:///home/via/.local/share/bob/v0.8.1/nvim-linux64/share/nvim/runtime/lua
[22:33:26.687][info] [#0:script/workspace/workspace.lua:351]: Scan library at:	file:///home/via/.local/share/nvim/mason/packages/lua-language-server/extension/server/meta/Lua%205.4%20en-us%20utf8/builtin.lua
[22:33:26.687][info] [#0:script/workspace/workspace.lua:351]: Scan library at:	file:///home/via/.local/share/nvim/mason/packages/lua-language-server/extension/server/meta/Lua%205.4%20en-us%20utf8/math.lua
[22:33:26.687][info] [#0:script/workspace/workspace.lua:351]: Scan library at:	file:///home/via/.local/share/nvim/mason/packages/lua-language-server/extension/server/meta/Lua%205.4%20en-us%20utf8/basic.lua
[22:33:26.687][info] [#0:script/workspace/workspace.lua:351]: Scan library at:	file:///home/via/.config/nvim/lua
[22:33:26.691][info] [#0:script/workspace/workspace.lua:351]: Scan library at:	file:///home/via/.local/share/nvim/mason/packages/lua-language-server/extension/server/meta/Lua%205.4%20en-us%20utf8/utf8.lua
[22:33:26.692][info] [#0:script/workspace/workspace.lua:351]: Scan library at:	file:///home/via/.local/share/nvim/mason/packages/lua-language-server/extension/server/meta/Lua%205.4%20en-us%20utf8/package.lua
[22:33:26.692][info] [#0:script/workspace/workspace.lua:351]: Scan library at:	file:///home/via/.local/share/nvim/mason/packages/lua-language-server/extension/server/meta/Lua%205.4%20en-us%20utf8/io.lua
[22:33:26.692][info] [#0:script/workspace/workspace.lua:351]: Scan library at:	file:///home/via/.local/share/nvim/mason/packages/lua-language-server/extension/server/meta/Lua%205.4%20en-us%20utf8/builtin.lua
[22:33:26.692][info] [#0:script/workspace/workspace.lua:351]: Scan library at:	file:///home/via/.local/share/nvim/mason/packages/lua-language-server/extension/server/meta/Lua%205.4%20en-us%20utf8/debug.lua
[22:33:26.692][info] [#0:script/workspace/workspace.lua:351]: Scan library at:	file:///home/via/.local/share/nvim/mason/packages/lua-language-server/extension/server/meta/Lua%205.4%20en-us%20utf8/math.lua
[22:33:26.692][info] [#0:script/workspace/workspace.lua:351]: Scan library at:	file:///home/via/.local/share/nvim/mason/packages/lua-language-server/extension/server/meta/Lua%205.4%20en-us%20utf8/os.lua
[22:33:26.693][info] [#0:script/workspace/workspace.lua:351]: Scan library at:	file:///home/via/.local/share/nvim/mason/packages/lua-language-server/extension/server/meta/Lua%205.4%20en-us%20utf8/basic.lua
[22:33:26.693][info] [#0:script/workspace/workspace.lua:351]: Scan library at:	file:///home/via/.config/nvim/lua
[22:33:26.695][info] [#0:script/workspace/workspace.lua:351]: Scan library at:	file:///home/via/.local/share/nvim/mason/packages/lua-language-server/extension/server/meta/Lua%205.4%20en-us%20utf8/utf8.lua
[22:33:26.695][info] [#0:script/workspace/workspace.lua:351]: Scan library at:	file:///home/via/.local/share/nvim/mason/packages/lua-language-server/extension/server/meta/Lua%205.4%20en-us%20utf8/package.lua
[22:33:26.695][info] [#0:script/workspace/workspace.lua:351]: Scan library at:	file:///home/via/.local/share/nvim/mason/packages/lua-language-server/extension/server/meta/Lua%205.4%20en-us%20utf8/io.lua
[22:33:26.695][info] [#0:script/workspace/workspace.lua:351]: Scan library at:	file:///home/via/.local/share/nvim/mason/packages/lua-language-server/extension/server/meta/Lua%205.4%20en-us%20utf8/debug.lua
[22:33:26.696][info] [#0:script/workspace/workspace.lua:351]: Scan library at:	file:///home/via/.local/share/nvim/mason/packages/lua-language-server/extension/server/meta/Lua%205.4%20en-us%20utf8/os.lua
[22:33:26.796][info] [#0:script/workspace/workspace.lua:377]: Found 77 files at:	<fallback>
[22:33:26.796][info] [#0:script/workspace/loading.lua:161]: Load files from disk:	<fallback>
[22:33:26.796][info] [#0:script/workspace/workspace.lua:377]: Found 107 files at:	file:///home/via/.config/nvim
[22:33:26.796][info] [#0:script/workspace/loading.lua:161]: Load files from disk:	file:///home/via/.config/nvim
[22:33:26.797][info] [#0:script/workspace/loading.lua:89]: Skip loaded file: file:///home/via/.config/nvim/lua/user/whichkey.lua
[22:33:26.797][info] [#0:script/workspace/loading.lua:113]: ++++As library of:	file:///home/via/.config/nvim/lua
[22:33:26.797][info] [#0:script/workspace/loading.lua:89]: Skip loaded file: file:///home/via/.config/nvim/lua/user/whichkey.lua
[22:33:26.797][info] [#0:script/workspace/loading.lua:113]: ++++As library of:	file:///home/via/.config/nvim/lua
[22:33:26.797][info] [#0:script/workspace/loading.lua:101]: Preload file at: file:///home/via/.local/share/nvim/mason/packages/lua-language-server/extension/server/meta/Lua%205.4%20en-us%20utf8/os.lua , size = 4.347 KB
[22:33:26.821][info] [#0:script/workspace/loading.lua:113]: ++++As library of:	file:///home/via/.local/share/nvim/mason/packages/lua-language-server/extension/server/meta/Lua%205.4%20en-us%20utf8/os.lua
[22:33:26.821][info] [#0:script/workspace/loading.lua:101]: Preload file at: file:///home/via/.local/share/nvim/mason/packages/lua-language-server/extension/server/meta/Lua%205.4%20en-us%20utf8/debug.lua , size = 7.637 KB
[22:33:26.832][info] [#0:script/workspace/loading.lua:113]: ++++As library of:	file:///home/via/.local/share/nvim/mason/packages/lua-language-server/extension/server/meta/Lua%205.4%20en-us%20utf8/debug.lua
[22:33:26.832][info] [#0:script/workspace/loading.lua:98]: Skip loaded file: file:///home/via/.local/share/nvim/mason/packages/lua-language-server/extension/server/meta/Lua%205.4%20en-us%20utf8/debug.lua
[22:33:26.832][info] [#0:script/workspace/loading.lua:101]: Preload file at: file:///home/via/.local/share/nvim/mason/packages/lua-language-server/extension/server/meta/Lua%205.4%20en-us%20utf8/io.lua , size = 6.364 KB
[22:33:26.844][info] [#0:script/workspace/loading.lua:113]: ++++As library of:	file:///home/via/.local/share/nvim/mason/packages/lua-language-server/extension/server/meta/Lua%205.4%20en-us%20utf8/io.lua
[22:33:26.844][info] [#0:script/workspace/loading.lua:98]: Skip loaded file: file:///home/via/.local/share/nvim/mason/packages/lua-language-server/extension/server/meta/Lua%205.4%20en-us%20utf8/io.lua
[22:33:26.844][info] [#0:script/workspace/loading.lua:101]: Preload file at: file:///home/via/.local/share/nvim/mason/packages/lua-language-server/extension/server/meta/Lua%205.4%20en-us%20utf8/package.lua , size = 2.944 KB
[22:33:26.846][info] [#0:script/workspace/loading.lua:113]: ++++As library of:	file:///home/via/.local/share/nvim/mason/packages/lua-language-server/extension/server/meta/Lua%205.4%20en-us%20utf8/package.lua
[22:33:26.846][info] [#0:script/workspace/loading.lua:98]: Skip loaded file: file:///home/via/.local/share/nvim/mason/packages/lua-language-server/extension/server/meta/Lua%205.4%20en-us%20utf8/package.lua
[22:33:26.846][info] [#0:script/workspace/loading.lua:101]: Preload file at: file:///home/via/.local/share/nvim/mason/packages/lua-language-server/extension/server/meta/Lua%205.4%20en-us%20utf8/utf8.lua , size = 2.386 KB
[22:33:26.849][info] [#0:script/workspace/loading.lua:113]: ++++As library of:	file:///home/via/.local/share/nvim/mason/packages/lua-language-server/extension/server/meta/Lua%205.4%20en-us%20utf8/utf8.lua
[22:33:26.849][info] [#0:script/workspace/loading.lua:98]: Skip loaded file: file:///home/via/.local/share/nvim/mason/packages/lua-language-server/extension/server/meta/Lua%205.4%20en-us%20utf8/utf8.lua
[22:33:26.849][info] [#0:script/workspace/loading.lua:101]: Preload file at: file:///home/via/.config/nvim/lua/user/keymaps.lua , size = 1.898 KB
[22:33:26.852][info] [#0:script/workspace/loading.lua:113]: ++++As library of:	file:///home/via/.config/nvim/lua
[22:33:26.852][info] [#0:script/workspace/loading.lua:98]: Skip loaded file: file:///home/via/.config/nvim/lua/user/keymaps.lua
[22:33:26.852][info] [#0:script/workspace/loading.lua:101]: Preload file at: file:///home/via/.config/nvim/lua/user/cmp.lua , size = 3.360 KB
[22:33:26.856][info] [#0:script/workspace/loading.lua:113]: ++++As library of:	file:///home/via/.config/nvim/lua
[22:33:26.856][info] [#0:script/workspace/loading.lua:98]: Skip loaded file: file:///home/via/.config/nvim/lua/user/cmp.lua
[22:33:26.856][info] [#0:script/workspace/loading.lua:101]: Preload file at: file:///home/via/.config/nvim/lua/user/project.lua , size = 1.792 KB
[22:33:26.857][info] [#0:script/workspace/loading.lua:113]: ++++As library of:	file:///home/via/.config/nvim/lua
[22:33:26.858][info] [#0:script/workspace/loading.lua:98]: Skip loaded file: file:///home/via/.config/nvim/lua/user/project.lua
[22:33:26.858][info] [#0:script/workspace/loading.lua:98]: Skip loaded file: file:///home/via/.local/share/nvim/mason/packages/lua-language-server/extension/server/meta/Lua%205.4%20en-us%20utf8/os.lua
[22:33:26.858][info] [#0:script/workspace/loading.lua:101]: Preload file at: file:///home/via/.config/nvim/lua/user/alpha.lua , size = 2.309 KB
[22:33:26.859][info] [#0:script/workspace/loading.lua:113]: ++++As library of:	file:///home/via/.config/nvim/lua
[22:33:26.859][info] [#0:script/workspace/loading.lua:98]: Skip loaded file: file:///home/via/.config/nvim/lua/user/alpha.lua
[22:33:26.859][info] [#0:script/workspace/loading.lua:101]: Preload file at: file:///home/via/.config/nvim/lua/user/bufferline.lua , size = 6.266 KB
[22:33:26.864][info] [#0:script/workspace/loading.lua:113]: ++++As library of:	file:///home/via/.config/nvim/lua
[22:33:26.864][info] [#0:script/workspace/loading.lua:98]: Skip loaded file: file:///home/via/.config/nvim/lua/user/bufferline.lua
[22:33:26.864][info] [#0:script/workspace/loading.lua:101]: Preload file at: file:///home/via/.config/nvim/lua/user/colorscheme.lua , size = 0.038 KB
[22:33:26.864][info] [#0:script/workspace/loading.lua:113]: ++++As library of:	file:///home/via/.config/nvim/lua
[22:33:26.864][info] [#0:script/workspace/loading.lua:89]: Skip loaded file: file:///home/via/.config/nvim/lua/user/colorscheme.lua
[22:33:26.864][info] [#0:script/workspace/loading.lua:113]: ++++As library of:	file:///home/via/.config/nvim/lua
[22:33:26.864][info] [#0:script/workspace/loading.lua:101]: Preload file at: file:///home/via/.config/nvim/lua/user/autopairs.lua , size = 0.885 KB
[22:33:26.866][info] [#0:script/workspace/loading.lua:113]: ++++As library of:	file:///home/via/.config/nvim/lua
[22:33:26.866][info] [#0:script/workspace/loading.lua:101]: Preload file at: file:///home/via/.config/nvim/lua/user/treesitter.lua , size = 0.618 KB
[22:33:26.867][info] [#0:script/workspace/loading.lua:113]: ++++As library of:	file:///home/via/.config/nvim/lua
[22:33:26.867][info] [#0:script/workspace/loading.lua:98]: Skip loaded file: file:///home/via/.config/nvim/lua/user/autopairs.lua
[22:33:26.867][info] [#0:script/workspace/loading.lua:98]: Skip loaded file: file:///home/via/.config/nvim/lua/user/treesitter.lua
[22:33:26.867][info] [#0:script/workspace/loading.lua:101]: Preload file at: file:///home/via/.config/nvim/lua/user/gitsigns.lua , size = 1.619 KB
[22:33:26.869][info] [#0:script/workspace/loading.lua:113]: ++++As library of:	file:///home/via/.config/nvim/lua
[22:33:26.869][info] [#0:script/workspace/loading.lua:98]: Skip loaded file: file:///home/via/.config/nvim/lua/user/gitsigns.lua
[22:33:26.869][info] [#0:script/workspace/loading.lua:101]: Preload file at: file:///home/via/.config/nvim/lua/user/nvim-notify.lua , size = 0.316 KB
[22:33:26.869][info] [#0:script/workspace/loading.lua:113]: ++++As library of:	file:///home/via/.config/nvim/lua
[22:33:26.869][info] [#0:script/workspace/loading.lua:101]: Preload file at: file:///home/via/.config/nvim/lua/user/autocommands.lua , size = 0.944 KB
[22:33:26.874][info] [#0:script/workspace/loading.lua:113]: ++++As library of:	file:///home/via/.config/nvim/lua
[22:33:26.874][info] [#0:script/workspace/loading.lua:98]: Skip loaded file: file:///home/via/.config/nvim/lua/user/nvim-notify.lua
[22:33:26.874][info] [#0:script/workspace/loading.lua:89]: Skip loaded file: file:///home/via/.config/nvim/lua/user/autocommands.lua
[22:33:26.874][info] [#0:script/workspace/loading.lua:113]: ++++As library of:	file:///home/via/.config/nvim/lua
[22:33:26.875][info] [#0:script/workspace/loading.lua:101]: Preload file at: file:///home/via/.config/nvim/lua/user/nvim-tree.lua , size = 1.377 KB
[22:33:26.876][info] [#0:script/workspace/loading.lua:113]: ++++As library of:	file:///home/via/.config/nvim/lua
[22:33:26.876][info] [#0:script/workspace/loading.lua:98]: Skip loaded file: file:///home/via/.config/nvim/lua/user/nvim-tree.lua
[22:33:26.876][info] [#0:script/workspace/loading.lua:101]: Preload file at: file:///home/via/.config/nvim/lua/user/lualine.lua , size = 2.434 KB
[22:33:26.878][info] [#0:script/workspace/loading.lua:113]: ++++As library of:	file:///home/via/.config/nvim/lua
[22:33:26.878][info] [#0:script/workspace/loading.lua:98]: Skip loaded file: file:///home/via/.config/nvim/lua/user/lualine.lua
[22:33:26.878][info] [#0:script/workspace/loading.lua:101]: Preload file at: file:///home/via/.config/nvim/lua/user/impatient.lua , size = 0.117 KB
[22:33:26.878][info] [#0:script/workspace/loading.lua:113]: ++++As library of:	file:///home/via/.config/nvim/lua
[22:33:26.878][info] [#0:script/workspace/loading.lua:98]: Skip loaded file: file:///home/via/.config/nvim/lua/user/impatient.lua
[22:33:26.878][info] [#0:script/workspace/loading.lua:101]: Preload file at: file:///home/via/.config/nvim/lua/user/comment.lua , size = 0.847 KB
[22:33:26.880][info] [#0:script/workspace/loading.lua:113]: ++++As library of:	file:///home/via/.config/nvim/lua
[22:33:26.880][info] [#0:script/workspace/loading.lua:98]: Skip loaded file: file:///home/via/.config/nvim/lua/user/comment.lua
[22:33:26.880][info] [#0:script/workspace/loading.lua:101]: Preload file at: file:///home/via/.config/nvim/lua/user/prettier.lua , size = 0.889 KB
[22:33:26.881][info] [#0:script/workspace/loading.lua:113]: ++++As library of:	file:///home/via/.config/nvim/lua
[22:33:26.881][info] [#0:script/workspace/loading.lua:98]: Skip loaded file: file:///home/via/.config/nvim/lua/user/prettier.lua
[22:33:26.881][info] [#0:script/workspace/loading.lua:101]: Preload file at: file:///home/via/.config/nvim/lua/user/telescope.lua , size = 3.030 KB
[22:33:26.883][info] [#0:script/workspace/loading.lua:113]: ++++As library of:	file:///home/via/.config/nvim/lua
[22:33:26.883][info] [#0:script/workspace/loading.lua:101]: Preload file at: file:///home/via/.config/nvim/lua/user/options.lua , size = 4.033 KB
[22:33:26.886][info] [#0:script/workspace/loading.lua:113]: ++++As library of:	file:///home/via/.config/nvim/lua
[22:33:26.886][info] [#0:script/workspace/loading.lua:98]: Skip loaded file: file:///home/via/.config/nvim/lua/user/telescope.lua
[22:33:26.886][info] [#0:script/workspace/loading.lua:98]: Skip loaded file: file:///home/via/.config/nvim/lua/user/options.lua
[22:33:26.886][info] [#0:script/workspace/loading.lua:101]: Preload file at: file:///home/via/.config/nvim/lua/user/toggleterm.lua , size = 1.643 KB
[22:33:26.888][info] [#0:script/workspace/loading.lua:113]: ++++As library of:	file:///home/via/.config/nvim/lua
[22:33:26.888][info] [#0:script/workspace/loading.lua:89]: Skip loaded file: file:///home/via/.config/nvim/lua/user/toggleterm.lua
[22:33:26.888][info] [#0:script/workspace/loading.lua:113]: ++++As library of:	file:///home/via/.config/nvim/lua
[22:33:26.889][info] [#0:script/workspace/loading.lua:101]: Preload file at: file:///home/via/.config/nvim/lua/user/indentline.lua , size = 1.957 KB
[22:33:26.890][info] [#0:script/workspace/loading.lua:113]: ++++As library of:	file:///home/via/.config/nvim/lua
[22:33:26.890][info] [#0:script/workspace/loading.lua:98]: Skip loaded file: file:///home/via/.config/nvim/lua/user/indentline.lua
[22:33:26.890][info] [#0:script/workspace/loading.lua:101]: Preload file at: file:///home/via/.config/nvim/lua/user/lsp/settings/sumneko_lua.lua , size = 0.233 KB
[22:33:26.891][info] [#0:script/workspace/loading.lua:113]: ++++As library of:	file:///home/via/.config/nvim/lua
[22:33:26.891][info] [#0:script/workspace/loading.lua:98]: Skip loaded file: file:///home/via/.config/nvim/lua/user/lsp/settings/sumneko_lua.lua
[22:33:26.891][info] [#0:script/workspace/loading.lua:101]: Preload file at: file:///home/via/.config/nvim/lua/user/lsp/settings/jsonls.lua , size = 5.260 KB
[22:33:26.894][info] [#0:script/workspace/loading.lua:113]: ++++As library of:	file:///home/via/.config/nvim/lua
[22:33:26.894][info] [#0:script/workspace/loading.lua:89]: Skip loaded file: file:///home/via/.config/nvim/lua/user/lsp/settings/jsonls.lua
[22:33:26.894][info] [#0:script/workspace/loading.lua:113]: ++++As library of:	file:///home/via/.config/nvim/lua
[22:33:26.895][info] [#0:script/workspace/loading.lua:101]: Preload file at: file:///home/via/.config/nvim/lua/user/lsp/settings/pyright.lua , size = 0.112 KB
[22:33:26.895][info] [#0:script/workspace/loading.lua:113]: ++++As library of:	file:///home/via/.config/nvim/lua
[22:33:26.895][info] [#0:script/workspace/loading.lua:101]: Preload file at: file:///home/via/.config/nvim/lua/user/lsp/init.lua , size = 0.170 KB
[22:33:26.896][info] [#0:script/workspace/loading.lua:113]: ++++As library of:	file:///home/via/.config/nvim/lua
[22:33:26.896][info] [#0:script/workspace/loading.lua:98]: Skip loaded file: file:///home/via/.config/nvim/lua/user/lsp/settings/pyright.lua
[22:33:26.896][info] [#0:script/workspace/loading.lua:98]: Skip loaded file: file:///home/via/.config/nvim/lua/user/lsp/init.lua
[22:33:26.896][info] [#0:script/workspace/loading.lua:101]: Preload file at: file:///home/via/.config/nvim/lua/user/lsp/null-ls.lua , size = 1.445 KB
[22:33:26.898][info] [#0:script/workspace/loading.lua:113]: ++++As library of:	file:///home/via/.config/nvim/lua
[22:33:26.898][info] [#0:script/workspace/loading.lua:101]: Preload file at: file:///home/via/.config/nvim/lua/user/lsp/mason.lua , size = 0.987 KB
[22:33:26.899][info] [#0:script/workspace/loading.lua:113]: ++++As library of:	file:///home/via/.config/nvim/lua
[22:33:26.900][info] [#0:script/workspace/loading.lua:98]: Skip loaded file: file:///home/via/.config/nvim/lua/user/lsp/null-ls.lua
[22:33:26.900][info] [#0:script/workspace/loading.lua:98]: Skip loaded file: file:///home/via/.config/nvim/lua/user/lsp/mason.lua
[22:33:26.900][info] [#0:script/workspace/loading.lua:101]: Preload file at: file:///home/via/.config/nvim/lua/user/lsp/handlers.lua , size = 2.932 KB
[22:33:26.904][info] [#0:script/workspace/loading.lua:113]: ++++As library of:	file:///home/via/.config/nvim/lua
[22:33:26.904][info] [#0:script/workspace/loading.lua:98]: Skip loaded file: file:///home/via/.config/nvim/lua/user/lsp/handlers.lua
[22:33:26.904][info] [#0:script/workspace/loading.lua:101]: Preload file at: file:///home/via/.config/nvim/lua/user/plugins.lua , size = 6.446 KB
[22:33:26.908][info] [#0:script/workspace/loading.lua:113]: ++++As library of:	file:///home/via/.config/nvim/lua
[22:33:26.908][info] [#0:script/workspace/loading.lua:98]: Skip loaded file: file:///home/via/.config/nvim/lua/user/plugins.lua
[22:33:26.909][info] [#0:script/workspace/loading.lua:101]: Preload file at: file:///home/via/.local/share/nvim/mason/packages/lua-language-server/extension/server/meta/Lua%205.4%20en-us%20utf8/basic.lua , size = 14.160 KB
[22:33:26.926][info] [#0:script/workspace/loading.lua:113]: ++++As library of:	file:///home/via/.local/share/nvim/mason/packages/lua-language-server/extension/server/meta/Lua%205.4%20en-us%20utf8/basic.lua
[22:33:26.926][info] [#0:script/workspace/loading.lua:98]: Skip loaded file: file:///home/via/.local/share/nvim/mason/packages/lua-language-server/extension/server/meta/Lua%205.4%20en-us%20utf8/basic.lua
[22:33:26.926][info] [#0:script/workspace/loading.lua:101]: Preload file at: file:///home/via/.local/share/nvim/mason/packages/lua-language-server/extension/server/meta/Lua%205.4%20en-us%20utf8/math.lua , size = 8.731 KB
[22:33:26.936][info] [#0:script/workspace/loading.lua:113]: ++++As library of:	file:///home/via/.local/share/nvim/mason/packages/lua-language-server/extension/server/meta/Lua%205.4%20en-us%20utf8/math.lua
[22:33:26.936][info] [#0:script/workspace/loading.lua:98]: Skip loaded file: file:///home/via/.local/share/nvim/mason/packages/lua-language-server/extension/server/meta/Lua%205.4%20en-us%20utf8/math.lua
[22:33:26.936][info] [#0:script/workspace/loading.lua:101]: Preload file at: file:///home/via/.local/share/nvim/mason/packages/lua-language-server/extension/server/meta/Lua%205.4%20en-us%20utf8/builtin.lua , size = 0.302 KB
[22:33:26.937][info] [#0:script/workspace/loading.lua:113]: ++++As library of:	file:///home/via/.local/share/nvim/mason/packages/lua-language-server/extension/server/meta/Lua%205.4%20en-us%20utf8/builtin.lua
[22:33:26.937][info] [#0:script/workspace/loading.lua:98]: Skip loaded file: file:///home/via/.local/share/nvim/mason/packages/lua-language-server/extension/server/meta/Lua%205.4%20en-us%20utf8/builtin.lua
[22:33:26.937][info] [#0:script/workspace/loading.lua:101]: Preload file at: file:///home/via/.local/share/bob/v0.8.1/nvim-linux64/share/nvim/runtime/lua/man.lua , size = 21.535 KB
[22:33:26.961][info] [#0:script/workspace/loading.lua:113]: ++++As library of:	file:///home/via/.local/share/bob/v0.8.1/nvim-linux64/share/nvim/runtime/lua
[22:33:26.961][info] [#0:script/workspace/loading.lua:98]: Skip loaded file: file:///home/via/.local/share/bob/v0.8.1/nvim-linux64/share/nvim/runtime/lua/man.lua
[22:33:26.961][info] [#0:script/workspace/loading.lua:101]: Preload file at: file:///home/via/.local/share/bob/v0.8.1/nvim-linux64/share/nvim/runtime/lua/health.lua , size = 0.151 KB
[22:33:26.962][info] [#0:script/workspace/loading.lua:113]: ++++As library of:	file:///home/via/.local/share/bob/v0.8.1/nvim-linux64/share/nvim/runtime/lua
[22:33:26.962][info] [#0:script/workspace/loading.lua:98]: Skip loaded file: file:///home/via/.local/share/bob/v0.8.1/nvim-linux64/share/nvim/runtime/lua/health.lua
[22:33:26.962][info] [#0:script/workspace/loading.lua:101]: Preload file at: file:///home/via/.local/share/bob/v0.8.1/nvim-linux64/share/nvim/runtime/lua/vim/_init_packages.lua , size = 2.644 KB
[22:33:26.965][info] [#0:script/workspace/loading.lua:113]: ++++As library of:	file:///home/via/.local/share/bob/v0.8.1/nvim-linux64/share/nvim/runtime/lua
[22:33:26.965][info] [#0:script/workspace/loading.lua:98]: Skip loaded file: file:///home/via/.local/share/bob/v0.8.1/nvim-linux64/share/nvim/runtime/lua/vim/_init_packages.lua
[22:33:26.965][info] [#0:script/workspace/loading.lua:101]: Preload file at: file:///home/via/.local/share/bob/v0.8.1/nvim-linux64/share/nvim/runtime/lua/vim/filetype.lua , size = 71.949 KB
[22:33:27.045][info] [#0:script/workspace/loading.lua:113]: ++++As library of:	file:///home/via/.local/share/bob/v0.8.1/nvim-linux64/share/nvim/runtime/lua
[22:33:27.045][info] [#0:script/workspace/loading.lua:89]: Skip loaded file: file:///home/via/.local/share/bob/v0.8.1/nvim-linux64/share/nvim/runtime/lua/vim/filetype.lua
[22:33:27.045][info] [#0:script/workspace/loading.lua:113]: ++++As library of:	file:///home/via/.local/share/bob/v0.8.1/nvim-linux64/share/nvim/runtime/lua
[22:33:27.045][info] [#0:script/workspace/loading.lua:101]: Preload file at: file:///home/via/.local/share/bob/v0.8.1/nvim-linux64/share/nvim/runtime/lua/vim/F.lua , size = 0.772 KB
[22:33:27.047][info] [#0:script/workspace/loading.lua:113]: ++++As library of:	file:///home/via/.local/share/bob/v0.8.1/nvim-linux64/share/nvim/runtime/lua
[22:33:27.047][info] [#0:script/workspace/loading.lua:98]: Skip loaded file: file:///home/via/.local/share/bob/v0.8.1/nvim-linux64/share/nvim/runtime/lua/vim/F.lua
[22:33:27.047][info] [#0:script/workspace/loading.lua:101]: Preload file at: file:///home/via/.local/share/bob/v0.8.1/nvim-linux64/share/nvim/runtime/lua/vim/diagnostic.lua , size = 53.583 KB
[22:33:27.111][info] [#0:script/workspace/loading.lua:113]: ++++As library of:	file:///home/via/.local/share/bob/v0.8.1/nvim-linux64/share/nvim/runtime/lua
[22:33:27.111][info] [#0:script/workspace/loading.lua:101]: Preload file at: file:///home/via/.local/share/bob/v0.8.1/nvim-linux64/share/nvim/runtime/lua/vim/_meta.lua , size = 12.160 KB
[22:33:27.125][info] [#0:script/workspace/loading.lua:113]: ++++As library of:	file:///home/via/.local/share/bob/v0.8.1/nvim-linux64/share/nvim/runtime/lua
[22:33:27.125][info] [#0:script/workspace/loading.lua:98]: Skip loaded file: file:///home/via/.local/share/bob/v0.8.1/nvim-linux64/share/nvim/runtime/lua/vim/diagnostic.lua
[22:33:27.125][info] [#0:script/workspace/loading.lua:98]: Skip loaded file: file:///home/via/.local/share/bob/v0.8.1/nvim-linux64/share/nvim/runtime/lua/vim/_meta.lua
[22:33:27.125][info] [#0:script/workspace/loading.lua:101]: Preload file at: file:///home/via/.local/share/bob/v0.8.1/nvim-linux64/share/nvim/runtime/lua/vim/lsp.lua , size = 79.476 KB
[22:33:27.192][info] [#0:script/workspace/loading.lua:113]: ++++As library of:	file:///home/via/.local/share/bob/v0.8.1/nvim-linux64/share/nvim/runtime/lua
[22:33:27.193][info] [#0:script/workspace/loading.lua:89]: Skip loaded file: file:///home/via/.local/share/bob/v0.8.1/nvim-linux64/share/nvim/runtime/lua/vim/lsp.lua
[22:33:27.193][info] [#0:script/workspace/loading.lua:113]: ++++As library of:	file:///home/via/.local/share/bob/v0.8.1/nvim-linux64/share/nvim/runtime/lua
[22:33:27.193][info] [#0:script/workspace/loading.lua:101]: Preload file at: file:///home/via/.local/share/bob/v0.8.1/nvim-linux64/share/nvim/runtime/lua/vim/_editor.lua , size = 26.772 KB
[22:33:27.236][info] [#0:script/workspace/loading.lua:113]: ++++As library of:	file:///home/via/.local/share/bob/v0.8.1/nvim-linux64/share/nvim/runtime/lua
[22:33:27.236][info] [#0:script/workspace/loading.lua:98]: Skip loaded file: file:///home/via/.local/share/bob/v0.8.1/nvim-linux64/share/nvim/runtime/lua/vim/_editor.lua
[22:33:27.236][info] [#0:script/workspace/loading.lua:101]: Preload file at: file:///home/via/.local/share/bob/v0.8.1/nvim-linux64/share/nvim/runtime/lua/vim/ui.lua , size = 3.197 KB
[22:33:27.239][info] [#0:script/workspace/loading.lua:113]: ++++As library of:	file:///home/via/.local/share/bob/v0.8.1/nvim-linux64/share/nvim/runtime/lua
[22:33:27.239][info] [#0:script/workspace/loading.lua:98]: Skip loaded file: file:///home/via/.local/share/bob/v0.8.1/nvim-linux64/share/nvim/runtime/lua/vim/ui.lua
[22:33:27.239][info] [#0:script/workspace/loading.lua:101]: Preload file at: file:///home/via/.local/share/bob/v0.8.1/nvim-linux64/share/nvim/runtime/lua/vim/shared.lua , size = 20.130 KB
[22:33:27.260][info] [#0:script/workspace/loading.lua:113]: ++++As library of:	file:///home/via/.local/share/bob/v0.8.1/nvim-linux64/share/nvim/runtime/lua
[22:33:27.260][info] [#0:script/workspace/loading.lua:89]: Skip loaded file: file:///home/via/.local/share/bob/v0.8.1/nvim-linux64/share/nvim/runtime/lua/vim/shared.lua
[22:33:27.260][info] [#0:script/workspace/loading.lua:113]: ++++As library of:	file:///home/via/.local/share/bob/v0.8.1/nvim-linux64/share/nvim/runtime/lua
[22:33:27.261][info] [#0:script/workspace/loading.lua:101]: Preload file at: file:///home/via/.local/share/bob/v0.8.1/nvim-linux64/share/nvim/runtime/lua/vim/inspect.lua , size = 8.864 KB
[22:33:27.271][info] [#0:script/workspace/loading.lua:113]: ++++As library of:	file:///home/via/.local/share/bob/v0.8.1/nvim-linux64/share/nvim/runtime/lua
[22:33:27.271][info] [#0:script/workspace/loading.lua:98]: Skip loaded file: file:///home/via/.local/share/bob/v0.8.1/nvim-linux64/share/nvim/runtime/lua/vim/inspect.lua
[22:33:27.272][info] [#0:script/workspace/loading.lua:101]: Preload file at: file:///home/via/.local/share/bob/v0.8.1/nvim-linux64/share/nvim/runtime/lua/vim/filetype/detect.lua , size = 47.024 KB
[22:33:27.319][info] [#0:script/workspace/loading.lua:113]: ++++As library of:	file:///home/via/.local/share/bob/v0.8.1/nvim-linux64/share/nvim/runtime/lua
[22:33:27.319][info] [#0:script/workspace/loading.lua:98]: Skip loaded file: file:///home/via/.local/share/bob/v0.8.1/nvim-linux64/share/nvim/runtime/lua/vim/filetype/detect.lua
[22:33:27.319][info] [#0:script/workspace/loading.lua:101]: Preload file at: file:///home/via/.local/share/bob/v0.8.1/nvim-linux64/share/nvim/runtime/lua/vim/treesitter.lua , size = 9.563 KB
[22:33:27.331][info] [#0:script/workspace/loading.lua:113]: ++++As library of:	file:///home/via/.local/share/bob/v0.8.1/nvim-linux64/share/nvim/runtime/lua
[22:33:27.331][info] [#0:script/workspace/loading.lua:89]: Skip loaded file: file:///home/via/.local/share/bob/v0.8.1/nvim-linux64/share/nvim/runtime/lua/vim/treesitter.lua
[22:33:27.331][info] [#0:script/workspace/loading.lua:113]: ++++As library of:	file:///home/via/.local/share/bob/v0.8.1/nvim-linux64/share/nvim/runtime/lua
[22:33:27.331][info] [#0:script/workspace/loading.lua:101]: Preload file at: file:///home/via/.local/share/bob/v0.8.1/nvim-linux64/share/nvim/runtime/lua/vim/keymap.lua , size = 4.280 KB
[22:33:27.336][info] [#0:script/workspace/loading.lua:113]: ++++As library of:	file:///home/via/.local/share/bob/v0.8.1/nvim-linux64/share/nvim/runtime/lua
[22:33:27.336][info] [#0:script/workspace/loading.lua:98]: Skip loaded file: file:///home/via/.local/share/bob/v0.8.1/nvim-linux64/share/nvim/runtime/lua/vim/keymap.lua
[22:33:27.336][info] [#0:script/workspace/loading.lua:101]: Preload file at: file:///home/via/.local/share/bob/v0.8.1/nvim-linux64/share/nvim/runtime/lua/vim/health.lua , size = 1.292 KB
[22:33:27.338][info] [#0:script/workspace/loading.lua:113]: ++++As library of:	file:///home/via/.local/share/bob/v0.8.1/nvim-linux64/share/nvim/runtime/lua
[22:33:27.338][info] [#0:script/workspace/loading.lua:98]: Skip loaded file: file:///home/via/.local/share/bob/v0.8.1/nvim-linux64/share/nvim/runtime/lua/vim/health.lua
[22:33:27.338][info] [#0:script/workspace/loading.lua:101]: Preload file at: file:///home/via/.local/share/bob/v0.8.1/nvim-linux64/share/nvim/runtime/lua/vim/fs.lua , size = 7.002 KB
[22:33:27.345][info] [#0:script/workspace/loading.lua:113]: ++++As library of:	file:///home/via/.local/share/bob/v0.8.1/nvim-linux64/share/nvim/runtime/lua
[22:33:27.345][info] [#0:script/workspace/loading.lua:98]: Skip loaded file: file:///home/via/.local/share/bob/v0.8.1/nvim-linux64/share/nvim/runtime/lua/vim/fs.lua
[22:33:27.345][info] [#0:script/workspace/loading.lua:101]: Preload file at: file:///home/via/.local/share/bob/v0.8.1/nvim-linux64/share/nvim/runtime/lua/vim/uri.lua , size = 3.374 KB
[22:33:27.350][info] [#0:script/workspace/loading.lua:113]: ++++As library of:	file:///home/via/.local/share/bob/v0.8.1/nvim-linux64/share/nvim/runtime/lua
[22:33:27.350][info] [#0:script/workspace/loading.lua:98]: Skip loaded file: file:///home/via/.local/share/bob/v0.8.1/nvim-linux64/share/nvim/runtime/lua/vim/uri.lua
[22:33:27.350][info] [#0:script/workspace/loading.lua:101]: Preload file at: file:///home/via/.local/share/bob/v0.8.1/nvim-linux64/share/nvim/runtime/lua/vim/highlight.lua , size = 4.301 KB
[22:33:27.355][info] [#0:script/workspace/loading.lua:113]: ++++As library of:	file:///home/via/.local/share/bob/v0.8.1/nvim-linux64/share/nvim/runtime/lua
[22:33:27.355][info] [#0:script/workspace/loading.lua:98]: Skip loaded file: file:///home/via/.local/share/bob/v0.8.1/nvim-linux64/share/nvim/runtime/lua/vim/highlight.lua
[22:33:27.355][info] [#0:script/workspace/loading.lua:101]: Preload file at: file:///home/via/.local/share/bob/v0.8.1/nvim-linux64/share/nvim/runtime/lua/vim/treesitter/query.lua , size = 19.206 KB
[22:33:27.375][info] [#0:script/workspace/loading.lua:113]: ++++As library of:	file:///home/via/.local/share/bob/v0.8.1/nvim-linux64/share/nvim/runtime/lua
[22:33:27.376][info] [#0:script/workspace/loading.lua:89]: Skip loaded file: file:///home/via/.local/share/bob/v0.8.1/nvim-linux64/share/nvim/runtime/lua/vim/treesitter/query.lua
[22:33:27.376][info] [#0:script/workspace/loading.lua:113]: ++++As library of:	file:///home/via/.local/share/bob/v0.8.1/nvim-linux64/share/nvim/runtime/lua
[22:33:27.376][info] [#0:script/workspace/loading.lua:101]: Preload file at: file:///home/via/.local/share/bob/v0.8.1/nvim-linux64/share/nvim/runtime/lua/vim/treesitter/languagetree.lua , size = 18.324 KB
[22:33:27.396][info] [#0:script/workspace/loading.lua:113]: ++++As library of:	file:///home/via/.local/share/bob/v0.8.1/nvim-linux64/share/nvim/runtime/lua
[22:33:27.396][info] [#0:script/workspace/loading.lua:98]: Skip loaded file: file:///home/via/.local/share/bob/v0.8.1/nvim-linux64/share/nvim/runtime/lua/vim/treesitter/languagetree.lua
[22:33:27.396][info] [#0:script/workspace/loading.lua:101]: Preload file at: file:///home/via/.local/share/bob/v0.8.1/nvim-linux64/share/nvim/runtime/lua/vim/treesitter/health.lua , size = 1.133 KB
[22:33:27.398][info] [#0:script/workspace/loading.lua:113]: ++++As library of:	file:///home/via/.local/share/bob/v0.8.1/nvim-linux64/share/nvim/runtime/lua
[22:33:27.398][info] [#0:script/workspace/loading.lua:98]: Skip loaded file: file:///home/via/.local/share/bob/v0.8.1/nvim-linux64/share/nvim/runtime/lua/vim/treesitter/health.lua
[22:33:27.398][info] [#0:script/workspace/loading.lua:101]: Preload file at: file:///home/via/.local/share/bob/v0.8.1/nvim-linux64/share/nvim/runtime/lua/vim/treesitter/language.lua , size = 1.429 KB
[22:33:27.401][info] [#0:script/workspace/loading.lua:113]: ++++As library of:	file:///home/via/.local/share/bob/v0.8.1/nvim-linux64/share/nvim/runtime/lua
[22:33:27.401][info] [#0:script/workspace/loading.lua:89]: Skip loaded file: file:///home/via/.local/share/bob/v0.8.1/nvim-linux64/share/nvim/runtime/lua/vim/treesitter/language.lua
[22:33:27.401][info] [#0:script/workspace/loading.lua:113]: ++++As library of:	file:///home/via/.local/share/bob/v0.8.1/nvim-linux64/share/nvim/runtime/lua
[22:33:27.401][info] [#0:script/workspace/loading.lua:101]: Preload file at: file:///home/via/.local/share/bob/v0.8.1/nvim-linux64/share/nvim/runtime/lua/vim/treesitter/highlighter.lua , size = 7.159 KB
[22:33:27.416][info] [#0:script/workspace/loading.lua:113]: ++++As library of:	file:///home/via/.local/share/bob/v0.8.1/nvim-linux64/share/nvim/runtime/lua
[22:33:27.416][info] [#0:script/workspace/loading.lua:98]: Skip loaded file: file:///home/via/.local/share/bob/v0.8.1/nvim-linux64/share/nvim/runtime/lua/vim/treesitter/highlighter.lua
[22:33:27.416][info] [#0:script/workspace/loading.lua:101]: Preload file at: file:///home/via/.local/share/bob/v0.8.1/nvim-linux64/share/nvim/runtime/lua/vim/lsp/diagnostic.lua , size = 7.974 KB
[22:33:27.434][info] [#0:script/workspace/loading.lua:113]: ++++As library of:	file:///home/via/.local/share/bob/v0.8.1/nvim-linux64/share/nvim/runtime/lua
[22:33:27.434][info] [#0:script/workspace/loading.lua:98]: Skip loaded file: file:///home/via/.local/share/bob/v0.8.1/nvim-linux64/share/nvim/runtime/lua/vim/lsp/diagnostic.lua
[22:33:27.436][info] [#0:script/workspace/loading.lua:101]: Preload file at: file:///home/via/.local/share/bob/v0.8.1/nvim-linux64/share/nvim/runtime/lua/vim/lsp/buf.lua , size = 34.338 KB
[22:33:27.526][info] [#0:script/workspace/loading.lua:113]: ++++As library of:	file:///home/via/.local/share/bob/v0.8.1/nvim-linux64/share/nvim/runtime/lua
[22:33:27.526][info] [#0:script/workspace/loading.lua:101]: Preload file at: file:///home/via/.local/share/bob/v0.8.1/nvim-linux64/share/nvim/runtime/lua/vim/lsp/codelens.lua , size = 7.462 KB
[22:33:27.543][info] [#0:script/workspace/loading.lua:113]: ++++As library of:	file:///home/via/.local/share/bob/v0.8.1/nvim-linux64/share/nvim/runtime/lua
[22:33:27.544][info] [#0:script/workspace/loading.lua:98]: Skip loaded file: file:///home/via/.local/share/bob/v0.8.1/nvim-linux64/share/nvim/runtime/lua/vim/lsp/codelens.lua
[22:33:27.544][info] [#0:script/workspace/loading.lua:101]: Preload file at: file:///home/via/.local/share/bob/v0.8.1/nvim-linux64/share/nvim/runtime/lua/vim/lsp/_snippet.lua , size = 10.743 KB
[22:33:27.572][info] [#0:script/workspace/loading.lua:113]: ++++As library of:	file:///home/via/.local/share/bob/v0.8.1/nvim-linux64/share/nvim/runtime/lua
[22:33:27.573][info] [#0:script/workspace/loading.lua:98]: Skip loaded file: file:///home/via/.local/share/bob/v0.8.1/nvim-linux64/share/nvim/runtime/lua/vim/lsp/buf.lua
[22:33:27.573][info] [#0:script/workspace/loading.lua:98]: Skip loaded file: file:///home/via/.local/share/bob/v0.8.1/nvim-linux64/share/nvim/runtime/lua/vim/lsp/_snippet.lua
[22:33:27.573][info] [#0:script/workspace/loading.lua:101]: Preload file at: file:///home/via/.local/share/bob/v0.8.1/nvim-linux64/share/nvim/runtime/lua/vim/lsp/rpc.lua , size = 23.483 KB
[22:33:27.613][info] [#0:script/workspace/loading.lua:113]: ++++As library of:	file:///home/via/.local/share/bob/v0.8.1/nvim-linux64/share/nvim/runtime/lua
[22:33:27.613][info] [#0:script/workspace/loading.lua:98]: Skip loaded file: file:///home/via/.local/share/bob/v0.8.1/nvim-linux64/share/nvim/runtime/lua/vim/lsp/rpc.lua
[22:33:27.615][info] [#0:script/workspace/loading.lua:101]: Preload file at: file:///home/via/.local/share/bob/v0.8.1/nvim-linux64/share/nvim/runtime/lua/vim/lsp/util.lua , size = 68.136 KB
[22:33:27.695][info] [#0:script/workspace/loading.lua:113]: ++++As library of:	file:///home/via/.local/share/bob/v0.8.1/nvim-linux64/share/nvim/runtime/lua
[22:33:27.695][info] [#0:script/workspace/loading.lua:89]: Skip loaded file: file:///home/via/.local/share/bob/v0.8.1/nvim-linux64/share/nvim/runtime/lua/vim/lsp/util.lua
[22:33:27.695][info] [#0:script/workspace/loading.lua:113]: ++++As library of:	file:///home/via/.local/share/bob/v0.8.1/nvim-linux64/share/nvim/runtime/lua
[22:33:27.696][info] [#0:script/workspace/loading.lua:101]: Preload file at: file:///home/via/.local/share/bob/v0.8.1/nvim-linux64/share/nvim/runtime/lua/vim/lsp/sync.lua , size = 15.674 KB
[22:33:27.708][info] [#0:script/workspace/loading.lua:113]: ++++As library of:	file:///home/via/.local/share/bob/v0.8.1/nvim-linux64/share/nvim/runtime/lua
[22:33:27.708][info] [#0:script/workspace/loading.lua:98]: Skip loaded file: file:///home/via/.local/share/bob/v0.8.1/nvim-linux64/share/nvim/runtime/lua/vim/lsp/sync.lua
[22:33:27.708][info] [#0:script/workspace/loading.lua:101]: Preload file at: file:///home/via/.local/share/bob/v0.8.1/nvim-linux64/share/nvim/runtime/lua/vim/lsp/health.lua , size = 0.914 KB
[22:33:27.710][info] [#0:script/workspace/loading.lua:113]: ++++As library of:	file:///home/via/.local/share/bob/v0.8.1/nvim-linux64/share/nvim/runtime/lua
[22:33:27.710][info] [#0:script/workspace/loading.lua:98]: Skip loaded file: file:///home/via/.local/share/bob/v0.8.1/nvim-linux64/share/nvim/runtime/lua/vim/lsp/health.lua
[22:33:27.710][info] [#0:script/workspace/loading.lua:101]: Preload file at: file:///home/via/.local/share/bob/v0.8.1/nvim-linux64/share/nvim/runtime/lua/vim/lsp/tagfunc.lua , size = 2.343 KB
[22:33:27.713][info] [#0:script/workspace/loading.lua:113]: ++++As library of:	file:///home/via/.local/share/bob/v0.8.1/nvim-linux64/share/nvim/runtime/lua
[22:33:27.713][info] [#0:script/workspace/loading.lua:89]: Skip loaded file: file:///home/via/.local/share/bob/v0.8.1/nvim-linux64/share/nvim/runtime/lua/vim/lsp/tagfunc.lua
[22:33:27.713][info] [#0:script/workspace/loading.lua:113]: ++++As library of:	file:///home/via/.local/share/bob/v0.8.1/nvim-linux64/share/nvim/runtime/lua
[22:33:27.714][info] [#0:script/workspace/loading.lua:101]: Preload file at: file:///home/via/.local/share/bob/v0.8.1/nvim-linux64/share/nvim/runtime/lua/vim/lsp/protocol.lua , size = 33.774 KB
[22:33:27.730][info] [#0:script/workspace/loading.lua:113]: ++++As library of:	file:///home/via/.local/share/bob/v0.8.1/nvim-linux64/share/nvim/runtime/lua
[22:33:27.730][info] [#0:script/workspace/loading.lua:98]: Skip loaded file: file:///home/via/.local/share/bob/v0.8.1/nvim-linux64/share/nvim/runtime/lua/vim/lsp/protocol.lua
[22:33:27.730][info] [#0:script/workspace/loading.lua:101]: Preload file at: file:///home/via/.local/share/bob/v0.8.1/nvim-linux64/share/nvim/runtime/lua/vim/lsp/handlers.lua , size = 20.523 KB
[22:33:27.749][info] [#0:script/workspace/loading.lua:113]: ++++As library of:	file:///home/via/.local/share/bob/v0.8.1/nvim-linux64/share/nvim/runtime/lua
[22:33:27.749][info] [#0:script/workspace/loading.lua:98]: Skip loaded file: file:///home/via/.local/share/bob/v0.8.1/nvim-linux64/share/nvim/runtime/lua/vim/lsp/handlers.lua
[22:33:27.749][info] [#0:script/workspace/loading.lua:101]: Preload file at: file:///home/via/.local/share/bob/v0.8.1/nvim-linux64/share/nvim/runtime/lua/vim/lsp/log.lua , size = 4.958 KB
[22:33:27.755][info] [#0:script/workspace/loading.lua:113]: ++++As library of:	file:///home/via/.local/share/bob/v0.8.1/nvim-linux64/share/nvim/runtime/lua
[22:33:27.755][info] [#0:script/workspace/loading.lua:101]: Preload file at: file:///home/via/.local/share/bob/v0.8.1/nvim-linux64/share/nvim/runtime/lua/man/health.lua , size = 0.489 KB
[22:33:27.756][info] [#0:script/workspace/loading.lua:113]: ++++As library of:	file:///home/via/.local/share/bob/v0.8.1/nvim-linux64/share/nvim/runtime/lua
[22:33:27.756][info] [#0:script/workspace/loading.lua:98]: Skip loaded file: file:///home/via/.local/share/bob/v0.8.1/nvim-linux64/share/nvim/runtime/lua/vim/lsp/log.lua
[22:33:27.756][info] [#0:script/workspace/loading.lua:89]: Skip loaded file: file:///home/via/.local/share/bob/v0.8.1/nvim-linux64/share/nvim/runtime/lua/man/health.lua
[22:33:27.756][info] [#0:script/workspace/loading.lua:113]: ++++As library of:	file:///home/via/.local/share/bob/v0.8.1/nvim-linux64/share/nvim/runtime/lua
[22:33:27.757][info] [#0:script/workspace/loading.lua:101]: Preload file at: file:///home/via/.local/share/nvim/mason/packages/lua-language-server/extension/server/meta/Lua%205.4%20en-us%20utf8/string.lua , size = 6.302 KB
[22:33:27.763][info] [#0:script/workspace/loading.lua:113]: ++++As library of:	file:///home/via/.local/share/nvim/mason/packages/lua-language-server/extension/server/meta/Lua%205.4%20en-us%20utf8/string.lua
[22:33:27.763][info] [#0:script/workspace/loading.lua:89]: Skip loaded file: file:///home/via/.local/share/nvim/mason/packages/lua-language-server/extension/server/meta/Lua%205.4%20en-us%20utf8/string.lua
[22:33:27.763][info] [#0:script/workspace/loading.lua:113]: ++++As library of:	file:///home/via/.local/share/nvim/mason/packages/lua-language-server/extension/server/meta/Lua%205.4%20en-us%20utf8/string.lua
[22:33:27.764][info] [#0:script/workspace/loading.lua:101]: Preload file at: file:///home/via/.local/share/nvim/mason/packages/lua-language-server/extension/server/meta/Lua%205.4%20en-us%20utf8/table.lua , size = 4.230 KB
[22:33:27.769][info] [#0:script/workspace/loading.lua:113]: ++++As library of:	file:///home/via/.local/share/nvim/mason/packages/lua-language-server/extension/server/meta/Lua%205.4%20en-us%20utf8/table.lua
[22:33:27.769][info] [#0:script/workspace/loading.lua:89]: Skip loaded file: file:///home/via/.local/share/nvim/mason/packages/lua-language-server/extension/server/meta/Lua%205.4%20en-us%20utf8/table.lua
[22:33:27.769][info] [#0:script/workspace/loading.lua:113]: ++++As library of:	file:///home/via/.local/share/nvim/mason/packages/lua-language-server/extension/server/meta/Lua%205.4%20en-us%20utf8/table.lua
[22:33:27.770][info] [#0:script/workspace/loading.lua:101]: Preload file at: file:///home/via/.local/share/nvim/mason/packages/lua-language-server/extension/server/meta/Lua%205.4%20en-us%20utf8/coroutine.lua , size = 2.590 KB
[22:33:27.774][info] [#0:script/workspace/loading.lua:113]: ++++As library of:	file:///home/via/.local/share/nvim/mason/packages/lua-language-server/extension/server/meta/Lua%205.4%20en-us%20utf8/coroutine.lua
[22:33:27.775][info] [#0:script/workspace/loading.lua:89]: Skip loaded file: file:///home/via/.local/share/nvim/mason/packages/lua-language-server/extension/server/meta/Lua%205.4%20en-us%20utf8/coroutine.lua
[22:33:27.775][info] [#0:script/workspace/loading.lua:113]: ++++As library of:	file:///home/via/.local/share/nvim/mason/packages/lua-language-server/extension/server/meta/Lua%205.4%20en-us%20utf8/coroutine.lua
[22:33:27.775][info] [#0:script/workspace/loading.lua:173]: Loaded files takes [0.985] sec: <fallback>
[22:33:27.775][info] [#0:script/workspace/loading.lua:182]: Compile files takes [0.000] sec: <fallback>
[22:33:27.775][info] [#0:script/workspace/loading.lua:183]: Loaded finish:	<fallback>
[22:33:27.775][info] [#0:script/workspace/workspace.lua:379]: Preload finish at:	<fallback>
[22:33:27.823][info] [#0:script/workspace/loading.lua:89]: Skip loaded file: file:///home/via/.config/nvim/lua/user/keymaps.lua
[22:33:27.824][info] [#0:script/workspace/loading.lua:101]: Preload file at: file:///home/via/.config/nvim/init.lua , size = 0.542 KB
[22:33:27.824][info] [#0:script/workspace/loading.lua:89]: Skip loaded file: file:///home/via/.config/nvim/lua/user/cmp.lua
[22:33:27.825][info] [#0:script/workspace/loading.lua:89]: Skip loaded file: file:///home/via/.config/nvim/lua/user/project.lua
[22:33:27.825][info] [#0:script/workspace/loading.lua:89]: Skip loaded file: file:///home/via/.config/nvim/lua/user/alpha.lua
[22:33:27.825][info] [#0:script/workspace/loading.lua:89]: Skip loaded file: file:///home/via/.config/nvim/lua/user/whichkey.lua
[22:33:27.825][info] [#0:script/workspace/loading.lua:89]: Skip loaded file: file:///home/via/.config/nvim/lua/user/bufferline.lua
[22:33:27.825][info] [#0:script/workspace/loading.lua:89]: Skip loaded file: file:///home/via/.config/nvim/lua/user/colorscheme.lua
[22:33:27.825][info] [#0:script/workspace/loading.lua:89]: Skip loaded file: file:///home/via/.config/nvim/lua/user/autopairs.lua
[22:33:27.825][info] [#0:script/workspace/loading.lua:89]: Skip loaded file: file:///home/via/.config/nvim/lua/user/treesitter.lua
[22:33:27.825][info] [#0:script/workspace/loading.lua:89]: Skip loaded file: file:///home/via/.config/nvim/lua/user/gitsigns.lua
[22:33:27.825][info] [#0:script/workspace/loading.lua:89]: Skip loaded file: file:///home/via/.config/nvim/lua/user/nvim-notify.lua
[22:33:27.825][info] [#0:script/workspace/loading.lua:89]: Skip loaded file: file:///home/via/.config/nvim/lua/user/autocommands.lua
[22:33:27.825][info] [#0:script/workspace/loading.lua:89]: Skip loaded file: file:///home/via/.config/nvim/lua/user/nvim-tree.lua
[22:33:27.825][info] [#0:script/workspace/loading.lua:89]: Skip loaded file: file:///home/via/.config/nvim/lua/user/lualine.lua
[22:33:27.825][info] [#0:script/workspace/loading.lua:89]: Skip loaded file: file:///home/via/.config/nvim/lua/user/impatient.lua
[22:33:27.825][info] [#0:script/workspace/loading.lua:89]: Skip loaded file: file:///home/via/.config/nvim/lua/user/comment.lua
[22:33:27.825][info] [#0:script/workspace/loading.lua:89]: Skip loaded file: file:///home/via/.config/nvim/lua/user/prettier.lua
[22:33:27.825][info] [#0:script/workspace/loading.lua:89]: Skip loaded file: file:///home/via/.config/nvim/lua/user/telescope.lua
[22:33:27.825][info] [#0:script/workspace/loading.lua:89]: Skip loaded file: file:///home/via/.config/nvim/lua/user/options.lua
[22:33:27.825][info] [#0:script/workspace/loading.lua:89]: Skip loaded file: file:///home/via/.config/nvim/lua/user/toggleterm.lua
[22:33:27.825][info] [#0:script/workspace/loading.lua:89]: Skip loaded file: file:///home/via/.config/nvim/lua/user/indentline.lua
[22:33:27.825][info] [#0:script/workspace/loading.lua:89]: Skip loaded file: file:///home/via/.config/nvim/lua/user/lsp/settings/sumneko_lua.lua
[22:33:27.826][info] [#0:script/workspace/loading.lua:89]: Skip loaded file: file:///home/via/.config/nvim/lua/user/lsp/settings/jsonls.lua
[22:33:27.826][info] [#0:script/workspace/loading.lua:89]: Skip loaded file: file:///home/via/.config/nvim/lua/user/lsp/settings/pyright.lua
[22:33:27.826][info] [#0:script/workspace/loading.lua:89]: Skip loaded file: file:///home/via/.config/nvim/lua/user/lsp/init.lua
[22:33:27.826][info] [#0:script/workspace/loading.lua:89]: Skip loaded file: file:///home/via/.config/nvim/lua/user/lsp/null-ls.lua
[22:33:27.826][info] [#0:script/workspace/loading.lua:89]: Skip loaded file: file:///home/via/.config/nvim/lua/user/lsp/mason.lua
[22:33:27.826][info] [#0:script/workspace/loading.lua:89]: Skip loaded file: file:///home/via/.config/nvim/lua/user/lsp/handlers.lua
[22:33:27.826][info] [#0:script/workspace/loading.lua:89]: Skip loaded file: file:///home/via/.config/nvim/lua/user/plugins.lua
[22:33:27.826][info] [#0:script/workspace/loading.lua:173]: Loaded files takes [1.036] sec: file:///home/via/.config/nvim
[22:33:27.826][info] [#0:script/workspace/loading.lua:182]: Compile files takes [0.000] sec: file:///home/via/.config/nvim
[22:33:27.826][info] [#0:script/workspace/loading.lua:183]: Loaded finish:	file:///home/via/.config/nvim
[22:33:27.826][info] [#0:script/workspace/workspace.lua:379]: Preload finish at:	file:///home/via/.config/nvim
[22:33:27.877][info] [#0:script/provider/diagnostic.lua:557]: Diagnostics scope [file:///home/via/.config/nvim], files count:[78]
[22:33:27.879][warn] [#0:script/proto/proto.lua:178]: Method [textDocument/didOpen] takes [1.165]sec. {
  jsonrpc = "2.0",
  method = "textDocument/didOpen",
  params = {
    textDocument = {
      languageId = "lua",
      text = '"***"',
      uri = "file:///home/via/.config/nvim/lua/user/whichkey.lua",
      version = 0
    }
  }
}
[22:33:27.880][warn] [#0:script/proto/proto.lua:178]: Method [textDocument/documentHighlight] takes [1.165]sec. {
  id = 2,
  jsonrpc = "2.0",
  method = "textDocument/documentHighlight",
  params = {
    position = {
      character = 0,
      line = 0
    },
    textDocument = {
      uri = "file:///home/via/.config/nvim/lua/user/whichkey.lua"
    }
  }
}
[22:33:27.880][warn] [#0:script/proto/proto.lua:178]: Method [textDocument/documentHighlight] takes [1.090]sec. {
  id = 3,
  jsonrpc = "2.0",
  method = "textDocument/documentHighlight",
  params = {
    position = {
      character = 0,
      line = 1
    },
    textDocument = {
      uri = "file:///home/via/.config/nvim/lua/user/whichkey.lua"
    }
  }
}
[22:33:28.694][warn] [#0:script/core/diagnostics/init.lua:136]: Diagnostics [redundant-value] @ [file:///home/via/.config/nvim/lua/user/whichkey.lua] takes [0.609] sec!
[22:33:29.019][info] [#0:script/provider/diagnostic.lua:574]: Diagnostics scope [file:///home/via/.config/nvim] finished, takes [1.132] sec.
[22:33:47.781][info] [#0:script/provider/diagnostic.lua:557]: Diagnostics scope [file:///home/via/.config/nvim], files count:[78]
[22:33:48.083][info] [#0:script/provider/diagnostic.lua:574]: Diagnostics scope [file:///home/via/.config/nvim] finished, takes [0.300] sec.
[22:33:50.634][info] [#0:script/provider/diagnostic.lua:171]: clearDiagnostics	file:///home/via/.config/nvim/lua/user/whichkey.lua
[22:33:54.489][info] [#0:script/provider/diagnostic.lua:171]: clearDiagnostics	file:///home/via/.config/nvim/lua/user/whichkey.lua
[22:34:00.477][info] [#0:script/provider/diagnostic.lua:557]: Diagnostics scope [file:///home/via/.config/nvim], files count:[78]
[22:34:00.762][info] [#0:script/provider/diagnostic.lua:574]: Diagnostics scope [file:///home/via/.config/nvim] finished, takes [0.285] sec.
[22:34:23.180][info] [#0:script/provider/provider.lua:169]: Server shutdown.
[22:34:23.180][warn] [#0:script/pub/report.lua:25]: Load proto error:	Disconnected!
