[23:56:34.598][info] [#0:/home/via/.local/share/nvim/mason/packages/lua-language-server/extension/server/main.lua:66]: Lua Lsp startup, root: 	/home/via/.local/share/nvim/mason/packages/lua-language-server/extension/server
[23:56:34.598][info] [#0:/home/via/.local/share/nvim/mason/packages/lua-language-server/extension/server/main.lua:67]: ROOT:	/home/via/.local/share/nvim/mason/packages/lua-language-server/extension/server
[23:56:34.598][info] [#0:/home/via/.local/share/nvim/mason/packages/lua-language-server/extension/server/main.lua:68]: LOGPATH:	/home/via/.local/share/nvim/mason/packages/lua-language-server/extension/server/log
[23:56:34.598][info] [#0:/home/via/.local/share/nvim/mason/packages/lua-language-server/extension/server/main.lua:69]: METAPATH:	/home/via/.local/share/nvim/mason/packages/lua-language-server/extension/server/meta
[23:56:34.598][info] [#0:/home/via/.local/share/nvim/mason/packages/lua-language-server/extension/server/main.lua:70]: VERSION:	3.6.18
[23:56:34.637][info] [#0:script/service/service.lua:144]: 
========= Medical Examination Report =========
    --------------- Memory ---------------
        Total: 2.113 MB
        # 00 : 2.113 MB
        # 01 : 0.000 MB
        # 02 : 0.000 MB
        # 03 : 0.000 MB
        # 04 : 0.000 MB
    --------------- Coroutine ---------------
        Total:     0
        Running:   0
        Suspended: 0
        Normal:    0
        Dead:      0
    --------------- Cache ---------------
        Total: 1
        Dead:  0
    ---------------  RPC  ---------------
        Holdon:   0
        Waiting:  0
==============================================
[23:56:34.647][info] [#0:script/client.lua:657]: Client init	{
  capabilities = {
    callHierarchy = {
      dynamicRegistration = false
    },
    textDocument = {
      codeAction = {
        codeActionLiteralSupport = {
          codeActionKind = {
            valueSet = { "", "Empty", "QuickFix", "Refactor", "RefactorExtract", "RefactorInline", "RefactorRewrite", "Source", "SourceOrganizeImports", "quickfix", "refactor", "refactor.extract", "refactor.inline", "refactor.rewrite", "source", "source.organizeImports" }
          }
        },
        dataSupport = true,
        dynamicRegistration = false,
        isPreferredSupport = true,
        resolveSupport = {
          properties = { "edit" }
        }
      },
      completion = {
        completionItem = {
          commitCharactersSupport = true,
          deprecatedSupport = true,
          documentationFormat = { "markdown", "plaintext" },
          insertReplaceSupport = true,
          labelDetailsSupport = true,
          preselectSupport = true,
          resolveSupport = {
            properties = { "documentation", "detail", "additionalTextEdits" }
          },
          snippetSupport = true,
          tagSupport = {
            valueSet = { 1 }
          }
        },
        completionItemKind = {
          valueSet = { 1, 2, 3, 4, 5, 6, 7, 8, 9, 10, 11, 12, 13, 14, 15, 16, 17, 18, 19, 20, 21, 22, 23, 24, 25 }
        },
        contextSupport = false,
        dynamicRegistration = false
      },
      declaration = {
        linkSupport = true
      },
      definition = {
        linkSupport = true
      },
      documentHighlight = {
        dynamicRegistration = false
      },
      documentSymbol = {
        dynamicRegistration = false,
        hierarchicalDocumentSymbolSupport = true,
        symbolKind = {
          valueSet = { 1, 2, 3, 4, 5, 6, 7, 8, 9, 10, 11, 12, 13, 14, 15, 16, 17, 18, 19, 20, 21, 22, 23, 24, 25, 26 }
        }
      },
      hover = {
        contentFormat = { "markdown", "plaintext" },
        dynamicRegistration = false
      },
      implementation = {
        linkSupport = true
      },
      publishDiagnostics = {
        relatedInformation = true,
        tagSupport = {
          valueSet = { 1, 2 }
        }
      },
      references = {
        dynamicRegistration = false
      },
      rename = {
        dynamicRegistration = false,
        prepareSupport = true
      },
      signatureHelp = {
        dynamicRegistration = false,
        signatureInformation = {
          activeParameterSupport = true,
          documentationFormat = { "markdown", "plaintext" },
          parameterInformation = {
            labelOffsetSupport = true
          }
        }
      },
      synchronization = {
        didSave = true,
        dynamicRegistration = false,
        willSave = false,
        willSaveWaitUntil = false
      },
      typeDefinition = {
        linkSupport = true
      }
    },
    window = {
      showDocument = {
        support = false
      },
      showMessage = {
        messageActionItem = {
          additionalPropertiesSupport = false
        }
      },
      workDoneProgress = true
    },
    workspace = {
      applyEdit = true,
      configuration = true,
      symbol = {
        dynamicRegistration = false,
        hierarchicalWorkspaceSymbolSupport = true,
        symbolKind = {
          valueSet = { 1, 2, 3, 4, 5, 6, 7, 8, 9, 10, 11, 12, 13, 14, 15, 16, 17, 18, 19, 20, 21, 22, 23, 24, 25, 26 }
        }
      },
      workspaceEdit = {
        resourceOperations = { "rename", "create", "delete" }
      },
      workspaceFolders = true
    }
  },
  clientInfo = {
    name = "Neovim",
    version = "0.8.1"
  },
  initializationOptions = {},
  processId = 8260,
  rootPath = "/home/via/.local/share/nvim/site/pack/packer/start/tokyonight.nvim",
  rootUri = "file:///home/via/.local/share/nvim/site/pack/packer/start/tokyonight.nvim",
  trace = "off",
  workspaceFolders = { {
      name = "/home/via/.local/share/nvim/site/pack/packer/start/tokyonight.nvim",
      uri = "file:///home/via/.local/share/nvim/site/pack/packer/start/tokyonight.nvim"
    } }
}
[23:56:34.647][info] [#0:script/language.lua:137]: VSC language: nil
[23:56:34.647][info] [#0:script/language.lua:138]: LS  language: en-us
[23:56:34.647][info] [#0:script/workspace/workspace.lua:38]: Workspace init root: 	file:///home/via/.local/share/nvim/site/pack/packer/start/tokyonight.nvim
[23:56:34.647][info] [#0:script/workspace/workspace.lua:42]: Log path: 	/home/via/.local/share/nvim/mason/packages/lua-language-server/extension/server/log/file_home_via_.local_share_nvim_site_pack_packer_start_tokyonight.nvim.log
[23:56:34.648][info] [#0:script/workspace/workspace.lua:48]: Workspace create: 	file:///home/via/.local/share/nvim/site/pack/packer/start/tokyonight.nvim
[23:56:34.752][info] [#0:script/provider/provider.lua:46]: Load config from client	file:///home/via/.local/share/nvim/site/pack/packer/start/tokyonight.nvim
[23:56:34.753][info] [#0:script/provider/provider.lua:47]: {
  Lua = {
    diagnostics = {
      globals = { "vim" }
    },
    telemetry = {
      enable = false
    },
    workspace = {
      library = {
        ["/home/via/.config/nvim/lua"] = true,
        ["/home/via/.local/share/bob/v0.8.1/nvim-linux64/share/nvim/runtime/lua"] = true
      }
    }
  }
}
[23:56:34.753][info] [#0:script/provider/provider.lua:46]: Load config from client	file:///home/via/.local/share/nvim/site/pack/packer/start/tokyonight.nvim
[23:56:34.753][info] [#0:script/provider/provider.lua:47]: {
  Lua = {
    diagnostics = {
      globals = { "vim" }
    },
    telemetry = {
      enable = false
    },
    workspace = {
      library = {
        ["/home/via/.config/nvim/lua"] = true,
        ["/home/via/.local/share/bob/v0.8.1/nvim-linux64/share/nvim/runtime/lua"] = true
      }
    }
  }
}
[23:56:34.754][info] [#0:script/provider/provider.lua:46]: Load config from client	file:///home/via/.local/share/nvim/site/pack/packer/start/tokyonight.nvim
[23:56:34.754][info] [#0:script/provider/provider.lua:47]: {
  Lua = {
    diagnostics = {
      globals = { "vim" }
    },
    telemetry = {
      enable = false
    },
    workspace = {
      library = {
        ["/home/via/.config/nvim/lua"] = true,
        ["/home/via/.local/share/bob/v0.8.1/nvim-linux64/share/nvim/runtime/lua"] = true
      }
    }
  }
}
[23:56:34.855][info] [#0:script/provider/provider.lua:61]: Load config from client	fallback
[23:56:34.855][info] [#0:script/provider/provider.lua:62]: {
  Lua = {
    diagnostics = {
      globals = { "vim" }
    },
    telemetry = {
      enable = false
    },
    workspace = {
      library = {
        ["/home/via/.config/nvim/lua"] = true,
        ["/home/via/.local/share/bob/v0.8.1/nvim-linux64/share/nvim/runtime/lua"] = true
      }
    }
  }
}
[23:56:34.855][info] [#0:script/library.lua:212]: Init builtin library at:	file:///home/via/.local/share/nvim/site/pack/packer/start/tokyonight.nvim
[23:56:34.873][info] [#0:script/plugin.lua:86]: plugin path:	/home/via/.local/share/nvim/site/pack/packer/start/tokyonight.nvim
[23:56:34.873][warn] [#0:script/plugin.lua:101]: plugin not found:	/home/via/.local/share/nvim/site/pack/packer/start/tokyonight.nvim
[23:56:34.873][info] [#0:script/library.lua:212]: Init builtin library at:	nil
[23:56:34.890][info] [#0:script/provider/provider.lua:61]: Load config from client	fallback
[23:56:34.890][info] [#0:script/provider/provider.lua:62]: {
  Lua = {
    diagnostics = {
      globals = { "vim" }
    },
    telemetry = {
      enable = false
    },
    workspace = {
      library = {
        ["/home/via/.config/nvim/lua"] = true,
        ["/home/via/.local/share/bob/v0.8.1/nvim-linux64/share/nvim/runtime/lua"] = true
      }
    }
  }
}
[23:56:34.890][info] [#0:script/provider/provider.lua:61]: Load config from client	fallback
[23:56:34.890][info] [#0:script/provider/provider.lua:62]: {
  Lua = {
    diagnostics = {
      globals = { "vim" }
    },
    telemetry = {
      enable = false
    },
    workspace = {
      library = {
        ["/home/via/.config/nvim/lua"] = true,
        ["/home/via/.local/share/bob/v0.8.1/nvim-linux64/share/nvim/runtime/lua"] = true
      }
    }
  }
}
[23:56:34.991][info] [#0:script/workspace/workspace.lua:322]: Preload start:	file:///home/via/.local/share/nvim/site/pack/packer/start/tokyonight.nvim
[23:56:34.996][info] [#0:script/workspace/workspace.lua:328]: Scan files at:	file:///home/via/.local/share/nvim/site/pack/packer/start/tokyonight.nvim
[23:56:35.001][info] [#0:script/workspace/workspace.lua:322]: Preload start:	<fallback>
[23:56:35.005][info] [#0:script/workspace/workspace.lua:351]: Scan library at:	file:///home/via/.local/share/nvim/mason/packages/lua-language-server/extension/server/meta/Lua%205.4%20en-us%20utf8/coroutine.lua
[23:56:35.005][info] [#0:script/workspace/workspace.lua:351]: Scan library at:	file:///home/via/.local/share/nvim/mason/packages/lua-language-server/extension/server/meta/Lua%205.4%20en-us%20utf8/table.lua
[23:56:35.005][info] [#0:script/workspace/workspace.lua:351]: Scan library at:	file:///home/via/.local/share/nvim/mason/packages/lua-language-server/extension/server/meta/Lua%205.4%20en-us%20utf8/string.lua
[23:56:35.005][info] [#0:script/workspace/workspace.lua:351]: Scan library at:	file:///home/via/.local/share/bob/v0.8.1/nvim-linux64/share/nvim/runtime/lua
[23:56:35.014][info] [#0:script/workspace/workspace.lua:351]: Scan library at:	file:///home/via/.local/share/nvim/mason/packages/lua-language-server/extension/server/meta/Lua%205.4%20en-us%20utf8/builtin.lua
[23:56:35.015][info] [#0:script/workspace/workspace.lua:351]: Scan library at:	file:///home/via/.local/share/nvim/mason/packages/lua-language-server/extension/server/meta/Lua%205.4%20en-us%20utf8/math.lua
[23:56:35.015][info] [#0:script/workspace/workspace.lua:351]: Scan library at:	file:///home/via/.local/share/nvim/mason/packages/lua-language-server/extension/server/meta/Lua%205.4%20en-us%20utf8/basic.lua
[23:56:35.015][info] [#0:script/workspace/workspace.lua:351]: Scan library at:	file:///home/via/.config/nvim/lua
[23:56:35.021][info] [#0:script/workspace/workspace.lua:351]: Scan library at:	file:///home/via/.local/share/nvim/mason/packages/lua-language-server/extension/server/meta/Lua%205.4%20en-us%20utf8/utf8.lua
[23:56:35.021][info] [#0:script/workspace/workspace.lua:351]: Scan library at:	file:///home/via/.local/share/nvim/mason/packages/lua-language-server/extension/server/meta/Lua%205.4%20en-us%20utf8/package.lua
[23:56:35.021][info] [#0:script/workspace/workspace.lua:351]: Scan library at:	file:///home/via/.local/share/nvim/mason/packages/lua-language-server/extension/server/meta/Lua%205.4%20en-us%20utf8/io.lua
[23:56:35.022][info] [#0:script/workspace/workspace.lua:351]: Scan library at:	file:///home/via/.local/share/nvim/mason/packages/lua-language-server/extension/server/meta/Lua%205.4%20en-us%20utf8/debug.lua
[23:56:35.022][info] [#0:script/workspace/workspace.lua:351]: Scan library at:	file:///home/via/.local/share/nvim/mason/packages/lua-language-server/extension/server/meta/Lua%205.4%20en-us%20utf8/os.lua
[23:56:35.022][info] [#0:script/workspace/workspace.lua:351]: Scan library at:	file:///home/via/.local/share/nvim/mason/packages/lua-language-server/extension/server/meta/Lua%205.4%20en-us%20utf8/coroutine.lua
[23:56:35.023][info] [#0:script/workspace/workspace.lua:351]: Scan library at:	file:///home/via/.local/share/nvim/mason/packages/lua-language-server/extension/server/meta/Lua%205.4%20en-us%20utf8/table.lua
[23:56:35.023][info] [#0:script/workspace/workspace.lua:351]: Scan library at:	file:///home/via/.local/share/nvim/mason/packages/lua-language-server/extension/server/meta/Lua%205.4%20en-us%20utf8/string.lua
[23:56:35.023][info] [#0:script/workspace/workspace.lua:351]: Scan library at:	file:///home/via/.local/share/bob/v0.8.1/nvim-linux64/share/nvim/runtime/lua
[23:56:35.027][info] [#0:script/workspace/workspace.lua:351]: Scan library at:	file:///home/via/.local/share/nvim/mason/packages/lua-language-server/extension/server/meta/Lua%205.4%20en-us%20utf8/builtin.lua
[23:56:35.027][info] [#0:script/workspace/workspace.lua:351]: Scan library at:	file:///home/via/.local/share/nvim/mason/packages/lua-language-server/extension/server/meta/Lua%205.4%20en-us%20utf8/math.lua
[23:56:35.027][info] [#0:script/workspace/workspace.lua:351]: Scan library at:	file:///home/via/.local/share/nvim/mason/packages/lua-language-server/extension/server/meta/Lua%205.4%20en-us%20utf8/basic.lua
[23:56:35.027][info] [#0:script/workspace/workspace.lua:351]: Scan library at:	file:///home/via/.config/nvim/lua
[23:56:35.029][info] [#0:script/workspace/workspace.lua:351]: Scan library at:	file:///home/via/.local/share/nvim/mason/packages/lua-language-server/extension/server/meta/Lua%205.4%20en-us%20utf8/utf8.lua
[23:56:35.030][info] [#0:script/workspace/workspace.lua:351]: Scan library at:	file:///home/via/.local/share/nvim/mason/packages/lua-language-server/extension/server/meta/Lua%205.4%20en-us%20utf8/package.lua
[23:56:35.030][info] [#0:script/workspace/workspace.lua:351]: Scan library at:	file:///home/via/.local/share/nvim/mason/packages/lua-language-server/extension/server/meta/Lua%205.4%20en-us%20utf8/io.lua
[23:56:35.030][info] [#0:script/workspace/workspace.lua:351]: Scan library at:	file:///home/via/.local/share/nvim/mason/packages/lua-language-server/extension/server/meta/Lua%205.4%20en-us%20utf8/debug.lua
[23:56:35.030][info] [#0:script/workspace/workspace.lua:351]: Scan library at:	file:///home/via/.local/share/nvim/mason/packages/lua-language-server/extension/server/meta/Lua%205.4%20en-us%20utf8/os.lua
[23:56:35.130][info] [#0:script/workspace/workspace.lua:377]: Found 77 files at:	<fallback>
[23:56:35.131][info] [#0:script/workspace/loading.lua:161]: Load files from disk:	<fallback>
[23:56:35.131][info] [#0:script/workspace/workspace.lua:377]: Found 107 files at:	file:///home/via/.local/share/nvim/site/pack/packer/start/tokyonight.nvim
[23:56:35.131][info] [#0:script/workspace/loading.lua:161]: Load files from disk:	file:///home/via/.local/share/nvim/site/pack/packer/start/tokyonight.nvim
[23:56:35.132][info] [#0:script/workspace/loading.lua:101]: Preload file at: file:///home/via/.local/share/nvim/mason/packages/lua-language-server/extension/server/meta/Lua%205.4%20en-us%20utf8/os.lua , size = 4.347 KB
[23:56:35.140][info] [#0:script/workspace/loading.lua:113]: ++++As library of:	file:///home/via/.local/share/nvim/mason/packages/lua-language-server/extension/server/meta/Lua%205.4%20en-us%20utf8/os.lua
[23:56:35.140][info] [#0:script/workspace/loading.lua:101]: Preload file at: file:///home/via/.local/share/nvim/mason/packages/lua-language-server/extension/server/meta/Lua%205.4%20en-us%20utf8/debug.lua , size = 7.637 KB
[23:56:35.149][info] [#0:script/workspace/loading.lua:113]: ++++As library of:	file:///home/via/.local/share/nvim/mason/packages/lua-language-server/extension/server/meta/Lua%205.4%20en-us%20utf8/debug.lua
[23:56:35.149][info] [#0:script/workspace/loading.lua:98]: Skip loaded file: file:///home/via/.local/share/nvim/mason/packages/lua-language-server/extension/server/meta/Lua%205.4%20en-us%20utf8/debug.lua
[23:56:35.149][info] [#0:script/workspace/loading.lua:98]: Skip loaded file: file:///home/via/.local/share/nvim/mason/packages/lua-language-server/extension/server/meta/Lua%205.4%20en-us%20utf8/os.lua
[23:56:35.149][info] [#0:script/workspace/loading.lua:101]: Preload file at: file:///home/via/.local/share/nvim/mason/packages/lua-language-server/extension/server/meta/Lua%205.4%20en-us%20utf8/io.lua , size = 6.364 KB
[23:56:35.156][info] [#0:script/workspace/loading.lua:113]: ++++As library of:	file:///home/via/.local/share/nvim/mason/packages/lua-language-server/extension/server/meta/Lua%205.4%20en-us%20utf8/io.lua
[23:56:35.156][info] [#0:script/workspace/loading.lua:101]: Preload file at: file:///home/via/.local/share/nvim/mason/packages/lua-language-server/extension/server/meta/Lua%205.4%20en-us%20utf8/package.lua , size = 2.944 KB
[23:56:35.163][info] [#0:script/workspace/loading.lua:113]: ++++As library of:	file:///home/via/.local/share/nvim/mason/packages/lua-language-server/extension/server/meta/Lua%205.4%20en-us%20utf8/package.lua
[23:56:35.163][info] [#0:script/workspace/loading.lua:98]: Skip loaded file: file:///home/via/.local/share/nvim/mason/packages/lua-language-server/extension/server/meta/Lua%205.4%20en-us%20utf8/io.lua
[23:56:35.163][info] [#0:script/workspace/loading.lua:98]: Skip loaded file: file:///home/via/.local/share/nvim/mason/packages/lua-language-server/extension/server/meta/Lua%205.4%20en-us%20utf8/package.lua
[23:56:35.163][info] [#0:script/workspace/loading.lua:101]: Preload file at: file:///home/via/.local/share/nvim/mason/packages/lua-language-server/extension/server/meta/Lua%205.4%20en-us%20utf8/utf8.lua , size = 2.386 KB
[23:56:35.166][info] [#0:script/workspace/loading.lua:113]: ++++As library of:	file:///home/via/.local/share/nvim/mason/packages/lua-language-server/extension/server/meta/Lua%205.4%20en-us%20utf8/utf8.lua
[23:56:35.166][info] [#0:script/workspace/loading.lua:98]: Skip loaded file: file:///home/via/.local/share/nvim/mason/packages/lua-language-server/extension/server/meta/Lua%205.4%20en-us%20utf8/utf8.lua
[23:56:35.166][info] [#0:script/workspace/loading.lua:101]: Preload file at: file:///home/via/.config/nvim/lua/user/keymaps.lua , size = 1.898 KB
[23:56:35.168][info] [#0:script/workspace/loading.lua:113]: ++++As library of:	file:///home/via/.config/nvim/lua
[23:56:35.168][info] [#0:script/workspace/loading.lua:98]: Skip loaded file: file:///home/via/.config/nvim/lua/user/keymaps.lua
[23:56:35.168][info] [#0:script/workspace/loading.lua:101]: Preload file at: file:///home/via/.config/nvim/lua/user/cmp.lua , size = 3.360 KB
[23:56:35.172][info] [#0:script/workspace/loading.lua:113]: ++++As library of:	file:///home/via/.config/nvim/lua
[23:56:35.172][info] [#0:script/workspace/loading.lua:101]: Preload file at: file:///home/via/.config/nvim/lua/user/project.lua , size = 1.792 KB
[23:56:35.174][info] [#0:script/workspace/loading.lua:113]: ++++As library of:	file:///home/via/.config/nvim/lua
[23:56:35.174][info] [#0:script/workspace/loading.lua:98]: Skip loaded file: file:///home/via/.config/nvim/lua/user/cmp.lua
[23:56:35.174][info] [#0:script/workspace/loading.lua:98]: Skip loaded file: file:///home/via/.config/nvim/lua/user/project.lua
[23:56:35.174][info] [#0:script/workspace/loading.lua:101]: Preload file at: file:///home/via/.config/nvim/lua/user/alpha.lua , size = 2.309 KB
[23:56:35.176][info] [#0:script/workspace/loading.lua:113]: ++++As library of:	file:///home/via/.config/nvim/lua
[23:56:35.176][info] [#0:script/workspace/loading.lua:98]: Skip loaded file: file:///home/via/.config/nvim/lua/user/alpha.lua
[23:56:35.176][info] [#0:script/workspace/loading.lua:101]: Preload file at: file:///home/via/.config/nvim/lua/user/whichkey.lua , size = 7.328 KB
[23:56:35.181][info] [#0:script/workspace/loading.lua:113]: ++++As library of:	file:///home/via/.config/nvim/lua
[23:56:35.181][info] [#0:script/workspace/loading.lua:98]: Skip loaded file: file:///home/via/.config/nvim/lua/user/whichkey.lua
[23:56:35.181][info] [#0:script/workspace/loading.lua:101]: Preload file at: file:///home/via/.config/nvim/lua/user/bufferline.lua , size = 6.266 KB
[23:56:35.186][info] [#0:script/workspace/loading.lua:113]: ++++As library of:	file:///home/via/.config/nvim/lua
[23:56:35.186][info] [#0:script/workspace/loading.lua:98]: Skip loaded file: file:///home/via/.config/nvim/lua/user/bufferline.lua
[23:56:35.186][info] [#0:script/workspace/loading.lua:101]: Preload file at: file:///home/via/.config/nvim/lua/user/colorscheme.lua , size = 0.038 KB
[23:56:35.190][info] [#0:script/workspace/loading.lua:113]: ++++As library of:	file:///home/via/.config/nvim/lua
[23:56:35.190][info] [#0:script/workspace/loading.lua:98]: Skip loaded file: file:///home/via/.config/nvim/lua/user/colorscheme.lua
[23:56:35.190][info] [#0:script/workspace/loading.lua:101]: Preload file at: file:///home/via/.config/nvim/lua/user/autopairs.lua , size = 0.885 KB
[23:56:35.191][info] [#0:script/workspace/loading.lua:113]: ++++As library of:	file:///home/via/.config/nvim/lua
[23:56:35.192][info] [#0:script/workspace/loading.lua:98]: Skip loaded file: file:///home/via/.config/nvim/lua/user/autopairs.lua
[23:56:35.192][info] [#0:script/workspace/loading.lua:101]: Preload file at: file:///home/via/.config/nvim/lua/user/treesitter.lua , size = 0.618 KB
[23:56:35.192][info] [#0:script/workspace/loading.lua:113]: ++++As library of:	file:///home/via/.config/nvim/lua
[23:56:35.192][info] [#0:script/workspace/loading.lua:89]: Skip loaded file: file:///home/via/.config/nvim/lua/user/treesitter.lua
[23:56:35.193][info] [#0:script/workspace/loading.lua:113]: ++++As library of:	file:///home/via/.config/nvim/lua
[23:56:35.193][info] [#0:script/workspace/loading.lua:101]: Preload file at: file:///home/via/.config/nvim/lua/user/gitsigns.lua , size = 1.619 KB
[23:56:35.195][info] [#0:script/workspace/loading.lua:113]: ++++As library of:	file:///home/via/.config/nvim/lua
[23:56:35.195][info] [#0:script/workspace/loading.lua:98]: Skip loaded file: file:///home/via/.config/nvim/lua/user/gitsigns.lua
[23:56:35.195][info] [#0:script/workspace/loading.lua:101]: Preload file at: file:///home/via/.config/nvim/lua/user/nvim-notify.lua , size = 0.316 KB
[23:56:35.196][info] [#0:script/workspace/loading.lua:113]: ++++As library of:	file:///home/via/.config/nvim/lua
[23:56:35.196][info] [#0:script/workspace/loading.lua:98]: Skip loaded file: file:///home/via/.config/nvim/lua/user/nvim-notify.lua
[23:56:35.196][info] [#0:script/workspace/loading.lua:101]: Preload file at: file:///home/via/.config/nvim/lua/user/autocommands.lua , size = 0.944 KB
[23:56:35.197][info] [#0:script/workspace/loading.lua:113]: ++++As library of:	file:///home/via/.config/nvim/lua
[23:56:35.197][info] [#0:script/workspace/loading.lua:89]: Skip loaded file: file:///home/via/.config/nvim/lua/user/autocommands.lua
[23:56:35.197][info] [#0:script/workspace/loading.lua:113]: ++++As library of:	file:///home/via/.config/nvim/lua
[23:56:35.197][info] [#0:script/workspace/loading.lua:101]: Preload file at: file:///home/via/.config/nvim/lua/user/nvim-tree.lua , size = 1.377 KB
[23:56:35.198][info] [#0:script/workspace/loading.lua:113]: ++++As library of:	file:///home/via/.config/nvim/lua
[23:56:35.198][info] [#0:script/workspace/loading.lua:98]: Skip loaded file: file:///home/via/.config/nvim/lua/user/nvim-tree.lua
[23:56:35.198][info] [#0:script/workspace/loading.lua:101]: Preload file at: file:///home/via/.config/nvim/lua/user/lualine.lua , size = 2.434 KB
[23:56:35.200][info] [#0:script/workspace/loading.lua:113]: ++++As library of:	file:///home/via/.config/nvim/lua
[23:56:35.200][info] [#0:script/workspace/loading.lua:98]: Skip loaded file: file:///home/via/.config/nvim/lua/user/lualine.lua
[23:56:35.200][info] [#0:script/workspace/loading.lua:101]: Preload file at: file:///home/via/.config/nvim/lua/user/impatient.lua , size = 0.117 KB
[23:56:35.201][info] [#0:script/workspace/loading.lua:113]: ++++As library of:	file:///home/via/.config/nvim/lua
[23:56:35.201][info] [#0:script/workspace/loading.lua:98]: Skip loaded file: file:///home/via/.config/nvim/lua/user/impatient.lua
[23:56:35.201][info] [#0:script/workspace/loading.lua:101]: Preload file at: file:///home/via/.config/nvim/lua/user/comment.lua , size = 0.847 KB
[23:56:35.202][info] [#0:script/workspace/loading.lua:113]: ++++As library of:	file:///home/via/.config/nvim/lua
[23:56:35.202][info] [#0:script/workspace/loading.lua:89]: Skip loaded file: file:///home/via/.config/nvim/lua/user/comment.lua
[23:56:35.202][info] [#0:script/workspace/loading.lua:113]: ++++As library of:	file:///home/via/.config/nvim/lua
[23:56:35.202][info] [#0:script/workspace/loading.lua:101]: Preload file at: file:///home/via/.config/nvim/lua/user/prettier.lua , size = 0.889 KB
[23:56:35.203][info] [#0:script/workspace/loading.lua:113]: ++++As library of:	file:///home/via/.config/nvim/lua
[23:56:35.203][info] [#0:script/workspace/loading.lua:98]: Skip loaded file: file:///home/via/.config/nvim/lua/user/prettier.lua
[23:56:35.203][info] [#0:script/workspace/loading.lua:101]: Preload file at: file:///home/via/.config/nvim/lua/user/telescope.lua , size = 3.030 KB
[23:56:35.205][info] [#0:script/workspace/loading.lua:113]: ++++As library of:	file:///home/via/.config/nvim/lua
[23:56:35.206][info] [#0:script/workspace/loading.lua:89]: Skip loaded file: file:///home/via/.config/nvim/lua/user/telescope.lua
[23:56:35.206][info] [#0:script/workspace/loading.lua:113]: ++++As library of:	file:///home/via/.config/nvim/lua
[23:56:35.206][info] [#0:script/workspace/loading.lua:101]: Preload file at: file:///home/via/.config/nvim/lua/user/options.lua , size = 4.033 KB
[23:56:35.208][info] [#0:script/workspace/loading.lua:113]: ++++As library of:	file:///home/via/.config/nvim/lua
[23:56:35.208][info] [#0:script/workspace/loading.lua:101]: Preload file at: file:///home/via/.config/nvim/lua/user/toggleterm.lua , size = 1.643 KB
[23:56:35.211][info] [#0:script/workspace/loading.lua:113]: ++++As library of:	file:///home/via/.config/nvim/lua
[23:56:35.211][info] [#0:script/workspace/loading.lua:98]: Skip loaded file: file:///home/via/.config/nvim/lua/user/toggleterm.lua
[23:56:35.211][info] [#0:script/workspace/loading.lua:101]: Preload file at: file:///home/via/.config/nvim/lua/user/indentline.lua , size = 1.957 KB
[23:56:35.213][info] [#0:script/workspace/loading.lua:113]: ++++As library of:	file:///home/via/.config/nvim/lua
[23:56:35.213][info] [#0:script/workspace/loading.lua:98]: Skip loaded file: file:///home/via/.config/nvim/lua/user/options.lua
[23:56:35.213][info] [#0:script/workspace/loading.lua:89]: Skip loaded file: file:///home/via/.config/nvim/lua/user/indentline.lua
[23:56:35.213][info] [#0:script/workspace/loading.lua:113]: ++++As library of:	file:///home/via/.config/nvim/lua
[23:56:35.213][info] [#0:script/workspace/loading.lua:101]: Preload file at: file:///home/via/.config/nvim/lua/user/lsp/settings/sumneko_lua.lua , size = 0.233 KB
[23:56:35.214][info] [#0:script/workspace/loading.lua:113]: ++++As library of:	file:///home/via/.config/nvim/lua
[23:56:35.214][info] [#0:script/workspace/loading.lua:98]: Skip loaded file: file:///home/via/.config/nvim/lua/user/lsp/settings/sumneko_lua.lua
[23:56:35.214][info] [#0:script/workspace/loading.lua:101]: Preload file at: file:///home/via/.config/nvim/lua/user/lsp/settings/jsonls.lua , size = 5.260 KB
[23:56:35.217][info] [#0:script/workspace/loading.lua:113]: ++++As library of:	file:///home/via/.config/nvim/lua
[23:56:35.217][info] [#0:script/workspace/loading.lua:98]: Skip loaded file: file:///home/via/.config/nvim/lua/user/lsp/settings/jsonls.lua
[23:56:35.217][info] [#0:script/workspace/loading.lua:101]: Preload file at: file:///home/via/.config/nvim/lua/user/lsp/settings/pyright.lua , size = 0.112 KB
[23:56:35.218][info] [#0:script/workspace/loading.lua:113]: ++++As library of:	file:///home/via/.config/nvim/lua
[23:56:35.218][info] [#0:script/workspace/loading.lua:98]: Skip loaded file: file:///home/via/.config/nvim/lua/user/lsp/settings/pyright.lua
[23:56:35.218][info] [#0:script/workspace/loading.lua:101]: Preload file at: file:///home/via/.config/nvim/lua/user/lsp/init.lua , size = 0.170 KB
[23:56:35.219][info] [#0:script/workspace/loading.lua:113]: ++++As library of:	file:///home/via/.config/nvim/lua
[23:56:35.219][info] [#0:script/workspace/loading.lua:89]: Skip loaded file: file:///home/via/.config/nvim/lua/user/lsp/init.lua
[23:56:35.219][info] [#0:script/workspace/loading.lua:113]: ++++As library of:	file:///home/via/.config/nvim/lua
[23:56:35.219][info] [#0:script/workspace/loading.lua:101]: Preload file at: file:///home/via/.config/nvim/lua/user/lsp/null-ls.lua , size = 1.445 KB
[23:56:35.221][info] [#0:script/workspace/loading.lua:113]: ++++As library of:	file:///home/via/.config/nvim/lua
[23:56:35.221][info] [#0:script/workspace/loading.lua:98]: Skip loaded file: file:///home/via/.config/nvim/lua/user/lsp/null-ls.lua
[23:56:35.221][info] [#0:script/workspace/loading.lua:101]: Preload file at: file:///home/via/.config/nvim/lua/user/lsp/mason.lua , size = 0.987 KB
[23:56:35.222][info] [#0:script/workspace/loading.lua:113]: ++++As library of:	file:///home/via/.config/nvim/lua
[23:56:35.222][info] [#0:script/workspace/loading.lua:89]: Skip loaded file: file:///home/via/.config/nvim/lua/user/lsp/mason.lua
[23:56:35.223][info] [#0:script/workspace/loading.lua:113]: ++++As library of:	file:///home/via/.config/nvim/lua
[23:56:35.223][info] [#0:script/workspace/loading.lua:101]: Preload file at: file:///home/via/.config/nvim/lua/user/lsp/handlers.lua , size = 2.932 KB
[23:56:35.237][info] [#0:script/workspace/loading.lua:113]: ++++As library of:	file:///home/via/.config/nvim/lua
[23:56:35.237][info] [#0:script/workspace/loading.lua:98]: Skip loaded file: file:///home/via/.config/nvim/lua/user/lsp/handlers.lua
[23:56:35.237][info] [#0:script/workspace/loading.lua:101]: Preload file at: file:///home/via/.config/nvim/lua/user/plugins.lua , size = 6.446 KB
[23:56:35.248][info] [#0:script/workspace/loading.lua:113]: ++++As library of:	file:///home/via/.config/nvim/lua
[23:56:35.248][info] [#0:script/workspace/loading.lua:98]: Skip loaded file: file:///home/via/.config/nvim/lua/user/plugins.lua
[23:56:35.249][info] [#0:script/workspace/loading.lua:101]: Preload file at: file:///home/via/.local/share/nvim/mason/packages/lua-language-server/extension/server/meta/Lua%205.4%20en-us%20utf8/basic.lua , size = 14.160 KB
[23:56:35.268][info] [#0:script/workspace/loading.lua:113]: ++++As library of:	file:///home/via/.local/share/nvim/mason/packages/lua-language-server/extension/server/meta/Lua%205.4%20en-us%20utf8/basic.lua
[23:56:35.268][info] [#0:script/workspace/loading.lua:98]: Skip loaded file: file:///home/via/.local/share/nvim/mason/packages/lua-language-server/extension/server/meta/Lua%205.4%20en-us%20utf8/basic.lua
[23:56:35.268][info] [#0:script/workspace/loading.lua:101]: Preload file at: file:///home/via/.local/share/nvim/mason/packages/lua-language-server/extension/server/meta/Lua%205.4%20en-us%20utf8/math.lua , size = 8.731 KB
[23:56:35.277][info] [#0:script/workspace/loading.lua:113]: ++++As library of:	file:///home/via/.local/share/nvim/mason/packages/lua-language-server/extension/server/meta/Lua%205.4%20en-us%20utf8/math.lua
[23:56:35.277][info] [#0:script/workspace/loading.lua:101]: Preload file at: file:///home/via/.local/share/nvim/mason/packages/lua-language-server/extension/server/meta/Lua%205.4%20en-us%20utf8/builtin.lua , size = 0.302 KB
[23:56:35.278][info] [#0:script/workspace/loading.lua:113]: ++++As library of:	file:///home/via/.local/share/nvim/mason/packages/lua-language-server/extension/server/meta/Lua%205.4%20en-us%20utf8/builtin.lua
[23:56:35.278][info] [#0:script/workspace/loading.lua:98]: Skip loaded file: file:///home/via/.local/share/nvim/mason/packages/lua-language-server/extension/server/meta/Lua%205.4%20en-us%20utf8/builtin.lua
[23:56:35.278][info] [#0:script/workspace/loading.lua:98]: Skip loaded file: file:///home/via/.local/share/nvim/mason/packages/lua-language-server/extension/server/meta/Lua%205.4%20en-us%20utf8/math.lua
[23:56:35.278][info] [#0:script/workspace/loading.lua:101]: Preload file at: file:///home/via/.local/share/bob/v0.8.1/nvim-linux64/share/nvim/runtime/lua/man.lua , size = 21.535 KB
[23:56:35.310][info] [#0:script/workspace/loading.lua:113]: ++++As library of:	file:///home/via/.local/share/bob/v0.8.1/nvim-linux64/share/nvim/runtime/lua
[23:56:35.310][info] [#0:script/workspace/loading.lua:98]: Skip loaded file: file:///home/via/.local/share/bob/v0.8.1/nvim-linux64/share/nvim/runtime/lua/man.lua
[23:56:35.310][info] [#0:script/workspace/loading.lua:101]: Preload file at: file:///home/via/.local/share/bob/v0.8.1/nvim-linux64/share/nvim/runtime/lua/health.lua , size = 0.151 KB
[23:56:35.311][info] [#0:script/workspace/loading.lua:113]: ++++As library of:	file:///home/via/.local/share/bob/v0.8.1/nvim-linux64/share/nvim/runtime/lua
[23:56:35.311][info] [#0:script/workspace/loading.lua:101]: Preload file at: file:///home/via/.local/share/bob/v0.8.1/nvim-linux64/share/nvim/runtime/lua/vim/_init_packages.lua , size = 2.644 KB
[23:56:35.314][info] [#0:script/workspace/loading.lua:113]: ++++As library of:	file:///home/via/.local/share/bob/v0.8.1/nvim-linux64/share/nvim/runtime/lua
[23:56:35.314][info] [#0:script/workspace/loading.lua:98]: Skip loaded file: file:///home/via/.local/share/bob/v0.8.1/nvim-linux64/share/nvim/runtime/lua/health.lua
[23:56:35.314][info] [#0:script/workspace/loading.lua:98]: Skip loaded file: file:///home/via/.local/share/bob/v0.8.1/nvim-linux64/share/nvim/runtime/lua/vim/_init_packages.lua
[23:56:35.315][info] [#0:script/workspace/loading.lua:101]: Preload file at: file:///home/via/.local/share/bob/v0.8.1/nvim-linux64/share/nvim/runtime/lua/vim/filetype.lua , size = 71.949 KB
[23:56:35.386][info] [#0:script/workspace/loading.lua:113]: ++++As library of:	file:///home/via/.local/share/bob/v0.8.1/nvim-linux64/share/nvim/runtime/lua
[23:56:35.386][info] [#0:script/workspace/loading.lua:101]: Preload file at: file:///home/via/.local/share/bob/v0.8.1/nvim-linux64/share/nvim/runtime/lua/vim/F.lua , size = 0.772 KB
[23:56:35.388][info] [#0:script/workspace/loading.lua:113]: ++++As library of:	file:///home/via/.local/share/bob/v0.8.1/nvim-linux64/share/nvim/runtime/lua
[23:56:35.388][info] [#0:script/workspace/loading.lua:98]: Skip loaded file: file:///home/via/.local/share/bob/v0.8.1/nvim-linux64/share/nvim/runtime/lua/vim/F.lua
[23:56:35.388][info] [#0:script/workspace/loading.lua:98]: Skip loaded file: file:///home/via/.local/share/bob/v0.8.1/nvim-linux64/share/nvim/runtime/lua/vim/filetype.lua
[23:56:35.388][info] [#0:script/workspace/loading.lua:101]: Preload file at: file:///home/via/.local/share/bob/v0.8.1/nvim-linux64/share/nvim/runtime/lua/vim/diagnostic.lua , size = 53.583 KB
[23:56:35.452][info] [#0:script/workspace/loading.lua:113]: ++++As library of:	file:///home/via/.local/share/bob/v0.8.1/nvim-linux64/share/nvim/runtime/lua
[23:56:35.452][info] [#0:script/workspace/loading.lua:101]: Preload file at: file:///home/via/.local/share/bob/v0.8.1/nvim-linux64/share/nvim/runtime/lua/vim/_meta.lua , size = 12.160 KB
[23:56:35.466][info] [#0:script/workspace/loading.lua:113]: ++++As library of:	file:///home/via/.local/share/bob/v0.8.1/nvim-linux64/share/nvim/runtime/lua
[23:56:35.466][info] [#0:script/workspace/loading.lua:98]: Skip loaded file: file:///home/via/.local/share/bob/v0.8.1/nvim-linux64/share/nvim/runtime/lua/vim/_meta.lua
[23:56:35.466][info] [#0:script/workspace/loading.lua:98]: Skip loaded file: file:///home/via/.local/share/bob/v0.8.1/nvim-linux64/share/nvim/runtime/lua/vim/diagnostic.lua
[23:56:35.466][info] [#0:script/workspace/loading.lua:101]: Preload file at: file:///home/via/.local/share/bob/v0.8.1/nvim-linux64/share/nvim/runtime/lua/vim/lsp.lua , size = 79.476 KB
[23:56:35.548][info] [#0:script/workspace/loading.lua:113]: ++++As library of:	file:///home/via/.local/share/bob/v0.8.1/nvim-linux64/share/nvim/runtime/lua
[23:56:35.548][info] [#0:script/workspace/loading.lua:101]: Preload file at: file:///home/via/.local/share/bob/v0.8.1/nvim-linux64/share/nvim/runtime/lua/vim/_editor.lua , size = 26.772 KB
[23:56:35.574][info] [#0:script/workspace/loading.lua:113]: ++++As library of:	file:///home/via/.local/share/bob/v0.8.1/nvim-linux64/share/nvim/runtime/lua
[23:56:35.574][info] [#0:script/workspace/loading.lua:98]: Skip loaded file: file:///home/via/.local/share/bob/v0.8.1/nvim-linux64/share/nvim/runtime/lua/vim/lsp.lua
[23:56:35.574][info] [#0:script/workspace/loading.lua:89]: Skip loaded file: file:///home/via/.local/share/bob/v0.8.1/nvim-linux64/share/nvim/runtime/lua/vim/_editor.lua
[23:56:35.574][info] [#0:script/workspace/loading.lua:113]: ++++As library of:	file:///home/via/.local/share/bob/v0.8.1/nvim-linux64/share/nvim/runtime/lua
[23:56:35.574][info] [#0:script/workspace/loading.lua:101]: Preload file at: file:///home/via/.local/share/bob/v0.8.1/nvim-linux64/share/nvim/runtime/lua/vim/ui.lua , size = 3.197 KB
[23:56:35.579][info] [#0:script/workspace/loading.lua:113]: ++++As library of:	file:///home/via/.local/share/bob/v0.8.1/nvim-linux64/share/nvim/runtime/lua
[23:56:35.579][info] [#0:script/workspace/loading.lua:98]: Skip loaded file: file:///home/via/.local/share/bob/v0.8.1/nvim-linux64/share/nvim/runtime/lua/vim/ui.lua
[23:56:35.579][info] [#0:script/workspace/loading.lua:101]: Preload file at: file:///home/via/.local/share/bob/v0.8.1/nvim-linux64/share/nvim/runtime/lua/vim/shared.lua , size = 20.130 KB
[23:56:35.612][info] [#0:script/workspace/loading.lua:113]: ++++As library of:	file:///home/via/.local/share/bob/v0.8.1/nvim-linux64/share/nvim/runtime/lua
[23:56:35.612][info] [#0:script/workspace/loading.lua:98]: Skip loaded file: file:///home/via/.local/share/bob/v0.8.1/nvim-linux64/share/nvim/runtime/lua/vim/shared.lua
[23:56:35.613][info] [#0:script/workspace/loading.lua:101]: Preload file at: file:///home/via/.local/share/bob/v0.8.1/nvim-linux64/share/nvim/runtime/lua/vim/inspect.lua , size = 8.864 KB
[23:56:35.624][info] [#0:script/workspace/loading.lua:113]: ++++As library of:	file:///home/via/.local/share/bob/v0.8.1/nvim-linux64/share/nvim/runtime/lua
[23:56:35.624][info] [#0:script/workspace/loading.lua:98]: Skip loaded file: file:///home/via/.local/share/bob/v0.8.1/nvim-linux64/share/nvim/runtime/lua/vim/inspect.lua
[23:56:35.624][info] [#0:script/workspace/loading.lua:101]: Preload file at: file:///home/via/.local/share/bob/v0.8.1/nvim-linux64/share/nvim/runtime/lua/vim/filetype/detect.lua , size = 47.024 KB
[23:56:35.673][info] [#0:script/workspace/loading.lua:113]: ++++As library of:	file:///home/via/.local/share/bob/v0.8.1/nvim-linux64/share/nvim/runtime/lua
[23:56:35.673][info] [#0:script/workspace/loading.lua:98]: Skip loaded file: file:///home/via/.local/share/bob/v0.8.1/nvim-linux64/share/nvim/runtime/lua/vim/filetype/detect.lua
[23:56:35.673][info] [#0:script/workspace/loading.lua:101]: Preload file at: file:///home/via/.local/share/bob/v0.8.1/nvim-linux64/share/nvim/runtime/lua/vim/treesitter.lua , size = 9.563 KB
[23:56:35.685][info] [#0:script/workspace/loading.lua:113]: ++++As library of:	file:///home/via/.local/share/bob/v0.8.1/nvim-linux64/share/nvim/runtime/lua
[23:56:35.685][info] [#0:script/workspace/loading.lua:98]: Skip loaded file: file:///home/via/.local/share/bob/v0.8.1/nvim-linux64/share/nvim/runtime/lua/vim/treesitter.lua
[23:56:35.685][info] [#0:script/workspace/loading.lua:101]: Preload file at: file:///home/via/.local/share/bob/v0.8.1/nvim-linux64/share/nvim/runtime/lua/vim/keymap.lua , size = 4.280 KB
[23:56:35.689][info] [#0:script/workspace/loading.lua:113]: ++++As library of:	file:///home/via/.local/share/bob/v0.8.1/nvim-linux64/share/nvim/runtime/lua
[23:56:35.689][info] [#0:script/workspace/loading.lua:98]: Skip loaded file: file:///home/via/.local/share/bob/v0.8.1/nvim-linux64/share/nvim/runtime/lua/vim/keymap.lua
[23:56:35.689][info] [#0:script/workspace/loading.lua:101]: Preload file at: file:///home/via/.local/share/bob/v0.8.1/nvim-linux64/share/nvim/runtime/lua/vim/health.lua , size = 1.292 KB
[23:56:35.692][info] [#0:script/workspace/loading.lua:113]: ++++As library of:	file:///home/via/.local/share/bob/v0.8.1/nvim-linux64/share/nvim/runtime/lua
[23:56:35.692][info] [#0:script/workspace/loading.lua:89]: Skip loaded file: file:///home/via/.local/share/bob/v0.8.1/nvim-linux64/share/nvim/runtime/lua/vim/health.lua
[23:56:35.692][info] [#0:script/workspace/loading.lua:113]: ++++As library of:	file:///home/via/.local/share/bob/v0.8.1/nvim-linux64/share/nvim/runtime/lua
[23:56:35.692][info] [#0:script/workspace/loading.lua:101]: Preload file at: file:///home/via/.local/share/bob/v0.8.1/nvim-linux64/share/nvim/runtime/lua/vim/fs.lua , size = 7.002 KB
[23:56:35.699][info] [#0:script/workspace/loading.lua:113]: ++++As library of:	file:///home/via/.local/share/bob/v0.8.1/nvim-linux64/share/nvim/runtime/lua
[23:56:35.699][info] [#0:script/workspace/loading.lua:98]: Skip loaded file: file:///home/via/.local/share/bob/v0.8.1/nvim-linux64/share/nvim/runtime/lua/vim/fs.lua
[23:56:35.699][info] [#0:script/workspace/loading.lua:101]: Preload file at: file:///home/via/.local/share/bob/v0.8.1/nvim-linux64/share/nvim/runtime/lua/vim/uri.lua , size = 3.374 KB
[23:56:35.704][info] [#0:script/workspace/loading.lua:113]: ++++As library of:	file:///home/via/.local/share/bob/v0.8.1/nvim-linux64/share/nvim/runtime/lua
[23:56:35.704][info] [#0:script/workspace/loading.lua:98]: Skip loaded file: file:///home/via/.local/share/bob/v0.8.1/nvim-linux64/share/nvim/runtime/lua/vim/uri.lua
[23:56:35.704][info] [#0:script/workspace/loading.lua:101]: Preload file at: file:///home/via/.local/share/bob/v0.8.1/nvim-linux64/share/nvim/runtime/lua/vim/highlight.lua , size = 4.301 KB
[23:56:35.709][info] [#0:script/workspace/loading.lua:113]: ++++As library of:	file:///home/via/.local/share/bob/v0.8.1/nvim-linux64/share/nvim/runtime/lua
[23:56:35.709][info] [#0:script/workspace/loading.lua:98]: Skip loaded file: file:///home/via/.local/share/bob/v0.8.1/nvim-linux64/share/nvim/runtime/lua/vim/highlight.lua
[23:56:35.709][info] [#0:script/workspace/loading.lua:101]: Preload file at: file:///home/via/.local/share/bob/v0.8.1/nvim-linux64/share/nvim/runtime/lua/vim/treesitter/query.lua , size = 19.206 KB
[23:56:35.729][info] [#0:script/workspace/loading.lua:113]: ++++As library of:	file:///home/via/.local/share/bob/v0.8.1/nvim-linux64/share/nvim/runtime/lua
[23:56:35.729][info] [#0:script/workspace/loading.lua:89]: Skip loaded file: file:///home/via/.local/share/bob/v0.8.1/nvim-linux64/share/nvim/runtime/lua/vim/treesitter/query.lua
[23:56:35.729][info] [#0:script/workspace/loading.lua:113]: ++++As library of:	file:///home/via/.local/share/bob/v0.8.1/nvim-linux64/share/nvim/runtime/lua
[23:56:35.730][info] [#0:script/workspace/loading.lua:101]: Preload file at: file:///home/via/.local/share/bob/v0.8.1/nvim-linux64/share/nvim/runtime/lua/vim/treesitter/languagetree.lua , size = 18.324 KB
[23:56:35.772][info] [#0:script/workspace/loading.lua:113]: ++++As library of:	file:///home/via/.local/share/bob/v0.8.1/nvim-linux64/share/nvim/runtime/lua
[23:56:35.772][info] [#0:script/workspace/loading.lua:98]: Skip loaded file: file:///home/via/.local/share/bob/v0.8.1/nvim-linux64/share/nvim/runtime/lua/vim/treesitter/languagetree.lua
[23:56:35.772][info] [#0:script/workspace/loading.lua:101]: Preload file at: file:///home/via/.local/share/bob/v0.8.1/nvim-linux64/share/nvim/runtime/lua/vim/treesitter/health.lua , size = 1.133 KB
[23:56:35.774][info] [#0:script/workspace/loading.lua:113]: ++++As library of:	file:///home/via/.local/share/bob/v0.8.1/nvim-linux64/share/nvim/runtime/lua
[23:56:35.774][info] [#0:script/workspace/loading.lua:98]: Skip loaded file: file:///home/via/.local/share/bob/v0.8.1/nvim-linux64/share/nvim/runtime/lua/vim/treesitter/health.lua
[23:56:35.774][info] [#0:script/workspace/loading.lua:101]: Preload file at: file:///home/via/.local/share/bob/v0.8.1/nvim-linux64/share/nvim/runtime/lua/vim/treesitter/language.lua , size = 1.429 KB
[23:56:35.776][info] [#0:script/workspace/loading.lua:113]: ++++As library of:	file:///home/via/.local/share/bob/v0.8.1/nvim-linux64/share/nvim/runtime/lua
[23:56:35.776][info] [#0:script/workspace/loading.lua:98]: Skip loaded file: file:///home/via/.local/share/bob/v0.8.1/nvim-linux64/share/nvim/runtime/lua/vim/treesitter/language.lua
[23:56:35.777][info] [#0:script/workspace/loading.lua:101]: Preload file at: file:///home/via/.local/share/bob/v0.8.1/nvim-linux64/share/nvim/runtime/lua/vim/treesitter/highlighter.lua , size = 7.159 KB
[23:56:35.785][info] [#0:script/workspace/loading.lua:113]: ++++As library of:	file:///home/via/.local/share/bob/v0.8.1/nvim-linux64/share/nvim/runtime/lua
[23:56:35.786][info] [#0:script/workspace/loading.lua:89]: Skip loaded file: file:///home/via/.local/share/bob/v0.8.1/nvim-linux64/share/nvim/runtime/lua/vim/treesitter/highlighter.lua
[23:56:35.786][info] [#0:script/workspace/loading.lua:113]: ++++As library of:	file:///home/via/.local/share/bob/v0.8.1/nvim-linux64/share/nvim/runtime/lua
[23:56:35.786][info] [#0:script/workspace/loading.lua:101]: Preload file at: file:///home/via/.local/share/bob/v0.8.1/nvim-linux64/share/nvim/runtime/lua/vim/lsp/diagnostic.lua , size = 7.974 KB
[23:56:35.794][info] [#0:script/workspace/loading.lua:113]: ++++As library of:	file:///home/via/.local/share/bob/v0.8.1/nvim-linux64/share/nvim/runtime/lua
[23:56:35.794][info] [#0:script/workspace/loading.lua:98]: Skip loaded file: file:///home/via/.local/share/bob/v0.8.1/nvim-linux64/share/nvim/runtime/lua/vim/lsp/diagnostic.lua
[23:56:35.794][info] [#0:script/workspace/loading.lua:101]: Preload file at: file:///home/via/.local/share/bob/v0.8.1/nvim-linux64/share/nvim/runtime/lua/vim/lsp/buf.lua , size = 34.338 KB
[23:56:35.821][info] [#0:script/workspace/loading.lua:113]: ++++As library of:	file:///home/via/.local/share/bob/v0.8.1/nvim-linux64/share/nvim/runtime/lua
[23:56:35.821][info] [#0:script/workspace/loading.lua:98]: Skip loaded file: file:///home/via/.local/share/bob/v0.8.1/nvim-linux64/share/nvim/runtime/lua/vim/lsp/buf.lua
[23:56:35.821][info] [#0:script/workspace/loading.lua:101]: Preload file at: file:///home/via/.local/share/bob/v0.8.1/nvim-linux64/share/nvim/runtime/lua/vim/lsp/codelens.lua , size = 7.462 KB
[23:56:35.829][info] [#0:script/workspace/loading.lua:113]: ++++As library of:	file:///home/via/.local/share/bob/v0.8.1/nvim-linux64/share/nvim/runtime/lua
[23:56:35.829][info] [#0:script/workspace/loading.lua:89]: Skip loaded file: file:///home/via/.local/share/bob/v0.8.1/nvim-linux64/share/nvim/runtime/lua/vim/lsp/codelens.lua
[23:56:35.829][info] [#0:script/workspace/loading.lua:113]: ++++As library of:	file:///home/via/.local/share/bob/v0.8.1/nvim-linux64/share/nvim/runtime/lua
[23:56:35.830][info] [#0:script/workspace/loading.lua:101]: Preload file at: file:///home/via/.local/share/bob/v0.8.1/nvim-linux64/share/nvim/runtime/lua/vim/lsp/_snippet.lua , size = 10.743 KB
[23:56:35.845][info] [#0:script/workspace/loading.lua:113]: ++++As library of:	file:///home/via/.local/share/bob/v0.8.1/nvim-linux64/share/nvim/runtime/lua
[23:56:35.845][info] [#0:script/workspace/loading.lua:98]: Skip loaded file: file:///home/via/.local/share/bob/v0.8.1/nvim-linux64/share/nvim/runtime/lua/vim/lsp/_snippet.lua
[23:56:35.845][info] [#0:script/workspace/loading.lua:101]: Preload file at: file:///home/via/.local/share/bob/v0.8.1/nvim-linux64/share/nvim/runtime/lua/vim/lsp/rpc.lua , size = 23.483 KB
[23:56:35.868][info] [#0:script/workspace/loading.lua:113]: ++++As library of:	file:///home/via/.local/share/bob/v0.8.1/nvim-linux64/share/nvim/runtime/lua
[23:56:35.868][info] [#0:script/workspace/loading.lua:98]: Skip loaded file: file:///home/via/.local/share/bob/v0.8.1/nvim-linux64/share/nvim/runtime/lua/vim/lsp/rpc.lua
[23:56:35.868][info] [#0:script/workspace/loading.lua:101]: Preload file at: file:///home/via/.local/share/bob/v0.8.1/nvim-linux64/share/nvim/runtime/lua/vim/lsp/util.lua , size = 68.136 KB
[23:56:35.935][info] [#0:script/workspace/loading.lua:113]: ++++As library of:	file:///home/via/.local/share/bob/v0.8.1/nvim-linux64/share/nvim/runtime/lua
[23:56:35.935][info] [#0:script/workspace/loading.lua:89]: Skip loaded file: file:///home/via/.local/share/bob/v0.8.1/nvim-linux64/share/nvim/runtime/lua/vim/lsp/util.lua
[23:56:35.935][info] [#0:script/workspace/loading.lua:113]: ++++As library of:	file:///home/via/.local/share/bob/v0.8.1/nvim-linux64/share/nvim/runtime/lua
[23:56:35.935][info] [#0:script/workspace/loading.lua:101]: Preload file at: file:///home/via/.local/share/bob/v0.8.1/nvim-linux64/share/nvim/runtime/lua/vim/lsp/sync.lua , size = 15.674 KB
[23:56:35.947][info] [#0:script/workspace/loading.lua:113]: ++++As library of:	file:///home/via/.local/share/bob/v0.8.1/nvim-linux64/share/nvim/runtime/lua
[23:56:35.947][info] [#0:script/workspace/loading.lua:98]: Skip loaded file: file:///home/via/.local/share/bob/v0.8.1/nvim-linux64/share/nvim/runtime/lua/vim/lsp/sync.lua
[23:56:35.948][info] [#0:script/workspace/loading.lua:101]: Preload file at: file:///home/via/.local/share/bob/v0.8.1/nvim-linux64/share/nvim/runtime/lua/vim/lsp/health.lua , size = 0.914 KB
[23:56:35.949][info] [#0:script/workspace/loading.lua:113]: ++++As library of:	file:///home/via/.local/share/bob/v0.8.1/nvim-linux64/share/nvim/runtime/lua
[23:56:35.950][info] [#0:script/workspace/loading.lua:98]: Skip loaded file: file:///home/via/.local/share/bob/v0.8.1/nvim-linux64/share/nvim/runtime/lua/vim/lsp/health.lua
[23:56:35.950][info] [#0:script/workspace/loading.lua:101]: Preload file at: file:///home/via/.local/share/bob/v0.8.1/nvim-linux64/share/nvim/runtime/lua/vim/lsp/tagfunc.lua , size = 2.343 KB
[23:56:35.953][info] [#0:script/workspace/loading.lua:113]: ++++As library of:	file:///home/via/.local/share/bob/v0.8.1/nvim-linux64/share/nvim/runtime/lua
[23:56:35.953][info] [#0:script/workspace/loading.lua:98]: Skip loaded file: file:///home/via/.local/share/bob/v0.8.1/nvim-linux64/share/nvim/runtime/lua/vim/lsp/tagfunc.lua
[23:56:35.953][info] [#0:script/workspace/loading.lua:101]: Preload file at: file:///home/via/.local/share/bob/v0.8.1/nvim-linux64/share/nvim/runtime/lua/vim/lsp/protocol.lua , size = 33.774 KB
[23:56:35.969][info] [#0:script/workspace/loading.lua:113]: ++++As library of:	file:///home/via/.local/share/bob/v0.8.1/nvim-linux64/share/nvim/runtime/lua
[23:56:35.970][info] [#0:script/workspace/loading.lua:98]: Skip loaded file: file:///home/via/.local/share/bob/v0.8.1/nvim-linux64/share/nvim/runtime/lua/vim/lsp/protocol.lua
[23:56:35.970][info] [#0:script/workspace/loading.lua:101]: Preload file at: file:///home/via/.local/share/bob/v0.8.1/nvim-linux64/share/nvim/runtime/lua/vim/lsp/handlers.lua , size = 20.523 KB
[23:56:35.990][info] [#0:script/workspace/loading.lua:113]: ++++As library of:	file:///home/via/.local/share/bob/v0.8.1/nvim-linux64/share/nvim/runtime/lua
[23:56:35.990][info] [#0:script/workspace/loading.lua:98]: Skip loaded file: file:///home/via/.local/share/bob/v0.8.1/nvim-linux64/share/nvim/runtime/lua/vim/lsp/handlers.lua
[23:56:35.990][info] [#0:script/workspace/loading.lua:101]: Preload file at: file:///home/via/.local/share/bob/v0.8.1/nvim-linux64/share/nvim/runtime/lua/vim/lsp/log.lua , size = 4.958 KB
[23:56:35.996][info] [#0:script/workspace/loading.lua:113]: ++++As library of:	file:///home/via/.local/share/bob/v0.8.1/nvim-linux64/share/nvim/runtime/lua
[23:56:35.996][info] [#0:script/workspace/loading.lua:89]: Skip loaded file: file:///home/via/.local/share/bob/v0.8.1/nvim-linux64/share/nvim/runtime/lua/vim/lsp/log.lua
[23:56:35.996][info] [#0:script/workspace/loading.lua:113]: ++++As library of:	file:///home/via/.local/share/bob/v0.8.1/nvim-linux64/share/nvim/runtime/lua
[23:56:35.996][info] [#0:script/workspace/loading.lua:101]: Preload file at: file:///home/via/.local/share/bob/v0.8.1/nvim-linux64/share/nvim/runtime/lua/man/health.lua , size = 0.489 KB
[23:56:35.998][info] [#0:script/workspace/loading.lua:113]: ++++As library of:	file:///home/via/.local/share/bob/v0.8.1/nvim-linux64/share/nvim/runtime/lua
[23:56:35.998][info] [#0:script/workspace/loading.lua:98]: Skip loaded file: file:///home/via/.local/share/bob/v0.8.1/nvim-linux64/share/nvim/runtime/lua/man/health.lua
[23:56:35.998][info] [#0:script/workspace/loading.lua:101]: Preload file at: file:///home/via/.local/share/nvim/mason/packages/lua-language-server/extension/server/meta/Lua%205.4%20en-us%20utf8/string.lua , size = 6.302 KB
[23:56:36.005][info] [#0:script/workspace/loading.lua:113]: ++++As library of:	file:///home/via/.local/share/nvim/mason/packages/lua-language-server/extension/server/meta/Lua%205.4%20en-us%20utf8/string.lua
[23:56:36.005][info] [#0:script/workspace/loading.lua:98]: Skip loaded file: file:///home/via/.local/share/nvim/mason/packages/lua-language-server/extension/server/meta/Lua%205.4%20en-us%20utf8/string.lua
[23:56:36.006][info] [#0:script/workspace/loading.lua:101]: Preload file at: file:///home/via/.local/share/nvim/mason/packages/lua-language-server/extension/server/meta/Lua%205.4%20en-us%20utf8/table.lua , size = 4.230 KB
[23:56:36.013][info] [#0:script/workspace/loading.lua:113]: ++++As library of:	file:///home/via/.local/share/nvim/mason/packages/lua-language-server/extension/server/meta/Lua%205.4%20en-us%20utf8/table.lua
[23:56:36.014][info] [#0:script/workspace/loading.lua:98]: Skip loaded file: file:///home/via/.local/share/nvim/mason/packages/lua-language-server/extension/server/meta/Lua%205.4%20en-us%20utf8/table.lua
[23:56:36.015][info] [#0:script/workspace/loading.lua:101]: Preload file at: file:///home/via/.local/share/nvim/mason/packages/lua-language-server/extension/server/meta/Lua%205.4%20en-us%20utf8/coroutine.lua , size = 2.590 KB
[23:56:36.019][info] [#0:script/workspace/loading.lua:113]: ++++As library of:	file:///home/via/.local/share/nvim/mason/packages/lua-language-server/extension/server/meta/Lua%205.4%20en-us%20utf8/coroutine.lua
[23:56:36.020][info] [#0:script/workspace/loading.lua:98]: Skip loaded file: file:///home/via/.local/share/nvim/mason/packages/lua-language-server/extension/server/meta/Lua%205.4%20en-us%20utf8/coroutine.lua
[23:56:36.020][info] [#0:script/workspace/loading.lua:101]: Preload file at: file:///home/via/.local/share/nvim/site/pack/packer/start/tokyonight.nvim/extras/lua/tokyonight_moon.lua , size = 22.094 KB
[23:56:36.126][info] [#0:script/workspace/loading.lua:101]: Preload file at: file:///home/via/.local/share/nvim/site/pack/packer/start/tokyonight.nvim/extras/lua/tokyonight_day.lua , size = 21.800 KB
[23:56:36.147][info] [#0:script/workspace/loading.lua:101]: Preload file at: file:///home/via/.local/share/nvim/site/pack/packer/start/tokyonight.nvim/extras/lua/tokyonight_night.lua , size = 22.094 KB
[23:56:36.169][info] [#0:script/workspace/loading.lua:173]: Loaded files takes [1.044] sec: <fallback>
[23:56:36.169][info] [#0:script/workspace/loading.lua:182]: Compile files takes [0.000] sec: <fallback>
[23:56:36.169][info] [#0:script/workspace/loading.lua:183]: Loaded finish:	<fallback>
[23:56:36.169][info] [#0:script/workspace/workspace.lua:379]: Preload finish at:	<fallback>
[23:56:36.210][info] [#0:script/workspace/loading.lua:101]: Preload file at: file:///home/via/.local/share/nvim/site/pack/packer/start/tokyonight.nvim/extras/lua/tokyonight_storm.lua , size = 22.094 KB
[23:56:36.227][info] [#0:script/workspace/loading.lua:101]: Preload file at: file:///home/via/.local/share/nvim/site/pack/packer/start/tokyonight.nvim/lua/lightline/colorscheme/tokyonight.lua , size = 1.296 KB
[23:56:36.229][info] [#0:script/workspace/loading.lua:89]: Skip loaded file: file:///home/via/.local/share/nvim/site/pack/packer/start/tokyonight.nvim/lua/tokyonight/colors.lua
[23:56:36.229][info] [#0:script/workspace/loading.lua:101]: Preload file at: file:///home/via/.local/share/nvim/site/pack/packer/start/tokyonight.nvim/lua/lualine/themes/tokyonight.lua , size = 1.227 KB
[23:56:36.231][info] [#0:script/workspace/loading.lua:101]: Preload file at: file:///home/via/.local/share/nvim/site/pack/packer/start/tokyonight.nvim/lua/tokyonight/treesitter.lua , size = 2.914 KB
[23:56:36.234][info] [#0:script/workspace/loading.lua:101]: Preload file at: file:///home/via/.local/share/nvim/site/pack/packer/start/tokyonight.nvim/lua/tokyonight/util.lua , size = 4.734 KB
[23:56:36.241][info] [#0:script/workspace/loading.lua:101]: Preload file at: file:///home/via/.local/share/nvim/site/pack/packer/start/tokyonight.nvim/lua/tokyonight/config.lua , size = 2.521 KB
[23:56:36.243][info] [#0:script/workspace/loading.lua:101]: Preload file at: file:///home/via/.local/share/nvim/site/pack/packer/start/tokyonight.nvim/lua/tokyonight/extra/foot.lua , size = 0.790 KB
[23:56:36.244][info] [#0:script/workspace/loading.lua:101]: Preload file at: file:///home/via/.local/share/nvim/site/pack/packer/start/tokyonight.nvim/lua/tokyonight/extra/xresources.lua , size = 0.558 KB
[23:56:36.245][info] [#0:script/workspace/loading.lua:101]: Preload file at: file:///home/via/.local/share/nvim/site/pack/packer/start/tokyonight.nvim/lua/tokyonight/extra/tmux.lua , size = 1.816 KB
[23:56:36.246][info] [#0:script/workspace/loading.lua:101]: Preload file at: file:///home/via/.local/share/nvim/site/pack/packer/start/tokyonight.nvim/lua/tokyonight/extra/lua.lua , size = 0.567 KB
[23:56:36.247][info] [#0:script/workspace/loading.lua:101]: Preload file at: file:///home/via/.local/share/nvim/site/pack/packer/start/tokyonight.nvim/lua/tokyonight/extra/kitty.lua , size = 0.958 KB
[23:56:36.248][info] [#0:script/workspace/loading.lua:101]: Preload file at: file:///home/via/.local/share/nvim/site/pack/packer/start/tokyonight.nvim/lua/tokyonight/extra/alacritty.lua , size = 1.014 KB
[23:56:36.249][info] [#0:script/workspace/loading.lua:101]: Preload file at: file:///home/via/.local/share/nvim/site/pack/packer/start/tokyonight.nvim/lua/tokyonight/extra/fish.lua , size = 1.511 KB
[23:56:36.251][info] [#0:script/workspace/loading.lua:101]: Preload file at: file:///home/via/.local/share/nvim/site/pack/packer/start/tokyonight.nvim/lua/tokyonight/extra/init.lua , size = 1.292 KB
[23:56:36.253][info] [#0:script/workspace/loading.lua:101]: Preload file at: file:///home/via/.local/share/nvim/site/pack/packer/start/tokyonight.nvim/lua/tokyonight/extra/xfceterm.lua , size = 0.492 KB
[23:56:36.254][info] [#0:script/workspace/loading.lua:101]: Preload file at: file:///home/via/.local/share/nvim/site/pack/packer/start/tokyonight.nvim/lua/tokyonight/extra/tilix.lua , size = 0.683 KB
[23:56:36.255][info] [#0:script/workspace/loading.lua:101]: Preload file at: file:///home/via/.local/share/nvim/site/pack/packer/start/tokyonight.nvim/lua/tokyonight/extra/wezterm.lua , size = 0.573 KB
[23:56:36.256][info] [#0:script/workspace/loading.lua:101]: Preload file at: file:///home/via/.local/share/nvim/site/pack/packer/start/tokyonight.nvim/lua/tokyonight/extra/iterm.lua , size = 8.410 KB
[23:56:36.260][info] [#0:script/workspace/loading.lua:101]: Preload file at: file:///home/via/.local/share/nvim/site/pack/packer/start/tokyonight.nvim/lua/tokyonight/init.lua , size = 0.665 KB
[23:56:36.261][info] [#0:script/workspace/loading.lua:101]: Preload file at: file:///home/via/.local/share/nvim/site/pack/packer/start/tokyonight.nvim/lua/tokyonight/hsluv.lua , size = 8.512 KB
[23:56:36.273][info] [#0:script/workspace/loading.lua:101]: Preload file at: file:///home/via/.local/share/nvim/site/pack/packer/start/tokyonight.nvim/colors/tokyonight-moon.lua , size = 0.035 KB
[23:56:36.274][info] [#0:script/workspace/loading.lua:101]: Preload file at: file:///home/via/.local/share/nvim/site/pack/packer/start/tokyonight.nvim/lua/tokyonight/theme.lua , size = 32.941 KB
[23:56:36.308][info] [#0:script/workspace/loading.lua:101]: Preload file at: file:///home/via/.local/share/nvim/site/pack/packer/start/tokyonight.nvim/colors/tokyonight.lua , size = 0.029 KB
[23:56:36.309][info] [#0:script/workspace/loading.lua:101]: Preload file at: file:///home/via/.local/share/nvim/site/pack/packer/start/tokyonight.nvim/colors/tokyonight-storm.lua , size = 0.036 KB
[23:56:36.332][info] [#0:script/workspace/loading.lua:101]: Preload file at: file:///home/via/.local/share/nvim/site/pack/packer/start/tokyonight.nvim/colors/tokyonight-day.lua , size = 0.034 KB
[23:56:36.348][info] [#0:script/workspace/loading.lua:101]: Preload file at: file:///home/via/.local/share/nvim/site/pack/packer/start/tokyonight.nvim/colors/tokyonight-night.lua , size = 0.036 KB
[23:56:36.381][info] [#0:script/workspace/loading.lua:173]: Loaded files takes [1.254] sec: file:///home/via/.local/share/nvim/site/pack/packer/start/tokyonight.nvim
[23:56:36.381][info] [#0:script/workspace/loading.lua:182]: Compile files takes [0.000] sec: file:///home/via/.local/share/nvim/site/pack/packer/start/tokyonight.nvim
[23:56:36.381][info] [#0:script/workspace/loading.lua:183]: Loaded finish:	file:///home/via/.local/share/nvim/site/pack/packer/start/tokyonight.nvim
[23:56:36.381][info] [#0:script/workspace/workspace.lua:379]: Preload finish at:	file:///home/via/.local/share/nvim/site/pack/packer/start/tokyonight.nvim
[23:56:36.426][info] [#0:script/provider/diagnostic.lua:557]: Diagnostics scope [file:///home/via/.local/share/nvim/site/pack/packer/start/tokyonight.nvim], files count:[107]
[23:56:36.427][warn] [#0:script/proto/proto.lua:178]: Method [textDocument/didOpen] takes [1.379]sec. {
  jsonrpc = "2.0",
  method = "textDocument/didOpen",
  params = {
    textDocument = {
      languageId = "lua",
      text = '"***"',
      uri = "file:///home/via/.local/share/nvim/site/pack/packer/start/tokyonight.nvim/lua/tokyonight/colors.lua",
      version = 0
    }
  }
}
[23:56:36.427][warn] [#0:script/proto/proto.lua:178]: Method [textDocument/documentHighlight] takes [1.378]sec. {
  id = 2,
  jsonrpc = "2.0",
  method = "textDocument/documentHighlight",
  params = {
    position = {
      character = 0,
      line = 0
    },
    textDocument = {
      uri = "file:///home/via/.local/share/nvim/site/pack/packer/start/tokyonight.nvim/lua/tokyonight/colors.lua"
    }
  }
}
[23:56:37.236][warn] [#0:script/core/diagnostics/init.lua:136]: Diagnostics [undefined-field] @ [file:///home/via/.local/share/nvim/site/pack/packer/start/tokyonight.nvim/lua/tokyonight/colors.lua] takes [0.751] sec!
[23:56:37.874][info] [#0:script/provider/diagnostic.lua:574]: Diagnostics scope [file:///home/via/.local/share/nvim/site/pack/packer/start/tokyonight.nvim] finished, takes [1.434] sec.
[23:56:40.352][info] [#0:script/provider/diagnostic.lua:557]: Diagnostics scope [file:///home/via/.local/share/nvim/site/pack/packer/start/tokyonight.nvim], files count:[107]
[23:56:40.852][info] [#0:script/provider/diagnostic.lua:574]: Diagnostics scope [file:///home/via/.local/share/nvim/site/pack/packer/start/tokyonight.nvim] finished, takes [0.497] sec.
[23:57:05.652][info] [#0:script/provider/provider.lua:169]: Server shutdown.
[23:57:05.652][warn] [#0:script/pub/report.lua:25]: Load proto error:	Disconnected!
[23:57:13.254][info] [#0:script/provider/provider.lua:169]: Server shutdown.
[23:57:13.355][info] [#0:script/provider/provider.lua:162]: Server exited.
